Log file open, 05/12/20 17:25:50
LogWindows: Failed to load 'aqProf.dll' (GetLastError=126)
LogWindows: File 'aqProf.dll' does not exist
LogWindows: Failed to load 'VtuneApi.dll' (GetLastError=126)
LogWindows: File 'VtuneApi.dll' does not exist
LogWindows: Failed to load 'VtuneApi32e.dll' (GetLastError=126)
LogWindows: File 'VtuneApi32e.dll' does not exist
LogConsoleResponse: Display: Failed to find resolution value strings in scalability ini. Falling back to default.
LogInit: Display: Running engine for game: Asteroids_2020
LogPakFile: Registered encryption key '00000000000000000000000000000000': 0 pak files mounted, 0 remain pending
LogPlatformFile: Not using cached read wrapper
LogTaskGraph: Started task graph with 5 named threads and 23 total threads with 3 sets of task threads.
LogStats: Stats thread started at 0.284755
LogD3D11RHI: Loaded GFSDK_Aftermath_Lib.x64.dll
LogICUInternationalization: ICU TimeZone Detection - Raw Offset: +0:00, Platform Override: ''
LogPluginManager: Mounting plugin Paper2D
LogPluginManager: Mounting plugin AISupport
LogPluginManager: Mounting plugin LightPropagationVolume
LogPluginManager: Mounting plugin ActorLayerUtilities
LogPluginManager: Mounting plugin CLionSourceCodeAccess
LogPluginManager: Mounting plugin CodeLiteSourceCodeAccess
LogPluginManager: Mounting plugin GitSourceControl
LogPluginManager: Mounting plugin KDevelopSourceCodeAccess
LogPluginManager: Mounting plugin NullSourceCodeAccess
LogPluginManager: Mounting plugin PerforceSourceControl
LogPluginManager: Mounting plugin SubversionSourceControl
LogPluginManager: Mounting plugin UObjectPlugin
LogPluginManager: Mounting plugin VisualStudioCodeSourceCodeAccess
LogPluginManager: Mounting plugin VisualStudioSourceCodeAccess
LogPluginManager: Mounting plugin XCodeSourceCodeAccess
LogPluginManager: Mounting plugin AssetManagerEditor
LogPluginManager: Mounting plugin CryptoKeys
LogPluginManager: Mounting plugin DataValidation
LogPluginManager: Mounting plugin FacialAnimation
LogPluginManager: Mounting plugin GameplayTagsEditor
LogPluginManager: Mounting plugin MacGraphicsSwitching
LogPluginManager: Mounting plugin MeshEditor
LogPluginManager: Mounting plugin MobileLauncherProfileWizard
LogPluginManager: Mounting plugin PluginBrowser
LogPluginManager: Mounting plugin SpeedTreeImporter
LogPluginManager: Mounting plugin DatasmithContent
LogPluginManager: Mounting plugin VariantManagerContent
LogPluginManager: Mounting plugin AlembicImporter
LogPluginManager: Mounting plugin AppleImageUtils
LogPluginManager: Mounting plugin AppleVision
LogPluginManager: Mounting plugin BackChannel
LogPluginManager: Mounting plugin CharacterAI
LogPluginManager: Mounting plugin GeometryCache
LogPluginManager: Mounting plugin HTML5Networking
LogPluginManager: Mounting plugin ProxyLODPlugin
LogPluginManager: Mounting plugin MagicLeap
LogPluginManager: Mounting plugin MagicLeapMedia
LogPluginManager: Mounting plugin AndroidMedia
LogPluginManager: Mounting plugin AvfMedia
LogPluginManager: Mounting plugin ImgMedia
LogPluginManager: Mounting plugin LinearTimecode
LogPluginManager: Mounting plugin MediaCompositing
LogPluginManager: Mounting plugin MediaPlayerEditor
LogPluginManager: Mounting plugin WebMMedia
LogPluginManager: Mounting plugin WmfMedia
LogPluginManager: Mounting plugin TcpMessaging
LogPluginManager: Mounting plugin UdpMessaging
LogPluginManager: Mounting plugin ActorSequence
LogPluginManager: Mounting plugin LevelSequenceEditor
LogPluginManager: Mounting plugin MatineeToLevelSequence
LogPluginManager: Mounting plugin NetcodeUnitTest
LogPluginManager: Mounting plugin NUTUnrealEngine4
LogPluginManager: Mounting plugin OnlineSubsystemGooglePlay
LogPluginManager: Mounting plugin OnlineSubsystemIOS
LogPluginManager: Mounting plugin OnlineSubsystem
LogPluginManager: Mounting plugin OnlineSubsystemNull
LogPluginManager: Mounting plugin OnlineSubsystemUtils
LogPluginManager: Mounting plugin LauncherChunkInstaller
LogPluginManager: Mounting plugin AndroidDeviceProfileSelector
LogPluginManager: Mounting plugin AndroidMoviePlayer
LogPluginManager: Mounting plugin AndroidPermission
LogPluginManager: Mounting plugin ApexDestruction
LogPluginManager: Mounting plugin AppleMoviePlayer
LogPluginManager: Mounting plugin ArchVisCharacter
LogPluginManager: Mounting plugin AudioCapture
LogPluginManager: Mounting plugin CableComponent
LogPluginManager: Mounting plugin CustomMeshComponent
LogPluginManager: Mounting plugin EditableMesh
LogPluginManager: Mounting plugin ExampleDeviceProfileSelector
LogPluginManager: Mounting plugin Firebase
LogPluginManager: Mounting plugin GoogleCloudMessaging
LogPluginManager: Mounting plugin IOSDeviceProfileSelector
LogPluginManager: Mounting plugin LinuxDeviceProfileSelector
LogPluginManager: Mounting plugin LocationServicesBPLibrary
LogPluginManager: Mounting plugin MobilePatchingUtils
LogPluginManager: Mounting plugin OculusVR
LogPluginManager: Mounting plugin PhysXVehicles
LogPluginManager: Mounting plugin ProceduralMeshComponent
LogPluginManager: Mounting plugin RuntimePhysXCooking
LogPluginManager: Mounting plugin SteamVR
LogPluginManager: Mounting plugin WebMMoviePlayer
LogPluginManager: Mounting plugin WindowsMoviePlayer
LogStreaming: Display: Took  0.091s to configure plugins.
LogInit: Using libcurl 7.55.1-DEV
LogInit:  - built for x86_64-pc-win32
LogInit:  - supports SSL with OpenSSL/1.0.2h
LogInit:  - supports HTTP deflate (compression) using libz 1.2.8
LogInit:  - other features:
LogInit:      CURL_VERSION_SSL
LogInit:      CURL_VERSION_LIBZ
LogInit:      CURL_VERSION_IPV6
LogInit:      CURL_VERSION_ASYNCHDNS
LogInit:      CURL_VERSION_LARGEFILE
LogInit:      CURL_VERSION_IDN
LogInit:  CurlRequestOptions (configurable via config and command line):
LogInit:  - bVerifyPeer = true  - Libcurl will verify peer certificate
LogInit:  - bUseHttpProxy = false  - Libcurl will NOT use HTTP proxy
LogInit:  - bDontReuseConnections = false  - Libcurl will reuse connections
LogInit:  - MaxHostConnections = 16  - Libcurl will limit the number of connections to a host
LogInit:  - LocalHostAddr = Default
LogInit:  - BufferSize = 65536
LogInit: WinSock: version 1.1 (2.2), MaxSocks=32767, MaxUdp=65467
LogInit: Build: ++UE4+Release-4.21-CL-4753647
LogInit: Engine Version: 4.21.2-4753647+++UE4+Release-4.21
LogInit: Compatible Engine Version: 4.21.0-4541578+++UE4+Release-4.21
LogInit: Net CL: 4541578
LogInit: OS: Windows 10 (), CPU: Intel(R) Core(TM) i7-7700 CPU @ 3.60GHz, GPU: Intel(R) HD Graphics 630
LogInit: Compiled (64-bit): Jan 19 2019 02:07:31
LogInit: Compiled with Visual C++: 19.13.26129.00
LogInit: Build Configuration: Development
LogInit: Branch Name: ++UE4+Release-4.21
LogInit: Command Line: 
LogInit: Base Directory: D:/UE_4.21/Engine/Binaries/Win64/
LogInit: Installed Engine Build: 1
LogDevObjectVersion: Number of dev versions registered: 22
LogDevObjectVersion:   Dev-Blueprints (B0D832E4-1F89-4F0D-ACCF-7EB736FD4AA2): 10
LogDevObjectVersion:   Dev-Build (E1C64328-A22C-4D53-A36C-8E866417BD8C): 0
LogDevObjectVersion:   Dev-Core (375EC13C-06E4-48FB-B500-84F0262A717E): 2
LogDevObjectVersion:   Dev-Editor (E4B068ED-F494-42E9-A231-DA0B2E46BB41): 26
LogDevObjectVersion:   Dev-Framework (CFFC743F-43B0-4480-9391-14DF171D2073): 34
LogDevObjectVersion:   Dev-Mobile (B02B49B5-BB20-44E9-A304-32B752E40360): 2
LogDevObjectVersion:   Dev-Networking (A4E4105C-59A1-49B5-A7C5-40C4547EDFEE): 0
LogDevObjectVersion:   Dev-Online (39C831C9-5AE6-47DC-9A44-9C173E1C8E7C): 0
LogDevObjectVersion:   Dev-Physics (78F01B33-EBEA-4F98-B9B4-84EACCB95AA2): 0
LogDevObjectVersion:   Dev-Platform (6631380F-2D4D-43E0-8009-CF276956A95A): 0
LogDevObjectVersion:   Dev-Rendering (12F88B9F-8875-4AFC-A67C-D90C383ABD29): 27
LogDevObjectVersion:   Dev-Sequencer (7B5AE74C-D270-4C10-A958-57980B212A5A): 9
LogDevObjectVersion:   Dev-VR (D7296918-1DD6-4BDD-9DE2-64A83CC13884): 2
LogDevObjectVersion:   Dev-LoadTimes (C2A15278-BFE7-4AFE-6C17-90FF531DF755): 1
LogDevObjectVersion:   Private-Geometry (6EACA3D4-40EC-4CC1-B786-8BED09428FC5): 3
LogDevObjectVersion:   Dev-AnimPhys (29E575DD-E0A3-4627-9D10-D276232CDCEA): 17
LogDevObjectVersion:   Dev-Anim (AF43A65D-7FD3-4947-9873-3E8ED9C1BB05): 2
LogDevObjectVersion:   Dev-ReflectionCapture (6B266CEC-1EC7-4B8F-A30B-E4D90942FC07): 1
LogDevObjectVersion:   Dev-Automation (0DF73D61-A23F-47EA-B727-89E90C41499A): 1
LogDevObjectVersion:   FortniteMain (601D1886-AC64-4F84-AA16-D3DE0DEAC7D6): 17
LogDevObjectVersion:   Dev-Enterprise (9DFFBCD6-494F-0158-E221-12823C92A888): 4
LogDevObjectVersion:   Dev-Niagara (F2AED0AC-9AFE-416F-8664-AA7FFA26D6FC): 1
LogStreaming: Display: Took  0.003s to delete old logs.
LogInit: Presizing for max 8388607 objects, including 0 objects not considered by GC, pre-allocating 0 bytes for permanent pool.
LogInit: Object subsystem initialized
LogConfig: Setting CVar [[con.DebugEarlyDefault:1]]
LogConfig: Setting CVar [[r.setres:1280x720]]
[2020.05.12-16.25.51:004][  0]LogConfig: Setting CVar [[r.VSync:0]]
[2020.05.12-16.25.51:004][  0]LogConfig: Setting CVar [[r.RHICmdBypass:0]]
[2020.05.12-16.25.51:004][  0]LogConfig: Applying CVar settings from Section [/Script/Engine.RendererSettings] File [C:/Users/danas/Documents/GitHub/Atlas-Studios/Asteroids_2020/Saved/Config/Windows/Engine.ini]
[2020.05.12-16.25.51:004][  0]LogConfig: Setting CVar [[r.GPUCrashDebugging:0]]
[2020.05.12-16.25.51:004][  0]LogConfig: Setting CVar [[r.DefaultFeature.AutoExposure:0]]
[2020.05.12-16.25.51:004][  0]LogConfig: Setting CVar [[r.DefaultFeature.AutoExposure.Method:0]]
[2020.05.12-16.25.51:004][  0]LogConfig: Applying CVar settings from Section [/Script/Engine.RendererOverrideSettings] File [C:/Users/danas/Documents/GitHub/Atlas-Studios/Asteroids_2020/Saved/Config/Windows/Engine.ini]
[2020.05.12-16.25.51:004][  0]LogConfig: Applying CVar settings from Section [/Script/Engine.StreamingSettings] File [C:/Users/danas/Documents/GitHub/Atlas-Studios/Asteroids_2020/Saved/Config/Windows/Engine.ini]
[2020.05.12-16.25.51:004][  0]LogConfig: Setting CVar [[s.MinBulkDataSizeForAsyncLoading:131072]]
[2020.05.12-16.25.51:004][  0]LogConfig: Setting CVar [[s.AsyncLoadingThreadEnabled:0]]
[2020.05.12-16.25.51:004][  0]LogConfig: Setting CVar [[s.EventDrivenLoaderEnabled:1]]
[2020.05.12-16.25.51:004][  0]LogConfig: Setting CVar [[s.WarnIfTimeLimitExceeded:0]]
[2020.05.12-16.25.51:004][  0]LogConfig: Setting CVar [[s.TimeLimitExceededMultiplier:1.5]]
[2020.05.12-16.25.51:004][  0]LogConfig: Setting CVar [[s.TimeLimitExceededMinTime:0.005]]
[2020.05.12-16.25.51:004][  0]LogConfig: Setting CVar [[s.UseBackgroundLevelStreaming:1]]
[2020.05.12-16.25.51:004][  0]LogConfig: Setting CVar [[s.PriorityAsyncLoadingExtraTime:15.0]]
[2020.05.12-16.25.51:004][  0]LogConfig: Setting CVar [[s.LevelStreamingActorsUpdateTimeLimit:5.0]]
[2020.05.12-16.25.51:004][  0]LogConfig: Setting CVar [[s.PriorityLevelStreamingActorsUpdateExtraTime:5.0]]
[2020.05.12-16.25.51:004][  0]LogConfig: Setting CVar [[s.LevelStreamingComponentsRegistrationGranularity:10]]
[2020.05.12-16.25.51:004][  0]LogConfig: Setting CVar [[s.UnregisterComponentsTimeLimit:1.0]]
[2020.05.12-16.25.51:005][  0]LogConfig: Setting CVar [[s.LevelStreamingComponentsUnregistrationGranularity:5]]
[2020.05.12-16.25.51:005][  0]LogConfig: Applying CVar settings from Section [/Script/Engine.GarbageCollectionSettings] File [C:/Users/danas/Documents/GitHub/Atlas-Studios/Asteroids_2020/Saved/Config/Windows/Engine.ini]
[2020.05.12-16.25.51:005][  0]LogConfig: Setting CVar [[gc.MaxObjectsNotConsideredByGC:1]]
[2020.05.12-16.25.51:005][  0]LogConfig: Setting CVar [[gc.SizeOfPermanentObjectPool:0]]
[2020.05.12-16.25.51:005][  0]LogConfig: Setting CVar [[gc.FlushStreamingOnGC:0]]
[2020.05.12-16.25.51:005][  0]LogConfig: Setting CVar [[gc.NumRetriesBeforeForcingGC:10]]
[2020.05.12-16.25.51:005][  0]LogConfig: Setting CVar [[gc.AllowParallelGC:1]]
[2020.05.12-16.25.51:005][  0]LogConfig: Setting CVar [[gc.TimeBetweenPurgingPendingKillObjects:61.1]]
[2020.05.12-16.25.51:005][  0]LogConfig: Setting CVar [[gc.MaxObjectsInEditor:8388607]]
[2020.05.12-16.25.51:005][  0]LogConfig: Setting CVar [[gc.IncrementalBeginDestroyEnabled:1]]
[2020.05.12-16.25.51:005][  0]LogConfig: Setting CVar [[gc.CreateGCClusters:1]]
[2020.05.12-16.25.51:005][  0]LogConfig: Setting CVar [[gc.MergeGCClusters:0]]
[2020.05.12-16.25.51:005][  0]LogConfig: Setting CVar [[gc.MinGCClusterSize:5]]
[2020.05.12-16.25.51:005][  0]LogConfig: Setting CVar [[gc.ActorClusteringEnabled:0]]
[2020.05.12-16.25.51:005][  0]LogConfig: Setting CVar [[gc.BlueprintClusteringEnabled:0]]
[2020.05.12-16.25.51:005][  0]LogConfig: Setting CVar [[gc.UseDisregardForGCOnDedicatedServers:0]]
[2020.05.12-16.25.51:005][  0]LogConfig: Applying CVar settings from Section [/Script/Engine.NetworkSettings] File [C:/Users/danas/Documents/GitHub/Atlas-Studios/Asteroids_2020/Saved/Config/Windows/Engine.ini]
[2020.05.12-16.25.51:005][  0]LogConfig: Applying CVar settings from Section [/Script/UnrealEd.CookerSettings] File [C:/Users/danas/Documents/GitHub/Atlas-Studios/Asteroids_2020/Saved/Config/Windows/Engine.ini]
[2020.05.12-16.25.51:009][  0]LogConfig: Applying CVar settings from Section [ViewDistanceQuality@3] File [C:/Users/danas/Documents/GitHub/Atlas-Studios/Asteroids_2020/Saved/Config/Windows/Scalability.ini]
[2020.05.12-16.25.51:009][  0]LogConfig: Setting CVar [[r.SkeletalMeshLODBias:0]]
[2020.05.12-16.25.51:009][  0]LogConfig: Setting CVar [[r.ViewDistanceScale:1.0]]
[2020.05.12-16.25.51:009][  0]LogConfig: Applying CVar settings from Section [AntiAliasingQuality@3] File [C:/Users/danas/Documents/GitHub/Atlas-Studios/Asteroids_2020/Saved/Config/Windows/Scalability.ini]
[2020.05.12-16.25.51:009][  0]LogConfig: Setting CVar [[r.PostProcessAAQuality:4]]
[2020.05.12-16.25.51:009][  0]LogConfig: Applying CVar settings from Section [ShadowQuality@3] File [C:/Users/danas/Documents/GitHub/Atlas-Studios/Asteroids_2020/Saved/Config/Windows/Scalability.ini]
[2020.05.12-16.25.51:009][  0]LogConfig: Setting CVar [[r.LightFunctionQuality:1]]
[2020.05.12-16.25.51:009][  0]LogConfig: Setting CVar [[r.ShadowQuality:5]]
[2020.05.12-16.25.51:009][  0]LogConfig: Setting CVar [[r.Shadow.CSM.MaxCascades:10]]
[2020.05.12-16.25.51:009][  0]LogConfig: Setting CVar [[r.Shadow.MaxResolution:2048]]
[2020.05.12-16.25.51:009][  0]LogConfig: Setting CVar [[r.Shadow.MaxCSMResolution:2048]]
[2020.05.12-16.25.51:009][  0]LogConfig: Setting CVar [[r.Shadow.RadiusThreshold:0.01]]
[2020.05.12-16.25.51:009][  0]LogConfig: Setting CVar [[r.Shadow.DistanceScale:1.0]]
[2020.05.12-16.25.51:009][  0]LogConfig: Setting CVar [[r.Shadow.CSM.TransitionScale:1.0]]
[2020.05.12-16.25.51:009][  0]LogConfig: Setting CVar [[r.Shadow.PreShadowResolutionFactor:1.0]]
[2020.05.12-16.25.51:009][  0]LogConfig: Setting CVar [[r.DistanceFieldShadowing:1]]
[2020.05.12-16.25.51:009][  0]LogConfig: Setting CVar [[r.DistanceFieldAO:1]]
[2020.05.12-16.25.51:009][  0]LogConfig: Setting CVar [[r.AOQuality:2]]
[2020.05.12-16.25.51:009][  0]LogConfig: Setting CVar [[r.VolumetricFog:1]]
[2020.05.12-16.25.51:009][  0]LogConfig: Setting CVar [[r.VolumetricFog.GridPixelSize:8]]
[2020.05.12-16.25.51:009][  0]LogConfig: Setting CVar [[r.VolumetricFog.GridSizeZ:128]]
[2020.05.12-16.25.51:009][  0]LogConfig: Setting CVar [[r.VolumetricFog.HistoryMissSupersampleCount:4]]
[2020.05.12-16.25.51:009][  0]LogConfig: Setting CVar [[r.LightMaxDrawDistanceScale:1]]
[2020.05.12-16.25.51:009][  0]LogConfig: Setting CVar [[r.CapsuleShadows:1]]
[2020.05.12-16.25.51:009][  0]LogConfig: Applying CVar settings from Section [PostProcessQuality@3] File [C:/Users/danas/Documents/GitHub/Atlas-Studios/Asteroids_2020/Saved/Config/Windows/Scalability.ini]
[2020.05.12-16.25.51:009][  0]LogConfig: Setting CVar [[r.MotionBlurQuality:4]]
[2020.05.12-16.25.51:009][  0]LogConfig: Setting CVar [[r.AmbientOcclusionMipLevelFactor:0.4]]
[2020.05.12-16.25.51:009][  0]LogConfig: Setting CVar [[r.AmbientOcclusionMaxQuality:100]]
[2020.05.12-16.25.51:009][  0]LogConfig: Setting CVar [[r.AmbientOcclusionLevels:-1]]
[2020.05.12-16.25.51:009][  0]LogConfig: Setting CVar [[r.AmbientOcclusionRadiusScale:1.0]]
[2020.05.12-16.25.51:009][  0]LogConfig: Setting CVar [[r.DepthOfFieldQuality:2]]
[2020.05.12-16.25.51:009][  0]LogConfig: Setting CVar [[r.RenderTargetPoolMin:400]]
[2020.05.12-16.25.51:009][  0]LogConfig: Setting CVar [[r.LensFlareQuality:2]]
[2020.05.12-16.25.51:009][  0]LogConfig: Setting CVar [[r.SceneColorFringeQuality:1]]
[2020.05.12-16.25.51:009][  0]LogConfig: Setting CVar [[r.EyeAdaptationQuality:2]]
[2020.05.12-16.25.51:009][  0]LogConfig: Setting CVar [[r.BloomQuality:5]]
[2020.05.12-16.25.51:009][  0]LogConfig: Setting CVar [[r.FastBlurThreshold:100]]
[2020.05.12-16.25.51:009][  0]LogConfig: Setting CVar [[r.Upscale.Quality:3]]
[2020.05.12-16.25.51:009][  0]LogConfig: Setting CVar [[r.Tonemapper.GrainQuantization:1]]
[2020.05.12-16.25.51:009][  0]LogConfig: Setting CVar [[r.LightShaftQuality:1]]
[2020.05.12-16.25.51:009][  0]LogConfig: Setting CVar [[r.Filter.SizeScale:1]]
[2020.05.12-16.25.51:009][  0]LogConfig: Setting CVar [[r.Tonemapper.Quality:5]]
[2020.05.12-16.25.51:009][  0]LogConfig: Setting CVar [[r.DOF.Gather.AccumulatorQuality:1        ; higher gathering accumulator quality]]
[2020.05.12-16.25.51:009][  0]LogConfig: Setting CVar [[r.DOF.Gather.PostfilterMethod:1          ; Median3x3 postfilering method]]
[2020.05.12-16.25.51:009][  0]LogConfig: Setting CVar [[r.DOF.Gather.EnableBokehSettings:0       ; no bokeh simulation when gathering]]
[2020.05.12-16.25.51:009][  0]LogConfig: Setting CVar [[r.DOF.Gather.RingCount:4                 ; medium number of samples when gathering]]
[2020.05.12-16.25.51:009][  0]LogConfig: Setting CVar [[r.DOF.Scatter.ForegroundCompositing:1    ; additive foreground scattering]]
[2020.05.12-16.25.51:009][  0]LogConfig: Setting CVar [[r.DOF.Scatter.BackgroundCompositing:2    ; additive background scattering]]
[2020.05.12-16.25.51:009][  0]LogConfig: Setting CVar [[r.DOF.Scatter.EnableBokehSettings:1      ; bokeh simulation when scattering]]
[2020.05.12-16.25.51:009][  0]LogConfig: Setting CVar [[r.DOF.Scatter.MaxSpriteRatio:0.1         ; only a maximum of 10% of scattered bokeh]]
[2020.05.12-16.25.51:009][  0]LogConfig: Setting CVar [[r.DOF.Recombine.Quality:1                ; cheap slight out of focus]]
[2020.05.12-16.25.51:009][  0]LogConfig: Setting CVar [[r.DOF.Recombine.EnableBokehSettings:0    ; no bokeh simulation on slight out of focus]]
[2020.05.12-16.25.51:009][  0]LogConfig: Setting CVar [[r.DOF.TemporalAAQuality:1                ; more stable temporal accumulation]]
[2020.05.12-16.25.51:009][  0]LogConfig: Setting CVar [[r.DOF.Kernel.MaxForegroundRadius:0.025]]
[2020.05.12-16.25.51:009][  0]LogConfig: Setting CVar [[r.DOF.Kernel.MaxBackgroundRadius:0.025]]
[2020.05.12-16.25.51:009][  0]LogConfig: Applying CVar settings from Section [TextureQuality@3] File [C:/Users/danas/Documents/GitHub/Atlas-Studios/Asteroids_2020/Saved/Config/Windows/Scalability.ini]
[2020.05.12-16.25.51:009][  0]LogConfig: Setting CVar [[r.Streaming.MipBias:0]]
[2020.05.12-16.25.51:009][  0]LogConfig: Setting CVar [[r.Streaming.AmortizeCPUToGPUCopy:0]]
[2020.05.12-16.25.51:009][  0]LogConfig: Setting CVar [[r.Streaming.MaxNumTexturesToStreamPerFrame:0]]
[2020.05.12-16.25.51:009][  0]LogConfig: Setting CVar [[r.Streaming.Boost:1]]
[2020.05.12-16.25.51:009][  0]LogConfig: Setting CVar [[r.MaxAnisotropy:8]]
[2020.05.12-16.25.51:009][  0]LogConfig: Setting CVar [[r.Streaming.LimitPoolSizeToVRAM:0]]
[2020.05.12-16.25.51:009][  0]LogConfig: Setting CVar [[r.Streaming.PoolSize:1000]]
[2020.05.12-16.25.51:009][  0]LogConfig: Setting CVar [[r.Streaming.MaxEffectiveScreenSize:0]]
[2020.05.12-16.25.51:009][  0]LogConfig: Applying CVar settings from Section [EffectsQuality@3] File [C:/Users/danas/Documents/GitHub/Atlas-Studios/Asteroids_2020/Saved/Config/Windows/Scalability.ini]
[2020.05.12-16.25.51:009][  0]LogConfig: Setting CVar [[r.TranslucencyLightingVolumeDim:64]]
[2020.05.12-16.25.51:010][  0]LogConfig: Setting CVar [[r.RefractionQuality:2]]
[2020.05.12-16.25.51:010][  0]LogConfig: Setting CVar [[r.SSR.Quality:3]]
[2020.05.12-16.25.51:010][  0]LogConfig: Setting CVar [[r.SceneColorFormat:4]]
[2020.05.12-16.25.51:010][  0]LogConfig: Setting CVar [[r.DetailMode:2]]
[2020.05.12-16.25.51:010][  0]LogConfig: Setting CVar [[r.TranslucencyVolumeBlur:1]]
[2020.05.12-16.25.51:010][  0]LogConfig: Setting CVar [[r.MaterialQualityLevel:1 ; High quality]]
[2020.05.12-16.25.51:010][  0]LogConfig: Setting CVar [[r.SSS.Scale:1]]
[2020.05.12-16.25.51:010][  0]LogConfig: Setting CVar [[r.SSS.SampleSet:2]]
[2020.05.12-16.25.51:010][  0]LogConfig: Setting CVar [[r.SSS.Quality:1]]
[2020.05.12-16.25.51:010][  0]LogConfig: Setting CVar [[r.SSS.HalfRes:1]]
[2020.05.12-16.25.51:010][  0]LogConfig: Setting CVar [[r.EmitterSpawnRateScale:1.0]]
[2020.05.12-16.25.51:010][  0]LogConfig: Setting CVar [[r.ParticleLightQuality:2]]
[2020.05.12-16.25.51:010][  0]LogConfig: Applying CVar settings from Section [FoliageQuality@3] File [C:/Users/danas/Documents/GitHub/Atlas-Studios/Asteroids_2020/Saved/Config/Windows/Scalability.ini]
[2020.05.12-16.25.51:010][  0]LogConfig: Setting CVar [[foliage.DensityScale:1.0]]
[2020.05.12-16.25.51:010][  0]LogConfig: Setting CVar [[grass.DensityScale:1.0]]
[2020.05.12-16.25.51:010][  0]LogInit: Selected Device Profile: [Windows]
[2020.05.12-16.25.51:010][  0]LogInit: Applying CVar settings loaded from the selected device profile: [Windows]
[2020.05.12-16.25.51:022][  0]LogHAL: Display: Platform has ~ 16 GB [17043906560 / 17179869184 / 16], which maps to Larger [LargestMinGB=32, LargerMinGB=12, DefaultMinGB=8, SmallerMinGB=6, SmallestMinGB=0)
[2020.05.12-16.25.51:022][  0]LogConfig: Setting CVar [[r.Vulkan.UseRealUBs:1]]
[2020.05.12-16.25.51:022][  0]LogInit: Going up to parent DeviceProfile []
[2020.05.12-16.25.51:023][  0]LogConfig: Applying CVar settings from Section [ViewDistanceQuality@3] File [C:/Users/danas/Documents/GitHub/Atlas-Studios/Asteroids_2020/Saved/Config/Windows/Scalability.ini]
[2020.05.12-16.25.51:023][  0]LogConfig: Setting CVar [[r.SkeletalMeshLODBias:0]]
[2020.05.12-16.25.51:023][  0]LogConfig: Setting CVar [[r.ViewDistanceScale:1.0]]
[2020.05.12-16.25.51:023][  0]LogConfig: Applying CVar settings from Section [AntiAliasingQuality@3] File [C:/Users/danas/Documents/GitHub/Atlas-Studios/Asteroids_2020/Saved/Config/Windows/Scalability.ini]
[2020.05.12-16.25.51:023][  0]LogConfig: Setting CVar [[r.PostProcessAAQuality:4]]
[2020.05.12-16.25.51:023][  0]LogConfig: Applying CVar settings from Section [ShadowQuality@3] File [C:/Users/danas/Documents/GitHub/Atlas-Studios/Asteroids_2020/Saved/Config/Windows/Scalability.ini]
[2020.05.12-16.25.51:023][  0]LogConfig: Setting CVar [[r.LightFunctionQuality:1]]
[2020.05.12-16.25.51:023][  0]LogConfig: Setting CVar [[r.ShadowQuality:5]]
[2020.05.12-16.25.51:023][  0]LogConfig: Setting CVar [[r.Shadow.CSM.MaxCascades:10]]
[2020.05.12-16.25.51:023][  0]LogConfig: Setting CVar [[r.Shadow.MaxResolution:2048]]
[2020.05.12-16.25.51:023][  0]LogConfig: Setting CVar [[r.Shadow.MaxCSMResolution:2048]]
[2020.05.12-16.25.51:023][  0]LogConfig: Setting CVar [[r.Shadow.RadiusThreshold:0.01]]
[2020.05.12-16.25.51:023][  0]LogConfig: Setting CVar [[r.Shadow.DistanceScale:1.0]]
[2020.05.12-16.25.51:023][  0]LogConfig: Setting CVar [[r.Shadow.CSM.TransitionScale:1.0]]
[2020.05.12-16.25.51:023][  0]LogConfig: Setting CVar [[r.Shadow.PreShadowResolutionFactor:1.0]]
[2020.05.12-16.25.51:023][  0]LogConfig: Setting CVar [[r.DistanceFieldShadowing:1]]
[2020.05.12-16.25.51:023][  0]LogConfig: Setting CVar [[r.DistanceFieldAO:1]]
[2020.05.12-16.25.51:023][  0]LogConfig: Setting CVar [[r.AOQuality:2]]
[2020.05.12-16.25.51:023][  0]LogConfig: Setting CVar [[r.VolumetricFog:1]]
[2020.05.12-16.25.51:023][  0]LogConfig: Setting CVar [[r.VolumetricFog.GridPixelSize:8]]
[2020.05.12-16.25.51:023][  0]LogConfig: Setting CVar [[r.VolumetricFog.GridSizeZ:128]]
[2020.05.12-16.25.51:023][  0]LogConfig: Setting CVar [[r.VolumetricFog.HistoryMissSupersampleCount:4]]
[2020.05.12-16.25.51:023][  0]LogConfig: Setting CVar [[r.LightMaxDrawDistanceScale:1]]
[2020.05.12-16.25.51:023][  0]LogConfig: Setting CVar [[r.CapsuleShadows:1]]
[2020.05.12-16.25.51:023][  0]LogConfig: Applying CVar settings from Section [PostProcessQuality@3] File [C:/Users/danas/Documents/GitHub/Atlas-Studios/Asteroids_2020/Saved/Config/Windows/Scalability.ini]
[2020.05.12-16.25.51:023][  0]LogConfig: Setting CVar [[r.MotionBlurQuality:4]]
[2020.05.12-16.25.51:023][  0]LogConfig: Setting CVar [[r.AmbientOcclusionMipLevelFactor:0.4]]
[2020.05.12-16.25.51:023][  0]LogConfig: Setting CVar [[r.AmbientOcclusionMaxQuality:100]]
[2020.05.12-16.25.51:023][  0]LogConfig: Setting CVar [[r.AmbientOcclusionLevels:-1]]
[2020.05.12-16.25.51:023][  0]LogConfig: Setting CVar [[r.AmbientOcclusionRadiusScale:1.0]]
[2020.05.12-16.25.51:023][  0]LogConfig: Setting CVar [[r.DepthOfFieldQuality:2]]
[2020.05.12-16.25.51:023][  0]LogConfig: Setting CVar [[r.RenderTargetPoolMin:400]]
[2020.05.12-16.25.51:023][  0]LogConfig: Setting CVar [[r.LensFlareQuality:2]]
[2020.05.12-16.25.51:023][  0]LogConfig: Setting CVar [[r.SceneColorFringeQuality:1]]
[2020.05.12-16.25.51:023][  0]LogConfig: Setting CVar [[r.EyeAdaptationQuality:2]]
[2020.05.12-16.25.51:023][  0]LogConfig: Setting CVar [[r.BloomQuality:5]]
[2020.05.12-16.25.51:023][  0]LogConfig: Setting CVar [[r.FastBlurThreshold:100]]
[2020.05.12-16.25.51:023][  0]LogConfig: Setting CVar [[r.Upscale.Quality:3]]
[2020.05.12-16.25.51:023][  0]LogConfig: Setting CVar [[r.Tonemapper.GrainQuantization:1]]
[2020.05.12-16.25.51:023][  0]LogConfig: Setting CVar [[r.LightShaftQuality:1]]
[2020.05.12-16.25.51:023][  0]LogConfig: Setting CVar [[r.Filter.SizeScale:1]]
[2020.05.12-16.25.51:023][  0]LogConfig: Setting CVar [[r.Tonemapper.Quality:5]]
[2020.05.12-16.25.51:023][  0]LogConfig: Setting CVar [[r.DOF.Gather.AccumulatorQuality:1        ; higher gathering accumulator quality]]
[2020.05.12-16.25.51:023][  0]LogConfig: Setting CVar [[r.DOF.Gather.PostfilterMethod:1          ; Median3x3 postfilering method]]
[2020.05.12-16.25.51:023][  0]LogConfig: Setting CVar [[r.DOF.Gather.EnableBokehSettings:0       ; no bokeh simulation when gathering]]
[2020.05.12-16.25.51:023][  0]LogConfig: Setting CVar [[r.DOF.Gather.RingCount:4                 ; medium number of samples when gathering]]
[2020.05.12-16.25.51:023][  0]LogConfig: Setting CVar [[r.DOF.Scatter.ForegroundCompositing:1    ; additive foreground scattering]]
[2020.05.12-16.25.51:023][  0]LogConfig: Setting CVar [[r.DOF.Scatter.BackgroundCompositing:2    ; additive background scattering]]
[2020.05.12-16.25.51:023][  0]LogConfig: Setting CVar [[r.DOF.Scatter.EnableBokehSettings:1      ; bokeh simulation when scattering]]
[2020.05.12-16.25.51:023][  0]LogConfig: Setting CVar [[r.DOF.Scatter.MaxSpriteRatio:0.1         ; only a maximum of 10% of scattered bokeh]]
[2020.05.12-16.25.51:023][  0]LogConfig: Setting CVar [[r.DOF.Recombine.Quality:1                ; cheap slight out of focus]]
[2020.05.12-16.25.51:023][  0]LogConfig: Setting CVar [[r.DOF.Recombine.EnableBokehSettings:0    ; no bokeh simulation on slight out of focus]]
[2020.05.12-16.25.51:023][  0]LogConfig: Setting CVar [[r.DOF.TemporalAAQuality:1                ; more stable temporal accumulation]]
[2020.05.12-16.25.51:023][  0]LogConfig: Setting CVar [[r.DOF.Kernel.MaxForegroundRadius:0.025]]
[2020.05.12-16.25.51:023][  0]LogConfig: Setting CVar [[r.DOF.Kernel.MaxBackgroundRadius:0.025]]
[2020.05.12-16.25.51:023][  0]LogConfig: Applying CVar settings from Section [TextureQuality@3] File [C:/Users/danas/Documents/GitHub/Atlas-Studios/Asteroids_2020/Saved/Config/Windows/Scalability.ini]
[2020.05.12-16.25.51:023][  0]LogConfig: Setting CVar [[r.Streaming.MipBias:0]]
[2020.05.12-16.25.51:023][  0]LogConfig: Setting CVar [[r.Streaming.AmortizeCPUToGPUCopy:0]]
[2020.05.12-16.25.51:023][  0]LogConfig: Setting CVar [[r.Streaming.MaxNumTexturesToStreamPerFrame:0]]
[2020.05.12-16.25.51:023][  0]LogConfig: Setting CVar [[r.Streaming.Boost:1]]
[2020.05.12-16.25.51:023][  0]LogConfig: Setting CVar [[r.MaxAnisotropy:8]]
[2020.05.12-16.25.51:023][  0]LogConfig: Setting CVar [[r.Streaming.LimitPoolSizeToVRAM:0]]
[2020.05.12-16.25.51:023][  0]LogConfig: Setting CVar [[r.Streaming.PoolSize:1000]]
[2020.05.12-16.25.51:023][  0]LogConfig: Setting CVar [[r.Streaming.MaxEffectiveScreenSize:0]]
[2020.05.12-16.25.51:023][  0]LogConfig: Applying CVar settings from Section [EffectsQuality@3] File [C:/Users/danas/Documents/GitHub/Atlas-Studios/Asteroids_2020/Saved/Config/Windows/Scalability.ini]
[2020.05.12-16.25.51:023][  0]LogConfig: Setting CVar [[r.TranslucencyLightingVolumeDim:64]]
[2020.05.12-16.25.51:023][  0]LogConfig: Setting CVar [[r.RefractionQuality:2]]
[2020.05.12-16.25.51:023][  0]LogConfig: Setting CVar [[r.SSR.Quality:3]]
[2020.05.12-16.25.51:023][  0]LogConfig: Setting CVar [[r.SceneColorFormat:4]]
[2020.05.12-16.25.51:023][  0]LogConfig: Setting CVar [[r.DetailMode:2]]
[2020.05.12-16.25.51:023][  0]LogConfig: Setting CVar [[r.TranslucencyVolumeBlur:1]]
[2020.05.12-16.25.51:023][  0]LogConfig: Setting CVar [[r.MaterialQualityLevel:1 ; High quality]]
[2020.05.12-16.25.51:023][  0]LogConfig: Setting CVar [[r.SSS.Scale:1]]
[2020.05.12-16.25.51:024][  0]LogConfig: Setting CVar [[r.SSS.SampleSet:2]]
[2020.05.12-16.25.51:024][  0]LogConfig: Setting CVar [[r.SSS.Quality:1]]
[2020.05.12-16.25.51:024][  0]LogConfig: Setting CVar [[r.SSS.HalfRes:1]]
[2020.05.12-16.25.51:024][  0]LogConfig: Setting CVar [[r.EmitterSpawnRateScale:1.0]]
[2020.05.12-16.25.51:024][  0]LogConfig: Setting CVar [[r.ParticleLightQuality:2]]
[2020.05.12-16.25.51:024][  0]LogConfig: Applying CVar settings from Section [FoliageQuality@3] File [C:/Users/danas/Documents/GitHub/Atlas-Studios/Asteroids_2020/Saved/Config/Windows/Scalability.ini]
[2020.05.12-16.25.51:024][  0]LogConfig: Setting CVar [[foliage.DensityScale:1.0]]
[2020.05.12-16.25.51:024][  0]LogConfig: Setting CVar [[grass.DensityScale:1.0]]
[2020.05.12-16.25.51:024][  0]LogConfig: Applying CVar settings from Section [Startup] File [../../../Engine/Config/ConsoleVariables.ini]
[2020.05.12-16.25.51:024][  0]LogConfig: Setting CVar [[net.UseAdaptiveNetUpdateFrequency:0]]
[2020.05.12-16.25.51:024][  0]LogConfig: Applying CVar settings from Section [ConsoleVariables] File [C:/Users/danas/Documents/GitHub/Atlas-Studios/Asteroids_2020/Saved/Config/Windows/Engine.ini]
[2020.05.12-16.25.51:024][  0]LogInit: Computer: DESKTOP-EPTK1OS
[2020.05.12-16.25.51:024][  0]LogInit: User: danas
[2020.05.12-16.25.51:024][  0]LogInit: CPU Page size=4096, Cores=4
[2020.05.12-16.25.51:024][  0]LogInit: High frequency timer resolution =10.000000 MHz
[2020.05.12-16.25.51:024][  0]LogMemory: Memory total: Physical=15.9GB (16GB approx)
[2020.05.12-16.25.51:024][  0]LogMemory: Platform Memory Stats for Windows
[2020.05.12-16.25.51:024][  0]LogMemory: Process Physical Memory: 104.90 MB used, 104.91 MB peak
[2020.05.12-16.25.51:024][  0]LogMemory: Process Virtual Memory: 102.03 MB used, 102.03 MB peak
[2020.05.12-16.25.51:024][  0]LogMemory: Physical Memory: 8918.14 MB used,  7336.20 MB free, 16254.34 MB total
[2020.05.12-16.25.51:024][  0]LogMemory: Virtual Memory: 4646.33 MB used,  134213080.00 MB free, 134217728.00 MB total
[2020.05.12-16.25.51:037][  0]LogInit: Using OS detected language (en-GB).
[2020.05.12-16.25.51:037][  0]LogInit: Using OS detected locale (en-GB).
[2020.05.12-16.25.51:037][  0]LogTextLocalizationManager: No specific localization for 'en-GB' exists, so the 'en' localization will be used.
[2020.05.12-16.25.51:414][  0]LogStreaming: Display: Took  0.377s to InitEngineTextLocalization.
[2020.05.12-16.25.51:414][  0]LogInit: Setting process to per monitor DPI aware
[2020.05.12-16.25.51:445][  0]LogSlate: New Slate User Created.  User Index 0, Is Virtual User: 0
[2020.05.12-16.25.51:445][  0]LogSlate: Slate User Registered.  User Index 0, Is Virtual User: 0
[2020.05.12-16.25.51:640][  0]LogHMD: Failed to initialize OpenVR with code 110
[2020.05.12-16.25.51:640][  0]LogD3D11RHI: D3D11 adapters:
[2020.05.12-16.25.51:710][  0]LogD3D11RHI:    0. 'NVIDIA GeForce GTX 1080' (Feature Level 11_0)
[2020.05.12-16.25.51:710][  0]LogD3D11RHI:       8079/0/8127 MB DedicatedVideo/DedicatedSystem/SharedSystem, Outputs:1, VendorId:0x10de
[2020.05.12-16.25.51:735][  0]LogD3D11RHI:    1. 'Intel(R) HD Graphics 630' (Feature Level 11_0)
[2020.05.12-16.25.51:735][  0]LogD3D11RHI:       128/0/8127 MB DedicatedVideo/DedicatedSystem/SharedSystem, Outputs:1, VendorId:0x8086
[2020.05.12-16.25.51:737][  0]LogD3D11RHI:    2. 'Microsoft Basic Render Driver' (Feature Level 11_0)
[2020.05.12-16.25.51:737][  0]LogD3D11RHI:       0/0/8127 MB DedicatedVideo/DedicatedSystem/SharedSystem, Outputs:0, VendorId:0x1414
[2020.05.12-16.25.51:737][  0]LogD3D11RHI: Chosen D3D11 Adapter: 0
[2020.05.12-16.25.51:746][  0]LogD3D11RHI: Creating new Direct3DDevice
[2020.05.12-16.25.51:746][  0]LogD3D11RHI:     GPU DeviceId: 0x1b80 (for the marketing name, search the web for "GPU Device Id")
[2020.05.12-16.25.51:746][  0]LogWindows: EnumDisplayDevices:
[2020.05.12-16.25.51:746][  0]LogWindows:    0. 'Intel(R) HD Graphics 630' (P:0 D:1)
[2020.05.12-16.25.51:746][  0]LogWindows:    1. 'Intel(R) HD Graphics 630' (P:0 D:0)
[2020.05.12-16.25.51:747][  0]LogWindows:    2. 'Intel(R) HD Graphics 630' (P:0 D:0)
[2020.05.12-16.25.51:747][  0]LogWindows:    3. 'NVIDIA GeForce GTX 1080' (P:1 D:1)
[2020.05.12-16.25.51:748][  0]LogWindows:    4. 'NVIDIA GeForce GTX 1080' (P:0 D:0)
[2020.05.12-16.25.51:748][  0]LogWindows:    5. 'NVIDIA GeForce GTX 1080' (P:0 D:0)
[2020.05.12-16.25.51:748][  0]LogWindows:    6. 'NVIDIA GeForce GTX 1080' (P:0 D:0)
[2020.05.12-16.25.51:749][  0]LogWindows: DebugString: PrimaryIsNotTheChoosenAdapter PrimaryIsNotTheChoosenAdapter PrimaryIsNotTheChoosenAdapter FoundDriverCount:4 
[2020.05.12-16.25.51:749][  0]LogD3D11RHI:     Adapter Name: NVIDIA GeForce GTX 1080
[2020.05.12-16.25.51:749][  0]LogD3D11RHI:   Driver Version: 445.87 (internal:26.21.14.4587, unified:445.87)
[2020.05.12-16.25.51:749][  0]LogD3D11RHI:      Driver Date: 4-3-2020
[2020.05.12-16.25.51:749][  0]LogRHI: Texture pool is 5655 MB (70% of 8079 MB)
[2020.05.12-16.25.51:803][  0]LogD3D11RHI: Async texture creation enabled
[2020.05.12-16.25.51:828][  0]LogD3D11RHI: GPU Timing Frequency: 1000.000000 (Debug: 2 1)
[2020.05.12-16.25.52:120][  0]LogTemp: Display: Loaded TP AllDesktopTargetPlatform
[2020.05.12-16.25.52:132][  0]LogTemp: Display: Loaded TP MacClientTargetPlatform
[2020.05.12-16.25.52:144][  0]LogTemp: Display: Loaded TP MacNoEditorTargetPlatform
[2020.05.12-16.25.52:157][  0]LogTemp: Display: Loaded TP MacServerTargetPlatform
[2020.05.12-16.25.52:172][  0]LogTemp: Display: Loaded TP MacTargetPlatform
[2020.05.12-16.25.52:185][  0]LogTemp: Display: Loaded TP WindowsClientTargetPlatform
[2020.05.12-16.25.52:201][  0]LogTemp: Display: Loaded TP WindowsNoEditorTargetPlatform
[2020.05.12-16.25.52:215][  0]LogTemp: Display: Loaded TP WindowsServerTargetPlatform
[2020.05.12-16.25.52:221][  0]LogTemp: Display: Loaded TP WindowsTargetPlatform
[2020.05.12-16.25.52:307][  0]LogTemp: Display: Loaded TP AndroidTargetPlatform
[2020.05.12-16.25.52:307][  0]LogTemp: Display: Loaded TP AndroidTargetPlatform
[2020.05.12-16.25.52:307][  0]LogTemp: Display: Loaded TP AndroidTargetPlatform
[2020.05.12-16.25.52:307][  0]LogTemp: Display: Loaded TP AndroidTargetPlatform
[2020.05.12-16.25.52:307][  0]LogTemp: Display: Loaded TP AndroidTargetPlatform
[2020.05.12-16.25.52:307][  0]LogTemp: Display: Loaded TP AndroidTargetPlatform
[2020.05.12-16.25.52:307][  0]LogTemp: Display: Loaded TP AndroidTargetPlatform
[2020.05.12-16.25.52:307][  0]LogTemp: Display: Loaded TP AndroidTargetPlatform
[2020.05.12-16.25.52:307][  0]LogTemp: Display: Loaded TP AndroidTargetPlatform
[2020.05.12-16.25.52:307][  0]LogTemp: Display: Loaded TP AndroidTargetPlatform
[2020.05.12-16.25.52:307][  0]LogTemp: Display: Loaded TP AndroidTargetPlatform
[2020.05.12-16.25.52:307][  0]LogTemp: Display: Loaded TP AndroidTargetPlatform
[2020.05.12-16.25.52:307][  0]LogTemp: Display: Loaded TP AndroidTargetPlatform
[2020.05.12-16.25.52:307][  0]LogTemp: Display: Loaded TP AndroidTargetPlatform
[2020.05.12-16.25.52:307][  0]LogTemp: Display: Loaded TP AndroidTargetPlatform
[2020.05.12-16.25.52:307][  0]LogTemp: Display: Loaded TP AndroidTargetPlatform
[2020.05.12-16.25.52:307][  0]LogTemp: Display: Loaded TP AndroidTargetPlatform
[2020.05.12-16.25.52:307][  0]LogTemp: Display: Loaded TP AndroidTargetPlatform
[2020.05.12-16.25.52:308][  0]LogTemp: Display: Loaded TP HTML5TargetPlatform
[2020.05.12-16.25.52:366][  0]LogTemp: Display: Loaded TP IOSTargetPlatform
[2020.05.12-16.25.52:366][  0]LogTemp: Display: Loaded TP IOSTargetPlatform
[2020.05.12-16.25.52:390][  0]LogTemp: Display: Loaded TP TVOSTargetPlatform
[2020.05.12-16.25.52:390][  0]LogTemp: Display: Loaded TP TVOSTargetPlatform
[2020.05.12-16.25.52:404][  0]LogTemp: Display: Loaded TP LinuxClientTargetPlatform
[2020.05.12-16.25.52:417][  0]LogTemp: Display: Loaded TP LinuxNoEditorTargetPlatform
[2020.05.12-16.25.52:429][  0]LogTemp: Display: Loaded TP LinuxServerTargetPlatform
[2020.05.12-16.25.52:442][  0]LogTemp: Display: Loaded TP LinuxTargetPlatform
[2020.05.12-16.25.52:488][  0]LogTemp: Display: Loaded TP LuminTargetPlatform
[2020.05.12-16.25.52:488][  0]LogTemp: Display: Loaded TP LuminTargetPlatform
[2020.05.12-16.25.52:488][  0]LogTargetPlatformManager: Display: Building Assets For Windows
[2020.05.12-16.25.52:529][  0]LogShaderCompilers: Guid format shader working directory is -15 characters bigger than the processId version (C:/Users/danas/Documents/GitHub/Atlas-Studios/Asteroids_2020/Intermediate/Shaders/WorkingDirectory/15408/).
[2020.05.12-16.25.52:529][  0]LogShaderCompilers: Cleaned the shader compiler working directory 'C:/Users/danas/AppData/Local/Temp/UnrealShaderWorkingDir/C7EBC21B489206BA9E645CAD91590E85/'.
[2020.05.12-16.25.52:530][  0]LogXGEController: Cannot use XGE Controller as Incredibuild is not installed on this machine.
[2020.05.12-16.25.52:531][  0]LogShaderCompilers: Cannot use XGE Shader Compiler as Incredibuild is not installed on this machine.
[2020.05.12-16.25.52:531][  0]LogShaderCompilers: Display: Using Local Shader Compiler.
[2020.05.12-16.25.53:073][  0]LogDerivedDataCache: Display: Max Cache Size: 512 MB
[2020.05.12-16.25.53:122][  0]LogDerivedDataCache: Loaded boot cache 0.05s 71MB C:/Users/danas/AppData/Local/UnrealEngine/4.21/DerivedDataCache/Boot.ddc.
[2020.05.12-16.25.53:122][  0]LogDerivedDataCache: Display: Loaded Boot cache: C:/Users/danas/AppData/Local/UnrealEngine/4.21/DerivedDataCache/Boot.ddc
[2020.05.12-16.25.53:122][  0]LogDerivedDataCache: FDerivedDataBackendGraph:  Pak pak cache file C:/Users/danas/Documents/GitHub/Atlas-Studios/Asteroids_2020/DerivedDataCache/DDC.ddp not found, will not use a pak cache.
[2020.05.12-16.25.53:122][  0]LogDerivedDataCache: Unable to find inner node Pak for hierarchical cache Hierarchy.
[2020.05.12-16.25.53:122][  0]LogDerivedDataCache: FDerivedDataBackendGraph:  CompressedPak pak cache file C:/Users/danas/Documents/GitHub/Atlas-Studios/Asteroids_2020/DerivedDataCache/Compressed.ddp not found, will not use a pak cache.
[2020.05.12-16.25.53:122][  0]LogDerivedDataCache: Unable to find inner node CompressedPak for hierarchical cache Hierarchy.
[2020.05.12-16.25.53:138][  0]LogDerivedDataCache: Display: Pak cache opened for reading ../../../Engine/DerivedDataCache/Compressed.ddp.
[2020.05.12-16.25.53:138][  0]LogDerivedDataCache: FDerivedDataBackendGraph:  EnterprisePak pak cache file ../../../Enterprise/DerivedDataCache/Compressed.ddp not found, will not use a pak cache.
[2020.05.12-16.25.53:138][  0]LogDerivedDataCache: Unable to find inner node EnterprisePak for hierarchical cache Hierarchy.
[2020.05.12-16.25.53:150][  0]LogDerivedDataCache: Using Local data cache path C:/Users/danas/AppData/Local/UnrealEngine/Common/DerivedDataCache: Writable
[2020.05.12-16.25.53:150][  0]LogDerivedDataCache: Shared data cache path not found in *engine.ini, will not use an Shared cache.
[2020.05.12-16.25.53:150][  0]LogDerivedDataCache: Unable to find inner node Shared for hierarchical cache Hierarchy.
[2020.05.12-16.25.53:173][  0]LogMaterial: Verifying Global Shaders for PCD3D_SM5
[2020.05.12-16.25.53:175][  0]LogSlate: Using FreeType 2.6.0
[2020.05.12-16.25.53:175][  0]LogSlate: SlateFontServices - WITH_FREETYPE: 1, WITH_HARFBUZZ: 1
[2020.05.12-16.25.53:260][  0]LogAssetRegistry: FAssetRegistry took 0.0346 seconds to start up
[2020.05.12-16.25.53:612][  0]LogInit: Selected Device Profile: [Windows]
[2020.05.12-16.25.53:677][  0]LogSimplygon: Simplygon DLL not present - disabling.
[2020.05.12-16.25.53:679][  0]LogMeshReduction: Using SimplygonSwarm for distributed automatic mesh merging
[2020.05.12-16.25.53:679][  0]LogMeshReduction: Using ProxyLODMeshReduction for automatic mesh merging
[2020.05.12-16.25.53:679][  0]LogMeshReduction: Using QuadricMeshReduction for automatic static mesh reduction
[2020.05.12-16.25.53:680][  0]LogMeshReduction: No automatic skeletal mesh reduction module available
[2020.05.12-16.25.53:787][  0]LogNetVersion: Asteroids_2020 1.0.0, NetCL: 4541578, EngineNetVer: 5, GameNetVer: 0 (Checksum: 1957075933)
[2020.05.12-16.25.54:323][  0]LogPackageLocalizationCache: Processed 11 localized package path(s) for 2 prioritized culture(s) in 0.101021 seconds
[2020.05.12-16.25.54:327][  0]LogUObjectArray: 39775 objects as part of root set at end of initial load.
[2020.05.12-16.25.54:327][  0]LogUObjectAllocator: 6914656 out of 0 bytes used by permanent object pool.
[2020.05.12-16.25.54:327][  0]LogUObjectArray: CloseDisregardForGC: 0/0 objects in disregard for GC pool
[2020.05.12-16.25.55:142][  0]LogTcpMessaging: Initializing TcpMessaging bridge
[2020.05.12-16.25.55:154][  0]LogUdpMessaging: Initializing bridge on interface 0.0.0.0:0 to multicast group 230.0.0.1:6666.
[2020.05.12-16.25.55:803][  0]SourceControl: Source control is disabled
[2020.05.12-16.25.55:803][  0]SourceControl: Source control is disabled
[2020.05.12-16.25.55:804][  0]SourceControl: Source control is disabled
[2020.05.12-16.25.55:804][  0]SourceControl: Source control is disabled
[2020.05.12-16.25.55:951][  0]LogAndroidPermission: UAndroidPermissionCallbackProxy::GetInstance
[2020.05.12-16.25.56:072][  0]LogOcInput: OculusInput pre-init called
[2020.05.12-16.25.56:202][  0]LogEngine: Initializing Engine...
[2020.05.12-16.25.56:203][  0]LogHMD: Failed to initialize OpenVR with code 110
[2020.05.12-16.25.56:204][  0]LogStats: UGameplayTagsManager::ConstructGameplayTagTree: ImportINI prefixes -  0.000 s
[2020.05.12-16.25.56:204][  0]LogStats: UGameplayTagsManager::ConstructGameplayTagTree: Construct from data asset -  0.000 s
[2020.05.12-16.25.56:204][  0]LogStats: UGameplayTagsManager::ConstructGameplayTagTree: ImportINI -  0.000 s
[2020.05.12-16.25.56:204][  0]LogStats: UGameplayTagsManager::ConstructGameplayTagTree: GameplayTagTreeChangedEvent.Broadcast -  0.000 s
[2020.05.12-16.25.56:441][  0]LogInit: Initializing FReadOnlyCVARCache
[2020.05.12-16.25.56:450][  0]LogAIModule: Creating AISystem for world Untitled
[2020.05.12-16.25.56:490][  0]LogInit: XAudio2 using 'Speakers (Realtek High Definition Audio)' : 2 channels at 48 kHz using 32 bits per sample (channel mask 0x3)
[2020.05.12-16.25.56:541][  0]LogInit: FAudioDevice initialized.
[2020.05.12-16.25.56:541][  0]LogNetVersion: Set ProjectVersion to 1.0.0.0. Version Checksum will be recalculated on next use.
[2020.05.12-16.25.56:615][  0]LogDerivedDataCache: Saved boot cache 0.07s 71MB C:/Users/danas/AppData/Local/UnrealEngine/4.21/DerivedDataCache/Boot.ddc.
[2020.05.12-16.25.56:627][  0]LogInit: Texture streaming: Enabled
[2020.05.12-16.25.56:639][  0]LogEngineSessionManager: EngineSessionManager initialized
[2020.05.12-16.25.56:649][  0]LogInit: Transaction tracking system initialized
[2020.05.12-16.25.56:665][  0]BlueprintLog: New page: Editor Load
[2020.05.12-16.25.56:712][  0]LocalizationService: Localization service is disabled
[2020.05.12-16.25.57:134][  0]LogCook: Display: Max memory allowance for cook 16384mb min free memory 0mb
[2020.05.12-16.25.57:134][  0]LogCook: Display: Mobile HDR setting 1
[2020.05.12-16.25.57:134][  0]LogGameplayTags: Display: UGameplayTagsManager::DoneAddingNativeTags. DelegateIsBound: 0
[2020.05.12-16.25.57:134][  0]LogStats: UGameplayTagsManager::ConstructGameplayTagTree: ImportINI prefixes -  0.000 s
[2020.05.12-16.25.57:134][  0]LogStats: UGameplayTagsManager::ConstructGameplayTagTree: Construct from data asset -  0.000 s
[2020.05.12-16.25.57:134][  0]LogStats: UGameplayTagsManager::ConstructGameplayTagTree: ImportINI -  0.000 s
[2020.05.12-16.25.57:134][  0]LogStats: UGameplayTagsManager::ConstructGameplayTagTree: GameplayTagTreeChangedEvent.Broadcast -  0.000 s
[2020.05.12-16.25.57:139][  0]LogFileCache: Scanning file cache for directory 'C:/Users/danas/Documents/GitHub/Atlas-Studios/Asteroids_2020/Content/' took 0.02s
[2020.05.12-16.25.57:227][  0]SourceControl: Source control is disabled
[2020.05.12-16.25.57:227][  0]Cmd: MAP LOAD FILE="C:/Users/danas/Documents/GitHub/Atlas-Studios/Asteroids_2020/Content/StarterContent/Maps/Minimal_Default.umap" TEMPLATE=0 SHOWPROGRESS=1 FEATURELEVEL=3
[2020.05.12-16.25.57:227][  0]LightingResults: New page: Lighting Build
[2020.05.12-16.25.57:229][  0]MapCheck: New page: Map Check
[2020.05.12-16.25.57:229][  0]LightingResults: New page: Lighting Build
[2020.05.12-16.25.58:908][  0]LogAIModule: Creating AISystem for world Minimal_Default
[2020.05.12-16.25.58:931][  0]LogEditorServer: Finished looking for orphan Actors (0.000 secs)
[2020.05.12-16.25.58:960][  0]Cmd: MAP CHECKDEP NOCLEARLOG
[2020.05.12-16.25.58:960][  0]MapCheck: Map check complete: 0 Error(s), 0 Warning(s), took 0.25ms to complete.
[2020.05.12-16.25.58:960][  0]LogFileHelpers: Loading map 'Minimal_Default' took 1.733
[2020.05.12-16.25.59:073][  0]LogSlate: Updating window title bar state: overlay mode, drag disabled, window buttons hidden, title bar hidden
[2020.05.12-16.25.59:081][  0]LogSlate: Updating window title bar state: overlay mode, drag disabled, window buttons hidden, title bar hidden
[2020.05.12-16.25.59:089][  0]LogSlate: Updating window title bar state: overlay mode, drag disabled, window buttons hidden, title bar hidden
[2020.05.12-16.25.59:092][  0]LogSlate: Updating window title bar state: overlay mode, drag disabled, window buttons hidden, title bar hidden
[2020.05.12-16.25.59:103][  0]LogCollectionManager: Loaded 0 collections in 0.000748 seconds
[2020.05.12-16.25.59:118][  0]LogFileCache: Scanning file cache for directory 'C:/Users/danas/Documents/GitHub/Atlas-Studios/Asteroids_2020/Saved/Collections/' took 0.01s
[2020.05.12-16.25.59:118][  0]LogFileCache: Scanning file cache for directory 'C:/Users/danas/Documents/GitHub/Atlas-Studios/Asteroids_2020/Content/Developers/danas/Collections/' took 0.00s
[2020.05.12-16.25.59:118][  0]LogFileCache: Scanning file cache for directory 'C:/Users/danas/Documents/GitHub/Atlas-Studios/Asteroids_2020/Content/Collections/' took 0.00s
[2020.05.12-16.25.59:118][  0]LogCollectionManager: Rebuilt the GUID cache for 0 collections in 0.000001 seconds
[2020.05.12-16.25.59:127][  0]LogContentBrowser: Native class hierarchy populated in 0.0084 seconds. Added 2660 classes and 625 folders.
[2020.05.12-16.25.59:132][  0]LogContentBrowser: Native class hierarchy updated for 'WidgetCarousel' in 0.0004 seconds. Added 0 classes and 0 folders.
[2020.05.12-16.25.59:133][  0]LogPakFile: Registered encryption key '00000000000000000000000000000000': 0 pak files mounted, 0 remain pending
[2020.05.12-16.25.59:134][  0]LogPakFile: Registered encryption key '00000000000000000000000000000000': 0 pak files mounted, 0 remain pending
[2020.05.12-16.25.59:135][  0]LogPakFile: Registered encryption key '00000000000000000000000000000000': 0 pak files mounted, 0 remain pending
[2020.05.12-16.25.59:135][  0]LogPakFile: Registered encryption key '00000000000000000000000000000000': 0 pak files mounted, 0 remain pending
[2020.05.12-16.25.59:135][  0]LogPakFile: Registered encryption key '00000000000000000000000000000000': 0 pak files mounted, 0 remain pending
[2020.05.12-16.25.59:136][  0]LogPakFile: Registered encryption key '00000000000000000000000000000000': 0 pak files mounted, 0 remain pending
[2020.05.12-16.25.59:136][  0]LogPakFile: Registered encryption key '00000000000000000000000000000000': 0 pak files mounted, 0 remain pending
[2020.05.12-16.25.59:136][  0]LogPakFile: Registered encryption key '00000000000000000000000000000000': 0 pak files mounted, 0 remain pending
[2020.05.12-16.25.59:137][  0]LogPakFile: Registered encryption key '00000000000000000000000000000000': 0 pak files mounted, 0 remain pending
[2020.05.12-16.25.59:137][  0]LogPakFile: Registered encryption key '00000000000000000000000000000000': 0 pak files mounted, 0 remain pending
[2020.05.12-16.25.59:137][  0]LogPakFile: Registered encryption key '00000000000000000000000000000000': 0 pak files mounted, 0 remain pending
[2020.05.12-16.25.59:138][  0]LogPakFile: Registered encryption key '00000000000000000000000000000000': 0 pak files mounted, 0 remain pending
[2020.05.12-16.25.59:138][  0]LogPakFile: Registered encryption key '00000000000000000000000000000000': 0 pak files mounted, 0 remain pending
[2020.05.12-16.25.59:138][  0]LogPakFile: Registered encryption key '00000000000000000000000000000000': 0 pak files mounted, 0 remain pending
[2020.05.12-16.25.59:139][  0]LogPakFile: Registered encryption key '00000000000000000000000000000000': 0 pak files mounted, 0 remain pending
[2020.05.12-16.25.59:139][  0]LogPakFile: Registered encryption key '00000000000000000000000000000000': 0 pak files mounted, 0 remain pending
[2020.05.12-16.25.59:139][  0]LogPakFile: Registered encryption key '00000000000000000000000000000000': 0 pak files mounted, 0 remain pending
[2020.05.12-16.25.59:140][  0]LogPakFile: Registered encryption key '00000000000000000000000000000000': 0 pak files mounted, 0 remain pending
[2020.05.12-16.25.59:140][  0]LogPakFile: Registered encryption key '00000000000000000000000000000000': 0 pak files mounted, 0 remain pending
[2020.05.12-16.25.59:141][  0]LogPakFile: Registered encryption key '00000000000000000000000000000000': 0 pak files mounted, 0 remain pending
[2020.05.12-16.25.59:141][  0]LogPakFile: Registered encryption key '00000000000000000000000000000000': 0 pak files mounted, 0 remain pending
[2020.05.12-16.25.59:141][  0]LogPakFile: Registered encryption key '00000000000000000000000000000000': 0 pak files mounted, 0 remain pending
[2020.05.12-16.25.59:142][  0]LogPakFile: Registered encryption key '00000000000000000000000000000000': 0 pak files mounted, 0 remain pending
[2020.05.12-16.25.59:143][  0]LogPakFile: Registered encryption key '00000000000000000000000000000000': 0 pak files mounted, 0 remain pending
[2020.05.12-16.25.59:143][  0]LogPakFile: Registered encryption key '00000000000000000000000000000000': 0 pak files mounted, 0 remain pending
[2020.05.12-16.25.59:143][  0]LogPakFile: Registered encryption key '00000000000000000000000000000000': 0 pak files mounted, 0 remain pending
[2020.05.12-16.25.59:355][  0]LogContentBrowser: Native class hierarchy updated for 'AddContentDialog' in 0.0003 seconds. Added 0 classes and 0 folders.
[2020.05.12-16.25.59:358][  0]LogContentBrowser: Native class hierarchy updated for 'SceneOutliner' in 0.0002 seconds. Added 1 classes and 2 folders.
[2020.05.12-16.25.59:377][  0]LogSlate: Took 0.000160 seconds to synchronously load lazily loaded font '../../../Engine/Content/Slate/Fonts/Roboto-Regular.ttf' (155K)
[2020.05.12-16.25.59:379][  0]LogSlate: Took 0.000146 seconds to synchronously load lazily loaded font '../../../Engine/Content/Slate/Fonts/Roboto-Bold.ttf' (160K)
[2020.05.12-16.25.59:384][  0]LogSlate: Took 0.000126 seconds to synchronously load lazily loaded font '../../../Engine/Content/Editor/Slate/Fonts/FontAwesome.ttf' (139K)
[2020.05.12-16.25.59:471][  0]LogRenderer: Reallocating scene render targets to support 1208x612 Format 10 NumSamples 1 (Frame:1).
[2020.05.12-16.25.59:589][  0]LogContentBrowser: Native class hierarchy updated for 'HierarchicalLODOutliner' in 0.0002 seconds. Added 0 classes and 0 folders.
[2020.05.12-16.25.59:589][  0]LogLoad: (Engine Initialization) Total time: 9.91 seconds
[2020.05.12-16.25.59:589][  0]LogLoad: (Engine Initialization) Total Blueprint compile time: 0.00 seconds
[2020.05.12-16.25.59:648][  0]LogContentStreaming: Texture pool size now 1000 MB
[2020.05.12-16.25.59:677][  0]LogSlate: Took 0.000113 seconds to synchronously load lazily loaded font '../../../Engine/Content/Slate/Fonts/Roboto-Light.ttf' (167K)
[2020.05.12-16.26.00:183][  8]LogAssetRegistry: Asset discovery search completed in 6.9456 seconds
[2020.05.12-16.26.00:184][  8]LogCollectionManager: Rebuilt the object cache for 0 collections in 0.000000 seconds (found 0 objects)
[2020.05.12-16.26.00:184][  8]LogCollectionManager: Fixed up redirectors for 0 collections in 0.000042 seconds (updated 0 objects)
[2020.05.12-16.26.05:376][605]LogSlate: FSceneViewport::OnFocusLost() reason 0
[2020.05.12-16.26.16:572][925]LogSlate: Took 0.000168 seconds to synchronously load lazily loaded font '../../../Engine/Content/Slate/Fonts/Roboto-Light.ttf' (167K)
[2020.05.12-16.26.16:597][925]LogAssetEditorManager: Opening Asset editor for World /Game/StarterContent/Maps/Minimal_Default.Minimal_Default
[2020.05.12-16.26.16:619][925]Cmd: MAP LOAD FILE="C:/Users/danas/Documents/GitHub/Atlas-Studios/Asteroids_2020/Content/StarterContent/Maps/Minimal_Default.umap" TEMPLATE=0 SHOWPROGRESS=1 FEATURELEVEL=3
[2020.05.12-16.26.16:619][925]LightingResults: New page: Lighting Build
[2020.05.12-16.26.16:620][925]LoadErrors: New page: Loading map: Minimal_Default.umap
[2020.05.12-16.26.16:621][925]MapCheck: New page: Map Check
[2020.05.12-16.26.16:621][925]LightingResults: New page: Lighting Build
[2020.05.12-16.26.16:681][925]LogAIModule: Creating AISystem for world Minimal_Default
[2020.05.12-16.26.16:694][925]LogEditorServer: Finished looking for orphan Actors (0.000 secs)
[2020.05.12-16.26.16:763][925]Cmd: MAP CHECKDEP NOCLEARLOG
[2020.05.12-16.26.16:763][925]MapCheck: Map check complete: 0 Error(s), 0 Warning(s), took 0.181ms to complete.
[2020.05.12-16.26.16:765][925]LogFileHelpers: Loading map 'Minimal_Default' took 0.146
[2020.05.12-16.26.19:933][291]LogTemp: Repeating last play command: Selected Viewport
[2020.05.12-16.26.19:957][291]LogBlueprintUserMessages: Early PlayInEditor Detection: Level '/Game/StarterContent/Maps/Minimal_Default.Minimal_Default:PersistentLevel' has LevelScriptBlueprint '/Game/StarterContent/Maps/Minimal_Default.Minimal_Default:PersistentLevel.Minimal_Default' with GeneratedClass '/Game/StarterContent/Maps/Minimal_Default.Minimal_Default_C' with ClassGeneratedBy '/Game/StarterContent/Maps/Minimal_Default.Minimal_Default:PersistentLevel.Minimal_Default'
[2020.05.12-16.26.19:957][291]LogPlayLevel: PlayLevel: No blueprints needed recompiling
[2020.05.12-16.26.19:957][291]PIE: New page: PIE session: Minimal_Default (12 May 2020 18:26:19)
[2020.05.12-16.26.19:970][291]LogPlayLevel: Creating play world package: /Game/StarterContent/Maps/UEDPIE_0_Minimal_Default
[2020.05.12-16.26.19:977][291]LogPlayLevel: PIE: StaticDuplicateObject took: (0.006515s)
[2020.05.12-16.26.19:977][291]LogAIModule: Creating AISystem for world Minimal_Default
[2020.05.12-16.26.19:977][291]LogPlayLevel: PIE: World Init took: (0.000469s)
[2020.05.12-16.26.19:977][291]LogPlayLevel: PIE: Created PIE world by copying editor world from /Game/StarterContent/Maps/Minimal_Default.Minimal_Default to /Game/StarterContent/Maps/UEDPIE_0_Minimal_Default.Minimal_Default (0.007224s)
[2020.05.12-16.26.20:011][291]LogInit: XAudio2 using 'Speakers (Realtek High Definition Audio)' : 2 channels at 48 kHz using 32 bits per sample (channel mask 0x3)
[2020.05.12-16.26.20:058][291]LogInit: FAudioDevice initialized.
[2020.05.12-16.26.20:179][291]LogLoad: Game class is 'Asteroids_C'
[2020.05.12-16.26.20:183][291]LogWorld: Bringing World /Game/StarterContent/Maps/UEDPIE_0_Minimal_Default.Minimal_Default up for play (max tick rate 0) at 2020.05.12-17.26.20
[2020.05.12-16.26.20:185][291]LogWorld: Bringing up level for play took: 0.003839
[2020.05.12-16.26.20:200][291]LogContentBrowser: Native class hierarchy updated for 'MovieSceneCapture' in 0.0003 seconds. Added 20 classes and 0 folders.
[2020.05.12-16.26.20:205][291]LogBlueprintUserMessages: [Minimal_Default_C_1] Hello
[2020.05.12-16.26.20:205][291]PIE: Play in editor start time for /Game/StarterContent/Maps/UEDPIE_0_Minimal_Default -0.524
[2020.05.12-16.26.20:205][291]LogBlueprintUserMessages: Late PlayInEditor Detection: Level '/Game/StarterContent/Maps/Minimal_Default.Minimal_Default:PersistentLevel' has LevelScriptBlueprint '/Game/StarterContent/Maps/Minimal_Default.Minimal_Default:PersistentLevel.Minimal_Default' with GeneratedClass '/Game/StarterContent/Maps/Minimal_Default.Minimal_Default_C' with ClassGeneratedBy '/Game/StarterContent/Maps/Minimal_Default.Minimal_Default:PersistentLevel.Minimal_Default'
[2020.05.12-16.26.22:691][586]LogScript: Warning: Accessed None trying to read property Ship Movement_Sounds
	Ship_C /Game/StarterContent/Maps/UEDPIE_0_Minimal_Default.Minimal_Default:PersistentLevel.Ship_2
	Function /Game/IndividualFolders/Cameron_McCabe/Ship.Ship_C:ExecuteUbergraph_Ship:02A3
[2020.05.12-16.26.22:692][586]PIE: Error: Blueprint Runtime Error: "Accessed None trying to read property Ship Movement_Sounds". Blueprint:  Ship Function:  Execute Ubergraph Ship Graph:  EventGraph Node:  Stop
[2020.05.12-16.26.25:101][872]LogNet: Browse: /Game/IndividualFolders/Joshua_Burt/JB_Cinematics/JB_Warp_Sequence_Level
[2020.05.12-16.26.25:101][872]LogLoad: LoadMap: /Game/IndividualFolders/Joshua_Burt/JB_Cinematics/JB_Warp_Sequence_Level
[2020.05.12-16.26.25:168][872]LogTexture: Display: Building textures: HQ_Lightmap0_1 (AutoDXT, 128X128)
[2020.05.12-16.26.25:168][872]LogTexture: Display: Building textures: ShadowMapTexture2D_0 (G8, 64X64)
[2020.05.12-16.26.25:168][872]LogTexture: Display: Building textures: LQ_Lightmap_0_1 (DXT1, 128X128)
[2020.05.12-16.26.25:168][872]LogStaticMesh: Building static mesh DB_Mesh_AlphaShip...
[2020.05.12-16.26.25:248][872]LogStaticMesh: Built static mesh [0.08s] /Game/IndividualFolders/Anandaraman_Govindasami/Assets/DB_Mesh_AlphaShip.DB_Mesh_AlphaShip
[2020.05.12-16.26.25:283][872]LogMaterial: Display: Missing cached shader map for material lambert1, compiling. 
[2020.05.12-16.26.25:348][872]LogMaterial: Display: Missing cached shader map for material lambert2, compiling. 
[2020.05.12-16.26.25:370][872]LogShaderCompilers: Display: Shaders left to compile 31
[2020.05.12-16.26.25:370][872]LogShaderCompilers: Display: Shaders left to compile 21
[2020.05.12-16.26.25:370][872]LogShaderCompilers: Display: Shaders left to compile 11
[2020.05.12-16.26.25:370][872]LogShaderCompilers: Display: Shaders left to compile 1
[2020.05.12-16.26.25:370][872]LogAIModule: Creating AISystem for world JB_Warp_Sequence_Level
[2020.05.12-16.26.25:370][872]LogLoad: Game class is 'Asteroids_C'
[2020.05.12-16.26.25:373][872]LogWorld: Bringing World /Game/IndividualFolders/Joshua_Burt/JB_Cinematics/UEDPIE_0_JB_Warp_Sequence_Level.JB_Warp_Sequence_Level up for play (max tick rate 0) at 2020.05.12-17.26.25
[2020.05.12-16.26.25:392][872]LogAudioDerivedData: Display: Building compressed audio format OGG hash OGG wave Ship_Hyperdrive_Launch_mixdown...
[2020.05.12-16.26.25:523][872]LogAudioDerivedData: Display: Updated SoundWave->RawPCMDataSize from 0 to 1405440 while cooking SoundWave /Game/IndividualFolders/Joshua_Burt/Sound_Effects/Ship_SFX/Ship_Hyperdrive_Launch_mixdown.Ship_Hyperdrive_Launch_mixdown.
[2020.05.12-16.26.25:523][872]LogAudioDerivedData: Display: Building compressed audio format OGG hash OGG wave Ship_Hyperdrive_Charge...
[2020.05.12-16.26.25:774][872]LogShaderCompilers: Display: Shaders left to compile 31
[2020.05.12-16.26.25:774][872]LogAudioDerivedData: Display: Updated SoundWave->RawPCMDataSize from 0 to 2161152 while cooking SoundWave /Game/IndividualFolders/Joshua_Burt/Sound_Effects/Ship_SFX/Ship_Hyperdrive_Charge.Ship_Hyperdrive_Charge.
[2020.05.12-16.26.25:776][872]LogWorld: Bringing up level for play took: 0.404076
[2020.05.12-16.26.25:776][872]LogGameMode: FindPlayerStart: PATHS NOT DEFINED or NO PLAYERSTART with positive rating
[2020.05.12-16.26.25:792][872]LogLoad: Took 0.690960 seconds to LoadMap(/Game/IndividualFolders/Joshua_Burt/JB_Cinematics/JB_Warp_Sequence_Level)
[2020.05.12-16.26.25:819][873]LogScript: Warning: Accessed None trying to read property Ship Movement_Sounds
	Ship_C /Game/IndividualFolders/Joshua_Burt/JB_Cinematics/UEDPIE_0_JB_Warp_Sequence_Level.JB_Warp_Sequence_Level:PersistentLevel.Ship_C_0
	Function /Game/IndividualFolders/Cameron_McCabe/Ship.Ship_C:ExecuteUbergraph_Ship:0609
[2020.05.12-16.26.25:819][873]PIE: Error: Blueprint Runtime Error: "Accessed None trying to read property Ship Movement_Sounds". Blueprint:  Ship Function:  Execute Ubergraph Ship Graph:  EventGraph Node:  Stop
[2020.05.12-16.26.27:749][ 20]LogShaderCompilers: Display: Shaders left to compile 21
[2020.05.12-16.26.27:758][ 21]LogShaderCompilers: Display: Shaders left to compile 11
[2020.05.12-16.26.29:049][175]LogShaderCompilers: Display: Shaders left to compile 1
[2020.05.12-16.26.42:485][785]LogNet: Browse: /Game/IndividualFolders/Lewis_Clark/LC_L_Shop
[2020.05.12-16.26.42:486][785]LogLoad: LoadMap: /Game/IndividualFolders/Lewis_Clark/LC_L_Shop
[2020.05.12-16.26.46:466][785]LogTexture: Display: Building textures: T_AO_R_M_PodBayDoor_RS (AutoDXT, 2048X2048)
[2020.05.12-16.26.46:466][785]LogTexture: Display: Building textures: T_N_Corregated_RS (BC5, 2048X2048)
[2020.05.12-16.26.46:466][785]LogTexture: Display: Building textures: T_BC_Corregated_RS (AutoDXT, 2048X2048)
[2020.05.12-16.26.46:466][785]LogTexture: Display: Building textures: T_BC_PodBayDoor_RS (AutoDXT, 2048X2048)
[2020.05.12-16.26.46:466][785]LogTexture: Display: Building textures: T_N_PodBayDoor_RS (BC5, 2048X2048)
[2020.05.12-16.26.46:466][785]LogTexture: Display: Building textures: T_AO_M_R_Corregated_RS (AutoDXT, 2048X2048)
[2020.05.12-16.26.46:466][785]LogMaterial: Display: Missing cached shader map for material PodDoor, compiling. 
[2020.05.12-16.26.46:598][785]LogShaderCompilers: Display: Shaders left to compile 22
[2020.05.12-16.26.46:598][785]LogShaderCompilers: Display: Shaders left to compile 12
[2020.05.12-16.26.46:598][785]LogShaderCompilers: Display: Shaders left to compile 2
[2020.05.12-16.26.46:598][785]LogMaterial: Display: Missing cached shader map for material CorrogatedDoor, compiling. 
[2020.05.12-16.26.46:625][785]LogShaderCompilers: Display: Shaders left to compile 22
[2020.05.12-16.26.46:625][785]LogMaterial: Display: Missing cached shader map for material lambert5, compiling. 
[2020.05.12-16.26.46:651][785]LogMaterial: Display: Missing cached shader map for material lambert6, compiling. 
[2020.05.12-16.26.46:676][785]LogMaterial: Display: Missing cached shader map for material lambert7, compiling. 
[2020.05.12-16.26.46:714][785]LogStaticMesh: Building static mesh SM_PodBayDoor_RS...
[2020.05.12-16.26.46:863][785]LogStaticMesh: Built static mesh [0.15s] /Game/IndividualFolders/Lewis_Clark/SM_PodBayDoor_RS.SM_PodBayDoor_RS
[2020.05.12-16.26.46:869][785]LogMaterial: Display: Missing cached shader map for material lambert2, compiling. 
[2020.05.12-16.26.46:923][785]LogStaticMesh: Building static mesh DB_Mesh_MidShip...
[2020.05.12-16.26.47:126][785]LogShaderCompilers: Display: Shaders left to compile 100
[2020.05.12-16.26.47:126][785]LogStaticMesh: Built static mesh [0.20s] /Game/Art_Assets/Mid-Ship/DB_Mesh_MidShip.DB_Mesh_MidShip
[2020.05.12-16.26.47:145][785]LogMaterial: Display: Missing cached shader map for material lambert1, compiling. 
[2020.05.12-16.26.47:219][785]LogStaticMesh: Building static mesh Corregated_door_LP...
[2020.05.12-16.26.47:250][785]LogStaticMesh: Built static mesh [0.03s] /Game/IndividualFolders/Lewis_Clark/Corregated_door_LP.Corregated_door_LP
[2020.05.12-16.26.47:251][785]LogStaticMesh: Building static mesh Cylinder_Brush_StaticMesh...
[2020.05.12-16.26.47:273][785]LogStaticMesh: Built static mesh [0.02s] /Game/Cylinder_Brush_StaticMesh.Cylinder_Brush_StaticMesh
[2020.05.12-16.26.47:319][785]LogStaticMesh: Building static mesh JFK_Mesh_GattlingGun_fbx...
[2020.05.12-16.26.47:924][785]LogStaticMesh: Built static mesh [0.60s] /Game/IndividualFolders/Lewis_Clark/JFK_Mesh_GattlingGun_fbx.JFK_Mesh_GattlingGun_fbx
[2020.05.12-16.26.47:941][785]LogMaterial: Display: Missing cached shader map for material lambert3, compiling. 
[2020.05.12-16.26.47:962][785]LogMaterial: Display: Missing cached shader map for material lambert4, compiling. 
[2020.05.12-16.26.47:989][785]LogMaterial: Display: Missing cached shader map for material lambert1, compiling. 
[2020.05.12-16.26.48:023][785]LogAIModule: Creating AISystem for world LC_L_Shop
[2020.05.12-16.26.48:024][785]LogLoad: Game class is 'ShopGamemode_C'
[2020.05.12-16.26.48:033][785]LogWorld: Bringing World /Game/IndividualFolders/Lewis_Clark/UEDPIE_0_LC_L_Shop.LC_L_Shop up for play (max tick rate 0) at 2020.05.12-17.26.48
[2020.05.12-16.26.48:046][785]LogWorld: Bringing up level for play took: 0.021110
[2020.05.12-16.26.48:053][785]LogLoad: Took 5.567900 seconds to LoadMap(/Game/IndividualFolders/Lewis_Clark/LC_L_Shop)
[2020.05.12-16.26.48:995][861]LogShaderCompilers: Display: Shaders left to compile 178
[2020.05.12-16.26.49:158][879]LogShaderCompilers: Display: Shaders left to compile 168
[2020.05.12-16.26.51:342][117]LogShaderCompilers: Display: Shaders left to compile 158
[2020.05.12-16.26.51:575][140]LogShaderCompilers: Display: Shaders left to compile 148
[2020.05.12-16.26.52:023][193]LogShaderCompilers: Display: Shaders left to compile 138
[2020.05.12-16.26.53:979][420]LogShaderCompilers: Display: Shaders left to compile 128
[2020.05.12-16.26.54:140][439]LogSlate: FSceneViewport::OnFocusLost() reason 0
[2020.05.12-16.26.54:624][495]LogShaderCompilers: Display: Shaders left to compile 118
[2020.05.12-16.26.55:877][641]LogShaderCompilers: Display: Shaders left to compile 108
[2020.05.12-16.26.56:009][656]LogShaderCompilers: Display: Shaders left to compile 98
[2020.05.12-16.26.57:778][864]LogShaderCompilers: Display: Shaders left to compile 88
[2020.05.12-16.26.58:483][945]LogBlueprintUserMessages: Early EndPlayMap Detection: Level '/Game/StarterContent/Maps/Minimal_Default.Minimal_Default:PersistentLevel' has LevelScriptBlueprint '/Game/StarterContent/Maps/Minimal_Default.Minimal_Default:PersistentLevel.Minimal_Default' with GeneratedClass '/Game/StarterContent/Maps/Minimal_Default.Minimal_Default_C' with ClassGeneratedBy '/Game/StarterContent/Maps/Minimal_Default.Minimal_Default:PersistentLevel.Minimal_Default'
[2020.05.12-16.26.58:483][945]LogSlate: Updating window title bar state: overlay mode, drag disabled, window buttons hidden, title bar hidden
[2020.05.12-16.26.58:523][945]LogPlayLevel: Display: Shutting down PIE online subsystems
[2020.05.12-16.26.58:523][945]LogBlueprintUserMessages: Late EndPlayMap Detection: Level '/Game/StarterContent/Maps/Minimal_Default.Minimal_Default:PersistentLevel' has LevelScriptBlueprint '/Game/StarterContent/Maps/Minimal_Default.Minimal_Default:PersistentLevel.Minimal_Default' with GeneratedClass '/Game/StarterContent/Maps/Minimal_Default.Minimal_Default_C' with ClassGeneratedBy '/Game/StarterContent/Maps/Minimal_Default.Minimal_Default:PersistentLevel.Minimal_Default'
[2020.05.12-16.26.58:551][945]LogSlate: Updating window title bar state: overlay mode, drag disabled, window buttons hidden, title bar hidden
[2020.05.12-16.26.58:609][946]LogPlayLevel: Display: Destroying online subsystem :Context_10
[2020.05.12-16.26.58:711][952]LogShaderCompilers: Display: Shaders left to compile 78
[2020.05.12-16.26.58:999][975]LogShaderCompilers: Display: Shaders left to compile 68
[2020.05.12-16.27.00:494][119]LogShaderCompilers: Display: Shaders left to compile 58
[2020.05.12-16.27.00:513][121]LogShaderCompilers: Display: Shaders left to compile 48
[2020.05.12-16.27.01:016][172]LogSlate: Window 'Message Log' being destroyed
[2020.05.12-16.27.01:024][172]LogSlate: Window 'Message Log' being destroyed
[2020.05.12-16.27.01:363][198]LogShaderCompilers: Display: Shaders left to compile 38
[2020.05.12-16.27.03:238][390]LogShaderCompilers: Display: Shaders left to compile 28
[2020.05.12-16.27.03:449][408]LogShaderCompilers: Display: Shaders left to compile 18
[2020.05.12-16.27.04:663][532]LogShaderCompilers: Display: Shaders left to compile 8
[2020.05.12-16.27.08:548][953]LogAssetEditorManager: Opening Asset editor for WidgetBlueprint /Game/IndividualFolders/Dana_Sawdon/UI/DS_W_ShipSlide.DS_W_ShipSlide
[2020.05.12-16.27.09:055][953]LogContentBrowser: Native class hierarchy updated for 'BlueprintGraph' in 0.0006 seconds. Added 117 classes and 0 folders.
[2020.05.12-16.27.09:976][953]LogSlate: Took 0.000110 seconds to synchronously load lazily loaded font '../../../Engine/Content/Slate/Fonts/Roboto-BoldCondensed.ttf' (158K)
[2020.05.12-16.27.12:377][130]LogSlate: Window 'DS_W_ShipSlide' being destroyed
[2020.05.12-16.27.13:814][282]LogAssetEditorManager: Opening Asset editor for WidgetBlueprint /Game/IndividualFolders/Dana_Sawdon/UI/DS_W_ShipSelect.DS_W_ShipSelect
[2020.05.12-16.27.27:829][874]LogAIModule: Creating AISystem for world ShipSelect
[2020.05.12-16.27.27:832][874]LogAssetEditorManager: Opening Asset editor for World /Game/IndividualFolders/Dana_Sawdon/Maps/ShipSelect.ShipSelect
[2020.05.12-16.27.27:867][874]Cmd: MAP LOAD FILE="C:/Users/danas/Documents/GitHub/Atlas-Studios/Asteroids_2020/Content/IndividualFolders/Dana_Sawdon/Maps/ShipSelect.umap" TEMPLATE=0 SHOWPROGRESS=1 FEATURELEVEL=3
[2020.05.12-16.27.27:867][874]LightingResults: New page: Lighting Build
[2020.05.12-16.27.27:868][874]LoadErrors: New page: Loading map: ShipSelect.umap
[2020.05.12-16.27.27:869][874]MapCheck: New page: Map Check
[2020.05.12-16.27.27:869][874]LightingResults: New page: Lighting Build
[2020.05.12-16.27.27:912][874]LogEditorServer: Finished looking for orphan Actors (0.000 secs)
[2020.05.12-16.27.27:986][874]Cmd: MAP CHECKDEP NOCLEARLOG
[2020.05.12-16.27.27:987][874]MapCheck: Map check complete: 0 Error(s), 0 Warning(s), took 0.151ms to complete.
[2020.05.12-16.27.27:987][874]LogFileHelpers: Loading map 'ShipSelect' took 0.120
[2020.05.12-16.28.07:491][990]LogFactory: FactoryCreateFile: Texture with ReimportTextureFactory (0 0 F:\Jman\Assets\Button_Default_00.png)
[2020.05.12-16.28.07:494][990]LogTexture: Display: Building textures: Button_Default_00 (BGRA8, 171X171)
[2020.05.12-16.28.08:989][  9]LogFactory: FactoryCreateFile: Texture with ReimportTextureFactory (0 0 F:\Jman\Assets\Button_Hovered_00.png)
[2020.05.12-16.28.08:992][  9]LogTexture: Display: Building textures: Button_Hovered_00 (BGRA8, 171X171)
[2020.05.12-16.28.10:611][ 39]LogFactory: FactoryCreateFile: Texture with ReimportTextureFactory (0 0 F:\Jman\Assets\Button_Clicked_00.png)
[2020.05.12-16.28.10:613][ 39]LogTexture: Display: Building textures: Button_Clicked_00 (BGRA8, 171X171)
[2020.05.12-16.28.12:679][ 79]LogFactory: FactoryCreateFile: Texture with ReimportTextureFactory (0 0 F:\Jman\Assets\ShipHeavy.png)
[2020.05.12-16.28.12:700][ 79]LogTexture: Display: Building textures: ShipHeavy (BGRA8, 954X738)
[2020.05.12-16.29.35:125][835]BlueprintLog: New page: Compile DS_W_ShipSelect
[2020.05.12-16.29.45:531][540]LogSlate: Took 0.005114 seconds to synchronously load lazily loaded font '../../../Engine/Content/Slate/Fonts/Roboto-Italic.ttf' (157K)
[2020.05.12-16.29.52:672][117]LogAssetEditorManager: Opening Asset editor for WidgetBlueprint /Game/IndividualFolders/Dana_Sawdon/UI/DS_W_ShipSlide2.DS_W_ShipSlide2
[2020.05.12-16.30.02:616][917]BlueprintLog: New page: Compile DS_W_ShipSlide2
[2020.05.12-16.30.02:657][917]LogBlueprint: Warning: [Compiler DS_W_ShipSlide2] Could not find a variable named "FadeIn" in 'DS_W_ShipSlide2_C'.
Make sure 'DS_W_ShipSlide2_C' has been compiled for  Get FadeIn
[2020.05.12-16.30.02:657][917]LogBlueprint: Error: [Compiler DS_W_ShipSlide2] The property associated with  Fade In  could not be found in '/Game/IndividualFolders/Dana_Sawdon/UI/DS_W_ShipSlide2.DS_W_ShipSlide2_C'
[2020.05.12-16.30.02:708][917]LogBlueprint: Warning: [Compiler DS_W_ShipSlide2] [0253.03] Compile of DS_W_ShipSlide2 failed. 1 Fatal Issue(s) 1 Warning(s) [in 92 ms] (/Game/IndividualFolders/Dana_Sawdon/UI/DS_W_ShipSlide2.DS_W_ShipSlide2)
[2020.05.12-16.30.07:535][293]LogAssetEditorManager: Opening Asset editor for WidgetBlueprint /Game/IndividualFolders/Dana_Sawdon/UI/DS_W_ShipSlide3.DS_W_ShipSlide3
[2020.05.12-16.30.15:901][928]BlueprintLog: New page: Compile DS_W_ShipSlide3
[2020.05.12-16.30.15:911][928]LogBlueprint: Warning: [Compiler DS_W_ShipSlide3] Could not find a variable named "FadeIn" in 'DS_W_ShipSlide3_C'.
Make sure 'DS_W_ShipSlide3_C' has been compiled for  Get FadeIn
[2020.05.12-16.30.15:912][928]LogBlueprint: Error: [Compiler DS_W_ShipSlide3] The property associated with  Fade In  could not be found in '/Game/IndividualFolders/Dana_Sawdon/UI/DS_W_ShipSlide3.DS_W_ShipSlide3_C'
[2020.05.12-16.30.15:961][928]LogBlueprint: Warning: [Compiler DS_W_ShipSlide3] [0266.28] Compile of DS_W_ShipSlide3 failed. 1 Fatal Issue(s) 1 Warning(s) [in 59 ms] (/Game/IndividualFolders/Dana_Sawdon/UI/DS_W_ShipSlide3.DS_W_ShipSlide3)
[2020.05.12-16.32.05:662][193]BlueprintLog: New page: Compile DS_W_ShipSlide2
[2020.05.12-16.33.39:999][366]BlueprintLog: New page: Compile DS_W_ShipSlide3
[2020.05.12-16.33.48:712][ 56]LogSlate: Window 'DS_W_ShipSelect*' being destroyed
[2020.05.12-16.33.53:483][606]LogAssetEditorManager: Opening Asset editor for World /Game/IndividualFolders/Dana_Sawdon/Maps/ShipSelect.ShipSelect
[2020.05.12-16.33.54:926][606]LogSlate: Window 'Save Content' being destroyed
[2020.05.12-16.33.54:951][606]LogSavePackage: Moving 'C:/Users/danas/Documents/GitHub/Atlas-Studios/Asteroids_2020/Saved/Button_Clicked_001A1D4AFB4F371AA0E7AEEF993BA185B8.tmp' to 'C:/Users/danas/Documents/GitHub/Atlas-Studios/Asteroids_2020/Content/IndividualFolders/Dana_Sawdon/UI/Button_Clicked_00.uasset'
[2020.05.12-16.33.54:971][606]LogSavePackage: Moving 'C:/Users/danas/Documents/GitHub/Atlas-Studios/Asteroids_2020/Saved/Button_Default_00E84698AD43D5A1EA95DC4A8973E03BA1.tmp' to 'C:/Users/danas/Documents/GitHub/Atlas-Studios/Asteroids_2020/Content/IndividualFolders/Dana_Sawdon/UI/Button_Default_00.uasset'
[2020.05.12-16.33.54:988][606]LogSavePackage: Moving 'C:/Users/danas/Documents/GitHub/Atlas-Studios/Asteroids_2020/Saved/Button_Hovered_001329DCC0480F7D646A2F62924E1B10EE.tmp' to 'C:/Users/danas/Documents/GitHub/Atlas-Studios/Asteroids_2020/Content/IndividualFolders/Dana_Sawdon/UI/Button_Hovered_00.uasset'
[2020.05.12-16.33.55:057][606]LogSavePackage: Moving 'C:/Users/danas/Documents/GitHub/Atlas-Studios/Asteroids_2020/Saved/DS_W_ShipSelect30CAFF4E43092C3DF26017BEE2ADDC9B.tmp' to 'C:/Users/danas/Documents/GitHub/Atlas-Studios/Asteroids_2020/Content/IndividualFolders/Dana_Sawdon/UI/DS_W_ShipSelect.uasset'
[2020.05.12-16.33.55:137][606]LogSavePackage: Moving 'C:/Users/danas/Documents/GitHub/Atlas-Studios/Asteroids_2020/Saved/DS_W_ShipSlide27B1AF3314B60FA96665383A573998813.tmp' to 'C:/Users/danas/Documents/GitHub/Atlas-Studios/Asteroids_2020/Content/IndividualFolders/Dana_Sawdon/UI/DS_W_ShipSlide2.uasset'
[2020.05.12-16.33.55:214][606]LogSavePackage: Moving 'C:/Users/danas/Documents/GitHub/Atlas-Studios/Asteroids_2020/Saved/DS_W_ShipSlide31A68C4724BEE7E590FF4A0A23C7390A6.tmp' to 'C:/Users/danas/Documents/GitHub/Atlas-Studios/Asteroids_2020/Content/IndividualFolders/Dana_Sawdon/UI/DS_W_ShipSlide3.uasset'
[2020.05.12-16.33.55:289][606]LogSavePackage: Moving 'C:/Users/danas/Documents/GitHub/Atlas-Studios/Asteroids_2020/Saved/ShipHeavy96FC39184D12B7EF0A4CF2AC9F83EEDB.tmp' to 'C:/Users/danas/Documents/GitHub/Atlas-Studios/Asteroids_2020/Content/IndividualFolders/Dana_Sawdon/UI/ShipHeavy.uasset'
[2020.05.12-16.33.55:296][606]Cmd: MAP LOAD FILE="C:/Users/danas/Documents/GitHub/Atlas-Studios/Asteroids_2020/Content/IndividualFolders/Dana_Sawdon/Maps/ShipSelect.umap" TEMPLATE=0 SHOWPROGRESS=1 FEATURELEVEL=3
[2020.05.12-16.33.55:296][606]LightingResults: New page: Lighting Build
[2020.05.12-16.33.55:297][606]LoadErrors: New page: Loading map: ShipSelect.umap
[2020.05.12-16.33.55:297][606]MapCheck: New page: Map Check
[2020.05.12-16.33.55:297][606]LightingResults: New page: Lighting Build
[2020.05.12-16.33.55:356][606]LogAIModule: Creating AISystem for world ShipSelect
[2020.05.12-16.33.55:357][606]LogEditorServer: Finished looking for orphan Actors (0.000 secs)
[2020.05.12-16.33.55:442][606]Cmd: MAP CHECKDEP NOCLEARLOG
[2020.05.12-16.33.55:443][606]MapCheck: Map check complete: 0 Error(s), 0 Warning(s), took 0.186ms to complete.
[2020.05.12-16.33.55:444][606]LogFileHelpers: Loading map 'ShipSelect' took 0.149
[2020.05.12-16.33.56:273][693]LogTemp: Repeating last play command: Selected Viewport
[2020.05.12-16.33.56:323][693]LogBlueprintUserMessages: Early PlayInEditor Detection: Level '/Game/IndividualFolders/Dana_Sawdon/Maps/ShipSelect.ShipSelect:PersistentLevel' has LevelScriptBlueprint '/Game/IndividualFolders/Dana_Sawdon/Maps/ShipSelect.ShipSelect:PersistentLevel.ShipSelect' with GeneratedClass '/Game/IndividualFolders/Dana_Sawdon/Maps/ShipSelect.ShipSelect_C' with ClassGeneratedBy '/Game/IndividualFolders/Dana_Sawdon/Maps/ShipSelect.ShipSelect:PersistentLevel.ShipSelect'
[2020.05.12-16.33.56:323][693]LogPlayLevel: PlayLevel: No blueprints needed recompiling
[2020.05.12-16.33.56:323][693]PIE: New page: PIE session: ShipSelect (12 May 2020 18:33:56)
[2020.05.12-16.33.56:324][693]LogPlayLevel: Creating play world package: /Game/IndividualFolders/Dana_Sawdon/Maps/UEDPIE_0_ShipSelect
[2020.05.12-16.33.56:325][693]LogPlayLevel: PIE: StaticDuplicateObject took: (0.001137s)
[2020.05.12-16.33.56:326][693]LogAIModule: Creating AISystem for world ShipSelect
[2020.05.12-16.33.56:326][693]LogPlayLevel: PIE: World Init took: (0.001088s)
[2020.05.12-16.33.56:327][693]LogPlayLevel: PIE: Created PIE world by copying editor world from /Game/IndividualFolders/Dana_Sawdon/Maps/ShipSelect.ShipSelect to /Game/IndividualFolders/Dana_Sawdon/Maps/UEDPIE_0_ShipSelect.ShipSelect (0.002564s)
[2020.05.12-16.33.56:371][693]LogInit: XAudio2 using 'Speakers (Realtek High Definition Audio)' : 2 channels at 48 kHz using 32 bits per sample (channel mask 0x3)
[2020.05.12-16.33.56:420][693]LogInit: FAudioDevice initialized.
[2020.05.12-16.33.56:458][693]LogLoad: Game class is 'Asteroids_C'
[2020.05.12-16.33.56:459][693]LogWorld: Bringing World /Game/IndividualFolders/Dana_Sawdon/Maps/UEDPIE_0_ShipSelect.ShipSelect up for play (max tick rate 0) at 2020.05.12-17.33.56
[2020.05.12-16.33.56:459][693]LogWorld: Bringing up level for play took: 0.000409
[2020.05.12-16.33.56:476][693]PIE: Play in editor start time for /Game/IndividualFolders/Dana_Sawdon/Maps/UEDPIE_0_ShipSelect -0.253
[2020.05.12-16.33.56:477][693]LogBlueprintUserMessages: Late PlayInEditor Detection: Level '/Game/IndividualFolders/Dana_Sawdon/Maps/ShipSelect.ShipSelect:PersistentLevel' has LevelScriptBlueprint '/Game/IndividualFolders/Dana_Sawdon/Maps/ShipSelect.ShipSelect:PersistentLevel.ShipSelect' with GeneratedClass '/Game/IndividualFolders/Dana_Sawdon/Maps/ShipSelect.ShipSelect_C' with ClassGeneratedBy '/Game/IndividualFolders/Dana_Sawdon/Maps/ShipSelect.ShipSelect:PersistentLevel.ShipSelect'
[2020.05.12-16.34.09:571][215]LogBlueprintUserMessages: Early EndPlayMap Detection: Level '/Game/IndividualFolders/Dana_Sawdon/Maps/ShipSelect.ShipSelect:PersistentLevel' has LevelScriptBlueprint '/Game/IndividualFolders/Dana_Sawdon/Maps/ShipSelect.ShipSelect:PersistentLevel.ShipSelect' with GeneratedClass '/Game/IndividualFolders/Dana_Sawdon/Maps/ShipSelect.ShipSelect_C' with ClassGeneratedBy '/Game/IndividualFolders/Dana_Sawdon/Maps/ShipSelect.ShipSelect:PersistentLevel.ShipSelect'
[2020.05.12-16.34.09:572][215]LogSlate: Updating window title bar state: overlay mode, drag disabled, window buttons hidden, title bar hidden
[2020.05.12-16.34.09:604][215]LogPlayLevel: Display: Shutting down PIE online subsystems
[2020.05.12-16.34.09:605][215]LogBlueprintUserMessages: Late EndPlayMap Detection: Level '/Game/IndividualFolders/Dana_Sawdon/Maps/ShipSelect.ShipSelect:PersistentLevel' has LevelScriptBlueprint '/Game/IndividualFolders/Dana_Sawdon/Maps/ShipSelect.ShipSelect:PersistentLevel.ShipSelect' with GeneratedClass '/Game/IndividualFolders/Dana_Sawdon/Maps/ShipSelect.ShipSelect_C' with ClassGeneratedBy '/Game/IndividualFolders/Dana_Sawdon/Maps/ShipSelect.ShipSelect:PersistentLevel.ShipSelect'
[2020.05.12-16.34.09:642][215]LogSlate: Updating window title bar state: overlay mode, drag disabled, window buttons hidden, title bar hidden
[2020.05.12-16.34.09:678][218]LogPlayLevel: Display: Destroying online subsystem :Context_20
[2020.05.12-16.34.14:099][711]BlueprintLog: New page: Compile DS_W_ShipSlide3
[2020.05.12-16.34.15:184][824]LogTemp: Repeating last play command: Selected Viewport
[2020.05.12-16.34.15:220][824]LogBlueprintUserMessages: Early PlayInEditor Detection: Level '/Game/IndividualFolders/Dana_Sawdon/Maps/ShipSelect.ShipSelect:PersistentLevel' has LevelScriptBlueprint '/Game/IndividualFolders/Dana_Sawdon/Maps/ShipSelect.ShipSelect:PersistentLevel.ShipSelect' with GeneratedClass '/Game/IndividualFolders/Dana_Sawdon/Maps/ShipSelect.ShipSelect_C' with ClassGeneratedBy '/Game/IndividualFolders/Dana_Sawdon/Maps/ShipSelect.ShipSelect:PersistentLevel.ShipSelect'
[2020.05.12-16.34.15:220][824]LogPlayLevel: PlayLevel: No blueprints needed recompiling
[2020.05.12-16.34.15:220][824]PIE: New page: PIE session: ShipSelect (12 May 2020 18:34:15)
[2020.05.12-16.34.15:221][824]LogPlayLevel: Creating play world package: /Game/IndividualFolders/Dana_Sawdon/Maps/UEDPIE_0_ShipSelect
[2020.05.12-16.34.15:222][824]LogPlayLevel: PIE: StaticDuplicateObject took: (0.000736s)
[2020.05.12-16.34.15:222][824]LogAIModule: Creating AISystem for world ShipSelect
[2020.05.12-16.34.15:222][824]LogPlayLevel: PIE: World Init took: (0.000459s)
[2020.05.12-16.34.15:222][824]LogPlayLevel: PIE: Created PIE world by copying editor world from /Game/IndividualFolders/Dana_Sawdon/Maps/ShipSelect.ShipSelect to /Game/IndividualFolders/Dana_Sawdon/Maps/UEDPIE_0_ShipSelect.ShipSelect (0.001297s)
[2020.05.12-16.34.15:267][824]LogInit: XAudio2 using 'Speakers (Realtek High Definition Audio)' : 2 channels at 48 kHz using 32 bits per sample (channel mask 0x3)
[2020.05.12-16.34.15:311][824]LogInit: FAudioDevice initialized.
[2020.05.12-16.34.15:345][824]LogLoad: Game class is 'Asteroids_C'
[2020.05.12-16.34.15:346][824]LogWorld: Bringing World /Game/IndividualFolders/Dana_Sawdon/Maps/UEDPIE_0_ShipSelect.ShipSelect up for play (max tick rate 0) at 2020.05.12-17.34.15
[2020.05.12-16.34.15:346][824]LogWorld: Bringing up level for play took: 0.000311
[2020.05.12-16.34.15:363][824]PIE: Play in editor start time for /Game/IndividualFolders/Dana_Sawdon/Maps/UEDPIE_0_ShipSelect 0.633
[2020.05.12-16.34.15:363][824]LogBlueprintUserMessages: Late PlayInEditor Detection: Level '/Game/IndividualFolders/Dana_Sawdon/Maps/ShipSelect.ShipSelect:PersistentLevel' has LevelScriptBlueprint '/Game/IndividualFolders/Dana_Sawdon/Maps/ShipSelect.ShipSelect:PersistentLevel.ShipSelect' with GeneratedClass '/Game/IndividualFolders/Dana_Sawdon/Maps/ShipSelect.ShipSelect_C' with ClassGeneratedBy '/Game/IndividualFolders/Dana_Sawdon/Maps/ShipSelect.ShipSelect:PersistentLevel.ShipSelect'
[2020.05.12-16.34.20:844][440]LogBlueprintUserMessages: Early EndPlayMap Detection: Level '/Game/IndividualFolders/Dana_Sawdon/Maps/ShipSelect.ShipSelect:PersistentLevel' has LevelScriptBlueprint '/Game/IndividualFolders/Dana_Sawdon/Maps/ShipSelect.ShipSelect:PersistentLevel.ShipSelect' with GeneratedClass '/Game/IndividualFolders/Dana_Sawdon/Maps/ShipSelect.ShipSelect_C' with ClassGeneratedBy '/Game/IndividualFolders/Dana_Sawdon/Maps/ShipSelect.ShipSelect:PersistentLevel.ShipSelect'
[2020.05.12-16.34.20:845][440]LogSlate: Updating window title bar state: overlay mode, drag disabled, window buttons hidden, title bar hidden
[2020.05.12-16.34.20:881][440]LogPlayLevel: Display: Shutting down PIE online subsystems
[2020.05.12-16.34.20:882][440]LogBlueprintUserMessages: Late EndPlayMap Detection: Level '/Game/IndividualFolders/Dana_Sawdon/Maps/ShipSelect.ShipSelect:PersistentLevel' has LevelScriptBlueprint '/Game/IndividualFolders/Dana_Sawdon/Maps/ShipSelect.ShipSelect:PersistentLevel.ShipSelect' with GeneratedClass '/Game/IndividualFolders/Dana_Sawdon/Maps/ShipSelect.ShipSelect_C' with ClassGeneratedBy '/Game/IndividualFolders/Dana_Sawdon/Maps/ShipSelect.ShipSelect:PersistentLevel.ShipSelect'
[2020.05.12-16.34.20:916][440]LogSlate: Updating window title bar state: overlay mode, drag disabled, window buttons hidden, title bar hidden
[2020.05.12-16.34.20:948][442]LogPlayLevel: Display: Destroying online subsystem :Context_21
[2020.05.12-16.34.28:312][263]BlueprintLog: New page: Compile DS_W_ShipSlide3
[2020.05.12-16.34.41:029][661]BlueprintLog: New page: Compile DS_W_ShipSlide2
[2020.05.12-16.34.50:951][770]BlueprintLog: New page: Compile DS_W_ShipSlide
[2020.05.12-16.34.51:776][852]LogTemp: Repeating last play command: Selected Viewport
[2020.05.12-16.34.51:813][852]LogBlueprintUserMessages: Early PlayInEditor Detection: Level '/Game/IndividualFolders/Dana_Sawdon/Maps/ShipSelect.ShipSelect:PersistentLevel' has LevelScriptBlueprint '/Game/IndividualFolders/Dana_Sawdon/Maps/ShipSelect.ShipSelect:PersistentLevel.ShipSelect' with GeneratedClass '/Game/IndividualFolders/Dana_Sawdon/Maps/ShipSelect.ShipSelect_C' with ClassGeneratedBy '/Game/IndividualFolders/Dana_Sawdon/Maps/ShipSelect.ShipSelect:PersistentLevel.ShipSelect'
[2020.05.12-16.34.51:814][852]LogPlayLevel: PlayLevel: No blueprints needed recompiling
[2020.05.12-16.34.51:814][852]PIE: New page: PIE session: ShipSelect (12 May 2020 18:34:51)
[2020.05.12-16.34.51:814][852]LogPlayLevel: Creating play world package: /Game/IndividualFolders/Dana_Sawdon/Maps/UEDPIE_0_ShipSelect
[2020.05.12-16.34.51:815][852]LogPlayLevel: PIE: StaticDuplicateObject took: (0.000988s)
[2020.05.12-16.34.51:816][852]LogAIModule: Creating AISystem for world ShipSelect
[2020.05.12-16.34.51:816][852]LogPlayLevel: PIE: World Init took: (0.000518s)
[2020.05.12-16.34.51:816][852]LogPlayLevel: PIE: Created PIE world by copying editor world from /Game/IndividualFolders/Dana_Sawdon/Maps/ShipSelect.ShipSelect to /Game/IndividualFolders/Dana_Sawdon/Maps/UEDPIE_0_ShipSelect.ShipSelect (0.001627s)
[2020.05.12-16.34.51:861][852]LogInit: XAudio2 using 'Speakers (Realtek High Definition Audio)' : 2 channels at 48 kHz using 32 bits per sample (channel mask 0x3)
[2020.05.12-16.34.51:908][852]LogInit: FAudioDevice initialized.
[2020.05.12-16.34.51:943][852]LogLoad: Game class is 'Asteroids_C'
[2020.05.12-16.34.51:944][852]LogWorld: Bringing World /Game/IndividualFolders/Dana_Sawdon/Maps/UEDPIE_0_ShipSelect.ShipSelect up for play (max tick rate 0) at 2020.05.12-17.34.51
[2020.05.12-16.34.51:945][852]LogWorld: Bringing up level for play took: 0.000407
[2020.05.12-16.34.51:963][852]PIE: Play in editor start time for /Game/IndividualFolders/Dana_Sawdon/Maps/UEDPIE_0_ShipSelect -0.767
[2020.05.12-16.34.51:963][852]LogBlueprintUserMessages: Late PlayInEditor Detection: Level '/Game/IndividualFolders/Dana_Sawdon/Maps/ShipSelect.ShipSelect:PersistentLevel' has LevelScriptBlueprint '/Game/IndividualFolders/Dana_Sawdon/Maps/ShipSelect.ShipSelect:PersistentLevel.ShipSelect' with GeneratedClass '/Game/IndividualFolders/Dana_Sawdon/Maps/ShipSelect.ShipSelect_C' with ClassGeneratedBy '/Game/IndividualFolders/Dana_Sawdon/Maps/ShipSelect.ShipSelect:PersistentLevel.ShipSelect'
[2020.05.12-16.35.04:583][356]LogBlueprintUserMessages: Early EndPlayMap Detection: Level '/Game/IndividualFolders/Dana_Sawdon/Maps/ShipSelect.ShipSelect:PersistentLevel' has LevelScriptBlueprint '/Game/IndividualFolders/Dana_Sawdon/Maps/ShipSelect.ShipSelect:PersistentLevel.ShipSelect' with GeneratedClass '/Game/IndividualFolders/Dana_Sawdon/Maps/ShipSelect.ShipSelect_C' with ClassGeneratedBy '/Game/IndividualFolders/Dana_Sawdon/Maps/ShipSelect.ShipSelect:PersistentLevel.ShipSelect'
[2020.05.12-16.35.04:584][356]LogSlate: Updating window title bar state: overlay mode, drag disabled, window buttons hidden, title bar hidden
[2020.05.12-16.35.04:619][356]LogPlayLevel: Display: Shutting down PIE online subsystems
[2020.05.12-16.35.04:620][356]LogBlueprintUserMessages: Late EndPlayMap Detection: Level '/Game/IndividualFolders/Dana_Sawdon/Maps/ShipSelect.ShipSelect:PersistentLevel' has LevelScriptBlueprint '/Game/IndividualFolders/Dana_Sawdon/Maps/ShipSelect.ShipSelect:PersistentLevel.ShipSelect' with GeneratedClass '/Game/IndividualFolders/Dana_Sawdon/Maps/ShipSelect.ShipSelect_C' with ClassGeneratedBy '/Game/IndividualFolders/Dana_Sawdon/Maps/ShipSelect.ShipSelect:PersistentLevel.ShipSelect'
[2020.05.12-16.35.04:652][356]LogSlate: Updating window title bar state: overlay mode, drag disabled, window buttons hidden, title bar hidden
[2020.05.12-16.35.04:681][358]LogPlayLevel: Display: Destroying online subsystem :Context_22
[2020.05.12-16.35.10:872][ 62]LogSavePackage: Moving 'C:/Users/danas/Documents/GitHub/Atlas-Studios/Asteroids_2020/Saved/DS_W_ShipSlide1F07D93E4B9B804492A92587AEA7BD58.tmp' to 'C:/Users/danas/Documents/GitHub/Atlas-Studios/Asteroids_2020/Content/IndividualFolders/Dana_Sawdon/UI/DS_W_ShipSlide.uasset'
[2020.05.12-16.35.10:949][ 62]LogSavePackage: Moving 'C:/Users/danas/Documents/GitHub/Atlas-Studios/Asteroids_2020/Saved/DS_W_ShipSlide2DFB07ECE461794D244CB5A8B7D2BD658.tmp' to 'C:/Users/danas/Documents/GitHub/Atlas-Studios/Asteroids_2020/Content/IndividualFolders/Dana_Sawdon/UI/DS_W_ShipSlide2.uasset'
[2020.05.12-16.35.11:026][ 62]LogSavePackage: Moving 'C:/Users/danas/Documents/GitHub/Atlas-Studios/Asteroids_2020/Saved/DS_W_ShipSlide35176423B4C86FFD7ABE7C485F087D6B7.tmp' to 'C:/Users/danas/Documents/GitHub/Atlas-Studios/Asteroids_2020/Content/IndividualFolders/Dana_Sawdon/UI/DS_W_ShipSlide3.uasset'
