Log file open, 03/06/20 09:05:07
LogWindows: Failed to load 'aqProf.dll' (GetLastError=126)
LogWindows: File 'aqProf.dll' does not exist
LogWindows: Failed to load 'VtuneApi.dll' (GetLastError=126)
LogWindows: File 'VtuneApi.dll' does not exist
LogWindows: Failed to load 'VtuneApi32e.dll' (GetLastError=126)
LogWindows: File 'VtuneApi32e.dll' does not exist
LogConsoleResponse: Display: Failed to find resolution value strings in scalability ini. Falling back to default.
LogInit: Display: Running engine for game: Asteroids_2020
LogPakFile: Registered encryption key '00000000000000000000000000000000': 0 pak files mounted, 0 remain pending
LogPlatformFile: Not using cached read wrapper
LogTaskGraph: Started task graph with 5 named threads and 35 total threads with 3 sets of task threads.
LogStats: Stats thread started at 0.422351
LogD3D11RHI: Loaded GFSDK_Aftermath_Lib.x64.dll
LogICUInternationalization: ICU TimeZone Detection - Raw Offset: +0:00, Platform Override: ''
LogPluginManager: Mounting plugin Paper2D
LogPluginManager: Mounting plugin AISupport
LogPluginManager: Mounting plugin LightPropagationVolume
LogPluginManager: Mounting plugin ActorLayerUtilities
LogPluginManager: Mounting plugin CLionSourceCodeAccess
LogPluginManager: Mounting plugin CodeLiteSourceCodeAccess
LogPluginManager: Mounting plugin GitSourceControl
LogPluginManager: Mounting plugin KDevelopSourceCodeAccess
LogPluginManager: Mounting plugin NullSourceCodeAccess
LogPluginManager: Mounting plugin PerforceSourceControl
LogPluginManager: Mounting plugin SubversionSourceControl
LogPluginManager: Mounting plugin UObjectPlugin
LogPluginManager: Mounting plugin VisualStudioCodeSourceCodeAccess
LogPluginManager: Mounting plugin VisualStudioSourceCodeAccess
LogPluginManager: Mounting plugin XCodeSourceCodeAccess
LogPluginManager: Mounting plugin AssetManagerEditor
LogPluginManager: Mounting plugin CryptoKeys
LogPluginManager: Mounting plugin DataValidation
LogPluginManager: Mounting plugin FacialAnimation
LogPluginManager: Mounting plugin GameplayTagsEditor
LogPluginManager: Mounting plugin MacGraphicsSwitching
LogPluginManager: Mounting plugin MeshEditor
LogPluginManager: Mounting plugin MobileLauncherProfileWizard
LogPluginManager: Mounting plugin PluginBrowser
LogPluginManager: Mounting plugin SpeedTreeImporter
LogPluginManager: Mounting plugin DatasmithContent
LogPluginManager: Mounting plugin VariantManagerContent
LogPluginManager: Mounting plugin AlembicImporter
LogPluginManager: Mounting plugin AppleImageUtils
LogPluginManager: Mounting plugin AppleVision
LogPluginManager: Mounting plugin BackChannel
LogPluginManager: Mounting plugin CharacterAI
LogPluginManager: Mounting plugin GeometryCache
LogPluginManager: Mounting plugin HTML5Networking
LogPluginManager: Mounting plugin ProxyLODPlugin
LogPluginManager: Mounting plugin MagicLeap
LogPluginManager: Mounting plugin MagicLeapMedia
LogPluginManager: Mounting plugin AndroidMedia
LogPluginManager: Mounting plugin AvfMedia
LogPluginManager: Mounting plugin ImgMedia
LogPluginManager: Mounting plugin LinearTimecode
LogPluginManager: Mounting plugin MediaCompositing
LogPluginManager: Mounting plugin MediaPlayerEditor
LogPluginManager: Mounting plugin WebMMedia
LogPluginManager: Mounting plugin WmfMedia
LogPluginManager: Mounting plugin TcpMessaging
LogPluginManager: Mounting plugin UdpMessaging
LogPluginManager: Mounting plugin ActorSequence
LogPluginManager: Mounting plugin LevelSequenceEditor
LogPluginManager: Mounting plugin MatineeToLevelSequence
LogPluginManager: Mounting plugin NetcodeUnitTest
LogPluginManager: Mounting plugin NUTUnrealEngine4
LogPluginManager: Mounting plugin OnlineSubsystemGooglePlay
LogPluginManager: Mounting plugin OnlineSubsystemIOS
LogPluginManager: Mounting plugin OnlineSubsystem
LogPluginManager: Mounting plugin OnlineSubsystemNull
LogPluginManager: Mounting plugin OnlineSubsystemUtils
LogPluginManager: Mounting plugin LauncherChunkInstaller
LogPluginManager: Mounting plugin AndroidDeviceProfileSelector
LogPluginManager: Mounting plugin AndroidMoviePlayer
LogPluginManager: Mounting plugin AndroidPermission
LogPluginManager: Mounting plugin ApexDestruction
LogPluginManager: Mounting plugin AppleMoviePlayer
LogPluginManager: Mounting plugin ArchVisCharacter
LogPluginManager: Mounting plugin AudioCapture
LogPluginManager: Mounting plugin CableComponent
LogPluginManager: Mounting plugin CustomMeshComponent
LogPluginManager: Mounting plugin EditableMesh
LogPluginManager: Mounting plugin ExampleDeviceProfileSelector
LogPluginManager: Mounting plugin Firebase
LogPluginManager: Mounting plugin GoogleCloudMessaging
LogPluginManager: Mounting plugin IOSDeviceProfileSelector
LogPluginManager: Mounting plugin LinuxDeviceProfileSelector
LogPluginManager: Mounting plugin LocationServicesBPLibrary
LogPluginManager: Mounting plugin MobilePatchingUtils
LogPluginManager: Mounting plugin OculusVR
LogPluginManager: Mounting plugin PhysXVehicles
LogPluginManager: Mounting plugin ProceduralMeshComponent
LogPluginManager: Mounting plugin RuntimePhysXCooking
LogPluginManager: Mounting plugin SteamVR
LogPluginManager: Mounting plugin WebMMoviePlayer
LogPluginManager: Mounting plugin WindowsMoviePlayer
LogStreaming: Display: Took 35.956s to configure plugins.
LogInit: Using libcurl 7.55.1-DEV
LogInit:  - built for x86_64-pc-win32
LogInit:  - supports SSL with OpenSSL/1.0.2h
LogInit:  - supports HTTP deflate (compression) using libz 1.2.8
LogInit:  - other features:
LogInit:      CURL_VERSION_SSL
LogInit:      CURL_VERSION_LIBZ
LogInit:      CURL_VERSION_IPV6
LogInit:      CURL_VERSION_ASYNCHDNS
LogInit:      CURL_VERSION_LARGEFILE
LogInit:      CURL_VERSION_IDN
LogInit:  CurlRequestOptions (configurable via config and command line):
LogInit:  - bVerifyPeer = true  - Libcurl will verify peer certificate
LogInit:  - bUseHttpProxy = false  - Libcurl will NOT use HTTP proxy
LogInit:  - bDontReuseConnections = false  - Libcurl will reuse connections
LogInit:  - MaxHostConnections = 16  - Libcurl will limit the number of connections to a host
LogInit:  - LocalHostAddr = Default
LogInit:  - BufferSize = 65536
LogInit: WinSock: version 1.1 (2.2), MaxSocks=32767, MaxUdp=65467
LogInit: Build: ++UE4+Release-4.21-CL-4753647
LogInit: Engine Version: 4.21.2-4753647+++UE4+Release-4.21
LogInit: Compatible Engine Version: 4.21.0-4541578+++UE4+Release-4.21
LogInit: Net CL: 4541578
LogInit: OS: Windows 10 (), CPU: Intel(R) Xeon(R) CPU E5-1650 v3 @ 3.50GHz, GPU: NVIDIA GeForce GTX 980 Ti
LogInit: Compiled (64-bit): Jan 19 2019 02:07:31
LogInit: Compiled with Visual C++: 19.13.26129.00
LogInit: Build Configuration: Development
LogInit: Branch Name: ++UE4+Release-4.21
LogInit: Command Line: 
LogInit: Base Directory: C:/Program Files/Epic Games/UE_4.21/Engine/Binaries/Win64/
LogInit: Installed Engine Build: 1
LogDevObjectVersion: Number of dev versions registered: 22
LogDevObjectVersion:   Dev-Blueprints (B0D832E4-1F89-4F0D-ACCF-7EB736FD4AA2): 10
LogDevObjectVersion:   Dev-Build (E1C64328-A22C-4D53-A36C-8E866417BD8C): 0
LogDevObjectVersion:   Dev-Core (375EC13C-06E4-48FB-B500-84F0262A717E): 2
LogDevObjectVersion:   Dev-Editor (E4B068ED-F494-42E9-A231-DA0B2E46BB41): 26
LogDevObjectVersion:   Dev-Framework (CFFC743F-43B0-4480-9391-14DF171D2073): 34
LogDevObjectVersion:   Dev-Mobile (B02B49B5-BB20-44E9-A304-32B752E40360): 2
LogDevObjectVersion:   Dev-Networking (A4E4105C-59A1-49B5-A7C5-40C4547EDFEE): 0
LogDevObjectVersion:   Dev-Online (39C831C9-5AE6-47DC-9A44-9C173E1C8E7C): 0
LogDevObjectVersion:   Dev-Physics (78F01B33-EBEA-4F98-B9B4-84EACCB95AA2): 0
LogDevObjectVersion:   Dev-Platform (6631380F-2D4D-43E0-8009-CF276956A95A): 0
LogDevObjectVersion:   Dev-Rendering (12F88B9F-8875-4AFC-A67C-D90C383ABD29): 27
LogDevObjectVersion:   Dev-Sequencer (7B5AE74C-D270-4C10-A958-57980B212A5A): 9
LogDevObjectVersion:   Dev-VR (D7296918-1DD6-4BDD-9DE2-64A83CC13884): 2
LogDevObjectVersion:   Dev-LoadTimes (C2A15278-BFE7-4AFE-6C17-90FF531DF755): 1
LogDevObjectVersion:   Private-Geometry (6EACA3D4-40EC-4CC1-B786-8BED09428FC5): 3
LogDevObjectVersion:   Dev-AnimPhys (29E575DD-E0A3-4627-9D10-D276232CDCEA): 17
LogDevObjectVersion:   Dev-Anim (AF43A65D-7FD3-4947-9873-3E8ED9C1BB05): 2
LogDevObjectVersion:   Dev-ReflectionCapture (6B266CEC-1EC7-4B8F-A30B-E4D90942FC07): 1
LogDevObjectVersion:   Dev-Automation (0DF73D61-A23F-47EA-B727-89E90C41499A): 1
LogDevObjectVersion:   FortniteMain (601D1886-AC64-4F84-AA16-D3DE0DEAC7D6): 17
LogDevObjectVersion:   Dev-Enterprise (9DFFBCD6-494F-0158-E221-12823C92A888): 4
LogDevObjectVersion:   Dev-Niagara (F2AED0AC-9AFE-416F-8664-AA7FFA26D6FC): 1
LogStreaming: Display: Took  1.654s to delete old logs.
LogInit: Presizing for max 8388607 objects, including 0 objects not considered by GC, pre-allocating 0 bytes for permanent pool.
LogInit: Object subsystem initialized
LogConfig: Setting CVar [[con.DebugEarlyDefault:1]]
LogConfig: Setting CVar [[r.setres:1280x720]]
[2020.03.06-09.05.44:313][  0]LogConfig: Setting CVar [[r.VSync:0]]
[2020.03.06-09.05.44:313][  0]LogConfig: Setting CVar [[r.RHICmdBypass:0]]
[2020.03.06-09.05.44:314][  0]LogConfig: Applying CVar settings from Section [/Script/Engine.RendererSettings] File [U:/Atlas-Studios/Asteroids_2020/Saved/Config/Windows/Engine.ini]
[2020.03.06-09.05.44:314][  0]LogConfig: Setting CVar [[r.GPUCrashDebugging:0]]
[2020.03.06-09.05.44:314][  0]LogConfig: Setting CVar [[r.DefaultFeature.AutoExposure:0]]
[2020.03.06-09.05.44:314][  0]LogConfig: Setting CVar [[r.DefaultFeature.AutoExposure.Method:0]]
[2020.03.06-09.05.44:314][  0]LogConfig: Applying CVar settings from Section [/Script/Engine.RendererOverrideSettings] File [U:/Atlas-Studios/Asteroids_2020/Saved/Config/Windows/Engine.ini]
[2020.03.06-09.05.44:314][  0]LogConfig: Applying CVar settings from Section [/Script/Engine.StreamingSettings] File [U:/Atlas-Studios/Asteroids_2020/Saved/Config/Windows/Engine.ini]
[2020.03.06-09.05.44:314][  0]LogConfig: Setting CVar [[s.MinBulkDataSizeForAsyncLoading:131072]]
[2020.03.06-09.05.44:314][  0]LogConfig: Setting CVar [[s.AsyncLoadingThreadEnabled:0]]
[2020.03.06-09.05.44:314][  0]LogConfig: Setting CVar [[s.EventDrivenLoaderEnabled:1]]
[2020.03.06-09.05.44:314][  0]LogConfig: Setting CVar [[s.WarnIfTimeLimitExceeded:0]]
[2020.03.06-09.05.44:314][  0]LogConfig: Setting CVar [[s.TimeLimitExceededMultiplier:1.5]]
[2020.03.06-09.05.44:314][  0]LogConfig: Setting CVar [[s.TimeLimitExceededMinTime:0.005]]
[2020.03.06-09.05.44:314][  0]LogConfig: Setting CVar [[s.UseBackgroundLevelStreaming:1]]
[2020.03.06-09.05.44:314][  0]LogConfig: Setting CVar [[s.PriorityAsyncLoadingExtraTime:15.0]]
[2020.03.06-09.05.44:314][  0]LogConfig: Setting CVar [[s.LevelStreamingActorsUpdateTimeLimit:5.0]]
[2020.03.06-09.05.44:314][  0]LogConfig: Setting CVar [[s.PriorityLevelStreamingActorsUpdateExtraTime:5.0]]
[2020.03.06-09.05.44:314][  0]LogConfig: Setting CVar [[s.LevelStreamingComponentsRegistrationGranularity:10]]
[2020.03.06-09.05.44:315][  0]LogConfig: Setting CVar [[s.UnregisterComponentsTimeLimit:1.0]]
[2020.03.06-09.05.44:315][  0]LogConfig: Setting CVar [[s.LevelStreamingComponentsUnregistrationGranularity:5]]
[2020.03.06-09.05.44:315][  0]LogConfig: Applying CVar settings from Section [/Script/Engine.GarbageCollectionSettings] File [U:/Atlas-Studios/Asteroids_2020/Saved/Config/Windows/Engine.ini]
[2020.03.06-09.05.44:315][  0]LogConfig: Setting CVar [[gc.MaxObjectsNotConsideredByGC:1]]
[2020.03.06-09.05.44:315][  0]LogConfig: Setting CVar [[gc.SizeOfPermanentObjectPool:0]]
[2020.03.06-09.05.44:315][  0]LogConfig: Setting CVar [[gc.FlushStreamingOnGC:0]]
[2020.03.06-09.05.44:315][  0]LogConfig: Setting CVar [[gc.NumRetriesBeforeForcingGC:10]]
[2020.03.06-09.05.44:315][  0]LogConfig: Setting CVar [[gc.AllowParallelGC:1]]
[2020.03.06-09.05.44:315][  0]LogConfig: Setting CVar [[gc.TimeBetweenPurgingPendingKillObjects:61.1]]
[2020.03.06-09.05.44:315][  0]LogConfig: Setting CVar [[gc.MaxObjectsInEditor:8388607]]
[2020.03.06-09.05.44:315][  0]LogConfig: Setting CVar [[gc.IncrementalBeginDestroyEnabled:1]]
[2020.03.06-09.05.44:315][  0]LogConfig: Setting CVar [[gc.CreateGCClusters:1]]
[2020.03.06-09.05.44:315][  0]LogConfig: Setting CVar [[gc.MergeGCClusters:0]]
[2020.03.06-09.05.44:315][  0]LogConfig: Setting CVar [[gc.MinGCClusterSize:5]]
[2020.03.06-09.05.44:315][  0]LogConfig: Setting CVar [[gc.ActorClusteringEnabled:0]]
[2020.03.06-09.05.44:315][  0]LogConfig: Setting CVar [[gc.BlueprintClusteringEnabled:0]]
[2020.03.06-09.05.44:315][  0]LogConfig: Setting CVar [[gc.UseDisregardForGCOnDedicatedServers:0]]
[2020.03.06-09.05.44:316][  0]LogConfig: Applying CVar settings from Section [/Script/Engine.NetworkSettings] File [U:/Atlas-Studios/Asteroids_2020/Saved/Config/Windows/Engine.ini]
[2020.03.06-09.05.44:316][  0]LogConfig: Applying CVar settings from Section [/Script/UnrealEd.CookerSettings] File [U:/Atlas-Studios/Asteroids_2020/Saved/Config/Windows/Engine.ini]
[2020.03.06-09.05.44:367][  0]LogConfig: Applying CVar settings from Section [ViewDistanceQuality@3] File [U:/Atlas-Studios/Asteroids_2020/Saved/Config/Windows/Scalability.ini]
[2020.03.06-09.05.44:367][  0]LogConfig: Setting CVar [[r.SkeletalMeshLODBias:0]]
[2020.03.06-09.05.44:367][  0]LogConfig: Setting CVar [[r.ViewDistanceScale:1.0]]
[2020.03.06-09.05.44:367][  0]LogConfig: Applying CVar settings from Section [AntiAliasingQuality@3] File [U:/Atlas-Studios/Asteroids_2020/Saved/Config/Windows/Scalability.ini]
[2020.03.06-09.05.44:367][  0]LogConfig: Setting CVar [[r.PostProcessAAQuality:4]]
[2020.03.06-09.05.44:367][  0]LogConfig: Applying CVar settings from Section [ShadowQuality@3] File [U:/Atlas-Studios/Asteroids_2020/Saved/Config/Windows/Scalability.ini]
[2020.03.06-09.05.44:367][  0]LogConfig: Setting CVar [[r.LightFunctionQuality:1]]
[2020.03.06-09.05.44:367][  0]LogConfig: Setting CVar [[r.ShadowQuality:5]]
[2020.03.06-09.05.44:367][  0]LogConfig: Setting CVar [[r.Shadow.CSM.MaxCascades:10]]
[2020.03.06-09.05.44:367][  0]LogConfig: Setting CVar [[r.Shadow.MaxResolution:2048]]
[2020.03.06-09.05.44:367][  0]LogConfig: Setting CVar [[r.Shadow.MaxCSMResolution:2048]]
[2020.03.06-09.05.44:367][  0]LogConfig: Setting CVar [[r.Shadow.RadiusThreshold:0.01]]
[2020.03.06-09.05.44:367][  0]LogConfig: Setting CVar [[r.Shadow.DistanceScale:1.0]]
[2020.03.06-09.05.44:367][  0]LogConfig: Setting CVar [[r.Shadow.CSM.TransitionScale:1.0]]
[2020.03.06-09.05.44:367][  0]LogConfig: Setting CVar [[r.Shadow.PreShadowResolutionFactor:1.0]]
[2020.03.06-09.05.44:367][  0]LogConfig: Setting CVar [[r.DistanceFieldShadowing:1]]
[2020.03.06-09.05.44:367][  0]LogConfig: Setting CVar [[r.DistanceFieldAO:1]]
[2020.03.06-09.05.44:367][  0]LogConfig: Setting CVar [[r.AOQuality:2]]
[2020.03.06-09.05.44:367][  0]LogConfig: Setting CVar [[r.VolumetricFog:1]]
[2020.03.06-09.05.44:367][  0]LogConfig: Setting CVar [[r.VolumetricFog.GridPixelSize:8]]
[2020.03.06-09.05.44:367][  0]LogConfig: Setting CVar [[r.VolumetricFog.GridSizeZ:128]]
[2020.03.06-09.05.44:368][  0]LogConfig: Setting CVar [[r.VolumetricFog.HistoryMissSupersampleCount:4]]
[2020.03.06-09.05.44:368][  0]LogConfig: Setting CVar [[r.LightMaxDrawDistanceScale:1]]
[2020.03.06-09.05.44:368][  0]LogConfig: Setting CVar [[r.CapsuleShadows:1]]
[2020.03.06-09.05.44:368][  0]LogConfig: Applying CVar settings from Section [PostProcessQuality@3] File [U:/Atlas-Studios/Asteroids_2020/Saved/Config/Windows/Scalability.ini]
[2020.03.06-09.05.44:368][  0]LogConfig: Setting CVar [[r.MotionBlurQuality:4]]
[2020.03.06-09.05.44:368][  0]LogConfig: Setting CVar [[r.AmbientOcclusionMipLevelFactor:0.4]]
[2020.03.06-09.05.44:368][  0]LogConfig: Setting CVar [[r.AmbientOcclusionMaxQuality:100]]
[2020.03.06-09.05.44:368][  0]LogConfig: Setting CVar [[r.AmbientOcclusionLevels:-1]]
[2020.03.06-09.05.44:368][  0]LogConfig: Setting CVar [[r.AmbientOcclusionRadiusScale:1.0]]
[2020.03.06-09.05.44:368][  0]LogConfig: Setting CVar [[r.DepthOfFieldQuality:2]]
[2020.03.06-09.05.44:368][  0]LogConfig: Setting CVar [[r.RenderTargetPoolMin:400]]
[2020.03.06-09.05.44:368][  0]LogConfig: Setting CVar [[r.LensFlareQuality:2]]
[2020.03.06-09.05.44:368][  0]LogConfig: Setting CVar [[r.SceneColorFringeQuality:1]]
[2020.03.06-09.05.44:368][  0]LogConfig: Setting CVar [[r.EyeAdaptationQuality:2]]
[2020.03.06-09.05.44:368][  0]LogConfig: Setting CVar [[r.BloomQuality:5]]
[2020.03.06-09.05.44:368][  0]LogConfig: Setting CVar [[r.FastBlurThreshold:100]]
[2020.03.06-09.05.44:368][  0]LogConfig: Setting CVar [[r.Upscale.Quality:3]]
[2020.03.06-09.05.44:368][  0]LogConfig: Setting CVar [[r.Tonemapper.GrainQuantization:1]]
[2020.03.06-09.05.44:368][  0]LogConfig: Setting CVar [[r.LightShaftQuality:1]]
[2020.03.06-09.05.44:368][  0]LogConfig: Setting CVar [[r.Filter.SizeScale:1]]
[2020.03.06-09.05.44:368][  0]LogConfig: Setting CVar [[r.Tonemapper.Quality:5]]
[2020.03.06-09.05.44:368][  0]LogConfig: Setting CVar [[r.DOF.Gather.AccumulatorQuality:1        ; higher gathering accumulator quality]]
[2020.03.06-09.05.44:368][  0]LogConfig: Setting CVar [[r.DOF.Gather.PostfilterMethod:1          ; Median3x3 postfilering method]]
[2020.03.06-09.05.44:368][  0]LogConfig: Setting CVar [[r.DOF.Gather.EnableBokehSettings:0       ; no bokeh simulation when gathering]]
[2020.03.06-09.05.44:368][  0]LogConfig: Setting CVar [[r.DOF.Gather.RingCount:4                 ; medium number of samples when gathering]]
[2020.03.06-09.05.44:368][  0]LogConfig: Setting CVar [[r.DOF.Scatter.ForegroundCompositing:1    ; additive foreground scattering]]
[2020.03.06-09.05.44:368][  0]LogConfig: Setting CVar [[r.DOF.Scatter.BackgroundCompositing:2    ; additive background scattering]]
[2020.03.06-09.05.44:368][  0]LogConfig: Setting CVar [[r.DOF.Scatter.EnableBokehSettings:1      ; bokeh simulation when scattering]]
[2020.03.06-09.05.44:368][  0]LogConfig: Setting CVar [[r.DOF.Scatter.MaxSpriteRatio:0.1         ; only a maximum of 10% of scattered bokeh]]
[2020.03.06-09.05.44:368][  0]LogConfig: Setting CVar [[r.DOF.Recombine.Quality:1                ; cheap slight out of focus]]
[2020.03.06-09.05.44:368][  0]LogConfig: Setting CVar [[r.DOF.Recombine.EnableBokehSettings:0    ; no bokeh simulation on slight out of focus]]
[2020.03.06-09.05.44:368][  0]LogConfig: Setting CVar [[r.DOF.TemporalAAQuality:1                ; more stable temporal accumulation]]
[2020.03.06-09.05.44:369][  0]LogConfig: Setting CVar [[r.DOF.Kernel.MaxForegroundRadius:0.025]]
[2020.03.06-09.05.44:369][  0]LogConfig: Setting CVar [[r.DOF.Kernel.MaxBackgroundRadius:0.025]]
[2020.03.06-09.05.44:369][  0]LogConfig: Applying CVar settings from Section [TextureQuality@3] File [U:/Atlas-Studios/Asteroids_2020/Saved/Config/Windows/Scalability.ini]
[2020.03.06-09.05.44:369][  0]LogConfig: Setting CVar [[r.Streaming.MipBias:0]]
[2020.03.06-09.05.44:369][  0]LogConfig: Setting CVar [[r.Streaming.AmortizeCPUToGPUCopy:0]]
[2020.03.06-09.05.44:369][  0]LogConfig: Setting CVar [[r.Streaming.MaxNumTexturesToStreamPerFrame:0]]
[2020.03.06-09.05.44:369][  0]LogConfig: Setting CVar [[r.Streaming.Boost:1]]
[2020.03.06-09.05.44:369][  0]LogConfig: Setting CVar [[r.MaxAnisotropy:8]]
[2020.03.06-09.05.44:369][  0]LogConfig: Setting CVar [[r.Streaming.LimitPoolSizeToVRAM:0]]
[2020.03.06-09.05.44:369][  0]LogConfig: Setting CVar [[r.Streaming.PoolSize:1000]]
[2020.03.06-09.05.44:369][  0]LogConfig: Setting CVar [[r.Streaming.MaxEffectiveScreenSize:0]]
[2020.03.06-09.05.44:369][  0]LogConfig: Applying CVar settings from Section [EffectsQuality@3] File [U:/Atlas-Studios/Asteroids_2020/Saved/Config/Windows/Scalability.ini]
[2020.03.06-09.05.44:369][  0]LogConfig: Setting CVar [[r.TranslucencyLightingVolumeDim:64]]
[2020.03.06-09.05.44:369][  0]LogConfig: Setting CVar [[r.RefractionQuality:2]]
[2020.03.06-09.05.44:369][  0]LogConfig: Setting CVar [[r.SSR.Quality:3]]
[2020.03.06-09.05.44:369][  0]LogConfig: Setting CVar [[r.SceneColorFormat:4]]
[2020.03.06-09.05.44:369][  0]LogConfig: Setting CVar [[r.DetailMode:2]]
[2020.03.06-09.05.44:369][  0]LogConfig: Setting CVar [[r.TranslucencyVolumeBlur:1]]
[2020.03.06-09.05.44:369][  0]LogConfig: Setting CVar [[r.MaterialQualityLevel:1 ; High quality]]
[2020.03.06-09.05.44:369][  0]LogConfig: Setting CVar [[r.SSS.Scale:1]]
[2020.03.06-09.05.44:369][  0]LogConfig: Setting CVar [[r.SSS.SampleSet:2]]
[2020.03.06-09.05.44:369][  0]LogConfig: Setting CVar [[r.SSS.Quality:1]]
[2020.03.06-09.05.44:369][  0]LogConfig: Setting CVar [[r.SSS.HalfRes:1]]
[2020.03.06-09.05.44:369][  0]LogConfig: Setting CVar [[r.EmitterSpawnRateScale:1.0]]
[2020.03.06-09.05.44:369][  0]LogConfig: Setting CVar [[r.ParticleLightQuality:2]]
[2020.03.06-09.05.44:369][  0]LogConfig: Applying CVar settings from Section [FoliageQuality@3] File [U:/Atlas-Studios/Asteroids_2020/Saved/Config/Windows/Scalability.ini]
[2020.03.06-09.05.44:369][  0]LogConfig: Setting CVar [[foliage.DensityScale:1.0]]
[2020.03.06-09.05.44:369][  0]LogConfig: Setting CVar [[grass.DensityScale:1.0]]
[2020.03.06-09.05.44:369][  0]LogInit: Selected Device Profile: [Windows]
[2020.03.06-09.05.44:370][  0]LogInit: Applying CVar settings loaded from the selected device profile: [Windows]
[2020.03.06-09.05.45:674][  0]LogHAL: Display: Platform has ~ 32 GB [34271838208 / 34359738368 / 32], which maps to Largest [LargestMinGB=32, LargerMinGB=12, DefaultMinGB=8, SmallerMinGB=6, SmallestMinGB=0)
[2020.03.06-09.05.45:674][  0]LogConfig: Setting CVar [[r.Vulkan.UseRealUBs:1]]
[2020.03.06-09.05.45:674][  0]LogInit: Going up to parent DeviceProfile []
[2020.03.06-09.05.45:674][  0]LogConfig: Applying CVar settings from Section [ViewDistanceQuality@3] File [U:/Atlas-Studios/Asteroids_2020/Saved/Config/Windows/Scalability.ini]
[2020.03.06-09.05.45:674][  0]LogConfig: Setting CVar [[r.SkeletalMeshLODBias:0]]
[2020.03.06-09.05.45:674][  0]LogConfig: Setting CVar [[r.ViewDistanceScale:1.0]]
[2020.03.06-09.05.45:674][  0]LogConfig: Applying CVar settings from Section [AntiAliasingQuality@3] File [U:/Atlas-Studios/Asteroids_2020/Saved/Config/Windows/Scalability.ini]
[2020.03.06-09.05.45:674][  0]LogConfig: Setting CVar [[r.PostProcessAAQuality:4]]
[2020.03.06-09.05.45:674][  0]LogConfig: Applying CVar settings from Section [ShadowQuality@3] File [U:/Atlas-Studios/Asteroids_2020/Saved/Config/Windows/Scalability.ini]
[2020.03.06-09.05.45:674][  0]LogConfig: Setting CVar [[r.LightFunctionQuality:1]]
[2020.03.06-09.05.45:674][  0]LogConfig: Setting CVar [[r.ShadowQuality:5]]
[2020.03.06-09.05.45:674][  0]LogConfig: Setting CVar [[r.Shadow.CSM.MaxCascades:10]]
[2020.03.06-09.05.45:674][  0]LogConfig: Setting CVar [[r.Shadow.MaxResolution:2048]]
[2020.03.06-09.05.45:674][  0]LogConfig: Setting CVar [[r.Shadow.MaxCSMResolution:2048]]
[2020.03.06-09.05.45:674][  0]LogConfig: Setting CVar [[r.Shadow.RadiusThreshold:0.01]]
[2020.03.06-09.05.45:674][  0]LogConfig: Setting CVar [[r.Shadow.DistanceScale:1.0]]
[2020.03.06-09.05.45:674][  0]LogConfig: Setting CVar [[r.Shadow.CSM.TransitionScale:1.0]]
[2020.03.06-09.05.45:674][  0]LogConfig: Setting CVar [[r.Shadow.PreShadowResolutionFactor:1.0]]
[2020.03.06-09.05.45:674][  0]LogConfig: Setting CVar [[r.DistanceFieldShadowing:1]]
[2020.03.06-09.05.45:674][  0]LogConfig: Setting CVar [[r.DistanceFieldAO:1]]
[2020.03.06-09.05.45:674][  0]LogConfig: Setting CVar [[r.AOQuality:2]]
[2020.03.06-09.05.45:674][  0]LogConfig: Setting CVar [[r.VolumetricFog:1]]
[2020.03.06-09.05.45:674][  0]LogConfig: Setting CVar [[r.VolumetricFog.GridPixelSize:8]]
[2020.03.06-09.05.45:674][  0]LogConfig: Setting CVar [[r.VolumetricFog.GridSizeZ:128]]
[2020.03.06-09.05.45:674][  0]LogConfig: Setting CVar [[r.VolumetricFog.HistoryMissSupersampleCount:4]]
[2020.03.06-09.05.45:674][  0]LogConfig: Setting CVar [[r.LightMaxDrawDistanceScale:1]]
[2020.03.06-09.05.45:674][  0]LogConfig: Setting CVar [[r.CapsuleShadows:1]]
[2020.03.06-09.05.45:674][  0]LogConfig: Applying CVar settings from Section [PostProcessQuality@3] File [U:/Atlas-Studios/Asteroids_2020/Saved/Config/Windows/Scalability.ini]
[2020.03.06-09.05.45:675][  0]LogConfig: Setting CVar [[r.MotionBlurQuality:4]]
[2020.03.06-09.05.45:675][  0]LogConfig: Setting CVar [[r.AmbientOcclusionMipLevelFactor:0.4]]
[2020.03.06-09.05.45:675][  0]LogConfig: Setting CVar [[r.AmbientOcclusionMaxQuality:100]]
[2020.03.06-09.05.45:675][  0]LogConfig: Setting CVar [[r.AmbientOcclusionLevels:-1]]
[2020.03.06-09.05.45:675][  0]LogConfig: Setting CVar [[r.AmbientOcclusionRadiusScale:1.0]]
[2020.03.06-09.05.45:675][  0]LogConfig: Setting CVar [[r.DepthOfFieldQuality:2]]
[2020.03.06-09.05.45:675][  0]LogConfig: Setting CVar [[r.RenderTargetPoolMin:400]]
[2020.03.06-09.05.45:675][  0]LogConfig: Setting CVar [[r.LensFlareQuality:2]]
[2020.03.06-09.05.45:675][  0]LogConfig: Setting CVar [[r.SceneColorFringeQuality:1]]
[2020.03.06-09.05.45:675][  0]LogConfig: Setting CVar [[r.EyeAdaptationQuality:2]]
[2020.03.06-09.05.45:675][  0]LogConfig: Setting CVar [[r.BloomQuality:5]]
[2020.03.06-09.05.45:675][  0]LogConfig: Setting CVar [[r.FastBlurThreshold:100]]
[2020.03.06-09.05.45:675][  0]LogConfig: Setting CVar [[r.Upscale.Quality:3]]
[2020.03.06-09.05.45:675][  0]LogConfig: Setting CVar [[r.Tonemapper.GrainQuantization:1]]
[2020.03.06-09.05.45:675][  0]LogConfig: Setting CVar [[r.LightShaftQuality:1]]
[2020.03.06-09.05.45:675][  0]LogConfig: Setting CVar [[r.Filter.SizeScale:1]]
[2020.03.06-09.05.45:675][  0]LogConfig: Setting CVar [[r.Tonemapper.Quality:5]]
[2020.03.06-09.05.45:675][  0]LogConfig: Setting CVar [[r.DOF.Gather.AccumulatorQuality:1        ; higher gathering accumulator quality]]
[2020.03.06-09.05.45:675][  0]LogConfig: Setting CVar [[r.DOF.Gather.PostfilterMethod:1          ; Median3x3 postfilering method]]
[2020.03.06-09.05.45:675][  0]LogConfig: Setting CVar [[r.DOF.Gather.EnableBokehSettings:0       ; no bokeh simulation when gathering]]
[2020.03.06-09.05.45:675][  0]LogConfig: Setting CVar [[r.DOF.Gather.RingCount:4                 ; medium number of samples when gathering]]
[2020.03.06-09.05.45:675][  0]LogConfig: Setting CVar [[r.DOF.Scatter.ForegroundCompositing:1    ; additive foreground scattering]]
[2020.03.06-09.05.45:675][  0]LogConfig: Setting CVar [[r.DOF.Scatter.BackgroundCompositing:2    ; additive background scattering]]
[2020.03.06-09.05.45:675][  0]LogConfig: Setting CVar [[r.DOF.Scatter.EnableBokehSettings:1      ; bokeh simulation when scattering]]
[2020.03.06-09.05.45:675][  0]LogConfig: Setting CVar [[r.DOF.Scatter.MaxSpriteRatio:0.1         ; only a maximum of 10% of scattered bokeh]]
[2020.03.06-09.05.45:675][  0]LogConfig: Setting CVar [[r.DOF.Recombine.Quality:1                ; cheap slight out of focus]]
[2020.03.06-09.05.45:675][  0]LogConfig: Setting CVar [[r.DOF.Recombine.EnableBokehSettings:0    ; no bokeh simulation on slight out of focus]]
[2020.03.06-09.05.45:675][  0]LogConfig: Setting CVar [[r.DOF.TemporalAAQuality:1                ; more stable temporal accumulation]]
[2020.03.06-09.05.45:675][  0]LogConfig: Setting CVar [[r.DOF.Kernel.MaxForegroundRadius:0.025]]
[2020.03.06-09.05.45:675][  0]LogConfig: Setting CVar [[r.DOF.Kernel.MaxBackgroundRadius:0.025]]
[2020.03.06-09.05.45:675][  0]LogConfig: Applying CVar settings from Section [TextureQuality@3] File [U:/Atlas-Studios/Asteroids_2020/Saved/Config/Windows/Scalability.ini]
[2020.03.06-09.05.45:675][  0]LogConfig: Setting CVar [[r.Streaming.MipBias:0]]
[2020.03.06-09.05.45:675][  0]LogConfig: Setting CVar [[r.Streaming.AmortizeCPUToGPUCopy:0]]
[2020.03.06-09.05.45:675][  0]LogConfig: Setting CVar [[r.Streaming.MaxNumTexturesToStreamPerFrame:0]]
[2020.03.06-09.05.45:675][  0]LogConfig: Setting CVar [[r.Streaming.Boost:1]]
[2020.03.06-09.05.45:675][  0]LogConfig: Setting CVar [[r.MaxAnisotropy:8]]
[2020.03.06-09.05.45:675][  0]LogConfig: Setting CVar [[r.Streaming.LimitPoolSizeToVRAM:0]]
[2020.03.06-09.05.45:675][  0]LogConfig: Setting CVar [[r.Streaming.PoolSize:1000]]
[2020.03.06-09.05.45:675][  0]LogConfig: Setting CVar [[r.Streaming.MaxEffectiveScreenSize:0]]
[2020.03.06-09.05.45:675][  0]LogConfig: Applying CVar settings from Section [EffectsQuality@3] File [U:/Atlas-Studios/Asteroids_2020/Saved/Config/Windows/Scalability.ini]
[2020.03.06-09.05.45:675][  0]LogConfig: Setting CVar [[r.TranslucencyLightingVolumeDim:64]]
[2020.03.06-09.05.45:675][  0]LogConfig: Setting CVar [[r.RefractionQuality:2]]
[2020.03.06-09.05.45:675][  0]LogConfig: Setting CVar [[r.SSR.Quality:3]]
[2020.03.06-09.05.45:675][  0]LogConfig: Setting CVar [[r.SceneColorFormat:4]]
[2020.03.06-09.05.45:676][  0]LogConfig: Setting CVar [[r.DetailMode:2]]
[2020.03.06-09.05.45:676][  0]LogConfig: Setting CVar [[r.TranslucencyVolumeBlur:1]]
[2020.03.06-09.05.45:676][  0]LogConfig: Setting CVar [[r.MaterialQualityLevel:1 ; High quality]]
[2020.03.06-09.05.45:676][  0]LogConfig: Setting CVar [[r.SSS.Scale:1]]
[2020.03.06-09.05.45:676][  0]LogConfig: Setting CVar [[r.SSS.SampleSet:2]]
[2020.03.06-09.05.45:676][  0]LogConfig: Setting CVar [[r.SSS.Quality:1]]
[2020.03.06-09.05.45:676][  0]LogConfig: Setting CVar [[r.SSS.HalfRes:1]]
[2020.03.06-09.05.45:676][  0]LogConfig: Setting CVar [[r.EmitterSpawnRateScale:1.0]]
[2020.03.06-09.05.45:676][  0]LogConfig: Setting CVar [[r.ParticleLightQuality:2]]
[2020.03.06-09.05.45:676][  0]LogConfig: Applying CVar settings from Section [FoliageQuality@3] File [U:/Atlas-Studios/Asteroids_2020/Saved/Config/Windows/Scalability.ini]
[2020.03.06-09.05.45:676][  0]LogConfig: Setting CVar [[foliage.DensityScale:1.0]]
[2020.03.06-09.05.45:676][  0]LogConfig: Setting CVar [[grass.DensityScale:1.0]]
[2020.03.06-09.05.45:676][  0]LogConfig: Applying CVar settings from Section [Startup] File [../../../Engine/Config/ConsoleVariables.ini]
[2020.03.06-09.05.45:676][  0]LogConfig: Setting CVar [[net.UseAdaptiveNetUpdateFrequency:0]]
[2020.03.06-09.05.45:676][  0]LogConfig: Applying CVar settings from Section [ConsoleVariables] File [U:/Atlas-Studios/Asteroids_2020/Saved/Config/Windows/Engine.ini]
[2020.03.06-09.05.45:676][  0]LogInit: Computer: TU45018
[2020.03.06-09.05.45:676][  0]LogInit: User: v8074064
[2020.03.06-09.05.45:676][  0]LogInit: CPU Page size=4096, Cores=6
[2020.03.06-09.05.45:676][  0]LogInit: High frequency timer resolution =10.000000 MHz
[2020.03.06-09.05.45:677][  0]LogMemory: Memory total: Physical=31.9GB (32GB approx)
[2020.03.06-09.05.45:677][  0]LogMemory: Platform Memory Stats for Windows
[2020.03.06-09.05.45:677][  0]LogMemory: Process Physical Memory: 106.45 MB used, 106.45 MB peak
[2020.03.06-09.05.45:677][  0]LogMemory: Process Virtual Memory: 96.96 MB used, 96.96 MB peak
[2020.03.06-09.05.45:677][  0]LogMemory: Physical Memory: 7983.36 MB used,  24700.81 MB free, 32684.17 MB total
[2020.03.06-09.05.45:677][  0]LogMemory: Virtual Memory: 4660.01 MB used,  134213064.00 MB free, 134217728.00 MB total
[2020.03.06-09.05.45:830][  0]LogInit: Using OS detected language (en-GB).
[2020.03.06-09.05.45:830][  0]LogInit: Using OS detected locale (en-GB).
[2020.03.06-09.05.45:832][  0]LogTextLocalizationManager: No specific localization for 'en-GB' exists, so the 'en' localization will be used.
[2020.03.06-09.05.46:375][  0]LogStreaming: Display: Took  0.544s to InitEngineTextLocalization.
[2020.03.06-09.05.46:375][  0]LogInit: Setting process to per monitor DPI aware
[2020.03.06-09.05.46:910][  0]LogSlate: New Slate User Created.  User Index 0, Is Virtual User: 0
[2020.03.06-09.05.46:910][  0]LogSlate: Slate User Registered.  User Index 0, Is Virtual User: 0
[2020.03.06-09.05.47:158][  0]LogHMD: Failed to initialize OpenVR with code 110
[2020.03.06-09.05.47:158][  0]LogD3D11RHI: D3D11 adapters:
[2020.03.06-09.05.47:226][  0]LogD3D11RHI:    0. 'NVIDIA GeForce GTX 980 Ti' (Feature Level 11_0)
[2020.03.06-09.05.47:226][  0]LogD3D11RHI:       6097/0/16342 MB DedicatedVideo/DedicatedSystem/SharedSystem, Outputs:2, VendorId:0x10de
[2020.03.06-09.05.47:302][  0]LogD3D11RHI:    1. 'Microsoft Basic Render Driver' (Feature Level 11_0)
[2020.03.06-09.05.47:302][  0]LogD3D11RHI:       0/0/16342 MB DedicatedVideo/DedicatedSystem/SharedSystem, Outputs:0, VendorId:0x1414
[2020.03.06-09.05.47:302][  0]LogD3D11RHI: Chosen D3D11 Adapter: 0
[2020.03.06-09.05.47:309][  0]LogD3D11RHI: Creating new Direct3DDevice
[2020.03.06-09.05.47:309][  0]LogD3D11RHI:     GPU DeviceId: 0x17c8 (for the marketing name, search the web for "GPU Device Id")
[2020.03.06-09.05.47:309][  0]LogWindows: EnumDisplayDevices:
[2020.03.06-09.05.47:309][  0]LogWindows:    0. 'NVIDIA GeForce GTX 980 Ti' (P:1 D:1)
[2020.03.06-09.05.47:310][  0]LogWindows:    1. 'NVIDIA GeForce GTX 980 Ti' (P:0 D:1)
[2020.03.06-09.05.47:310][  0]LogWindows:    2. 'NVIDIA GeForce GTX 980 Ti' (P:0 D:0)
[2020.03.06-09.05.47:311][  0]LogWindows:    3. 'NVIDIA GeForce GTX 980 Ti' (P:0 D:0)
[2020.03.06-09.05.47:311][  0]LogWindows: DebugString: FoundDriverCount:4 
[2020.03.06-09.05.47:311][  0]LogD3D11RHI:     Adapter Name: NVIDIA GeForce GTX 980 Ti
[2020.03.06-09.05.47:311][  0]LogD3D11RHI:   Driver Version: 391.35 (internal:23.21.13.9135, unified:391.35)
[2020.03.06-09.05.47:311][  0]LogD3D11RHI:      Driver Date: 3-23-2018
[2020.03.06-09.05.47:311][  0]LogRHI: Texture pool is 4268 MB (70% of 6097 MB)
[2020.03.06-09.05.47:346][  0]LogD3D11RHI: Async texture creation enabled
[2020.03.06-09.05.47:362][  0]LogD3D11RHI: GPU Timing Frequency: 1000.000000 (Debug: 2 2)
[2020.03.06-09.05.48:918][  0]LogTemp: Display: Loaded TP AllDesktopTargetPlatform
[2020.03.06-09.05.49:355][  0]LogTemp: Display: Loaded TP MacClientTargetPlatform
[2020.03.06-09.05.49:634][  0]LogTemp: Display: Loaded TP MacNoEditorTargetPlatform
[2020.03.06-09.05.49:946][  0]LogTemp: Display: Loaded TP MacServerTargetPlatform
[2020.03.06-09.05.50:049][  0]LogTemp: Display: Loaded TP MacTargetPlatform
[2020.03.06-09.05.50:093][  0]LogTemp: Display: Loaded TP WindowsClientTargetPlatform
[2020.03.06-09.05.50:272][  0]LogTemp: Display: Loaded TP WindowsNoEditorTargetPlatform
[2020.03.06-09.05.50:611][  0]LogTemp: Display: Loaded TP WindowsServerTargetPlatform
[2020.03.06-09.05.50:619][  0]LogTemp: Display: Loaded TP WindowsTargetPlatform
[2020.03.06-09.05.51:024][  0]LogTemp: Display: Loaded TP AndroidTargetPlatform
[2020.03.06-09.05.51:024][  0]LogTemp: Display: Loaded TP AndroidTargetPlatform
[2020.03.06-09.05.51:024][  0]LogTemp: Display: Loaded TP AndroidTargetPlatform
[2020.03.06-09.05.51:024][  0]LogTemp: Display: Loaded TP AndroidTargetPlatform
[2020.03.06-09.05.51:024][  0]LogTemp: Display: Loaded TP AndroidTargetPlatform
[2020.03.06-09.05.51:024][  0]LogTemp: Display: Loaded TP AndroidTargetPlatform
[2020.03.06-09.05.51:024][  0]LogTemp: Display: Loaded TP AndroidTargetPlatform
[2020.03.06-09.05.51:024][  0]LogTemp: Display: Loaded TP AndroidTargetPlatform
[2020.03.06-09.05.51:024][  0]LogTemp: Display: Loaded TP AndroidTargetPlatform
[2020.03.06-09.05.51:024][  0]LogTemp: Display: Loaded TP AndroidTargetPlatform
[2020.03.06-09.05.51:024][  0]LogTemp: Display: Loaded TP AndroidTargetPlatform
[2020.03.06-09.05.51:024][  0]LogTemp: Display: Loaded TP AndroidTargetPlatform
[2020.03.06-09.05.51:024][  0]LogTemp: Display: Loaded TP AndroidTargetPlatform
[2020.03.06-09.05.51:024][  0]LogTemp: Display: Loaded TP AndroidTargetPlatform
[2020.03.06-09.05.51:024][  0]LogTemp: Display: Loaded TP AndroidTargetPlatform
[2020.03.06-09.05.51:024][  0]LogTemp: Display: Loaded TP AndroidTargetPlatform
[2020.03.06-09.05.51:024][  0]LogTemp: Display: Loaded TP AndroidTargetPlatform
[2020.03.06-09.05.51:024][  0]LogTemp: Display: Loaded TP AndroidTargetPlatform
[2020.03.06-09.05.51:026][  0]LogTemp: Display: Loaded TP HTML5TargetPlatform
[2020.03.06-09.05.51:303][  0]LogTemp: Display: Loaded TP IOSTargetPlatform
[2020.03.06-09.05.51:303][  0]LogTemp: Display: Loaded TP IOSTargetPlatform
[2020.03.06-09.05.51:452][  0]LogTemp: Display: Loaded TP TVOSTargetPlatform
[2020.03.06-09.05.51:452][  0]LogTemp: Display: Loaded TP TVOSTargetPlatform
[2020.03.06-09.05.51:521][  0]LogTemp: Display: Loaded TP LinuxClientTargetPlatform
[2020.03.06-09.05.51:808][  0]LogTemp: Display: Loaded TP LinuxNoEditorTargetPlatform
[2020.03.06-09.05.52:184][  0]LogTemp: Display: Loaded TP LinuxServerTargetPlatform
[2020.03.06-09.05.52:431][  0]LogTemp: Display: Loaded TP LinuxTargetPlatform
[2020.03.06-09.05.52:738][  0]LogTemp: Display: Loaded TP LuminTargetPlatform
[2020.03.06-09.05.52:738][  0]LogTemp: Display: Loaded TP LuminTargetPlatform
[2020.03.06-09.05.52:738][  0]LogTargetPlatformManager: Display: Building Assets For Windows
[2020.03.06-09.05.52:942][  0]LogShaderCompilers: Guid format shader working directory is 18 characters bigger than the processId version (U:/Atlas-Studios/Asteroids_2020/Intermediate/Shaders/WorkingDirectory/2024/).
[2020.03.06-09.05.52:942][  0]LogShaderCompilers: Cleaned the shader compiler working directory 'C:/Users/v8074064/AppData/Local/Temp/UnrealShaderWorkingDir/84777A6E452483F4F53959BC55EF71E7/'.
[2020.03.06-09.05.52:946][  0]LogXGEController: Cannot use XGE Controller as Incredibuild is not installed on this machine.
[2020.03.06-09.05.52:946][  0]LogShaderCompilers: Cannot use XGE Shader Compiler as Incredibuild is not installed on this machine.
[2020.03.06-09.05.52:946][  0]LogShaderCompilers: Display: Using Local Shader Compiler.
[2020.03.06-09.05.53:716][  0]LogDerivedDataCache: Display: Max Cache Size: 512 MB
[2020.03.06-09.05.53:780][  0]LogDerivedDataCache: Loaded boot cache 0.06s 71MB C:/Users/v8074064/AppData/Local/UnrealEngine/4.21/DerivedDataCache/Boot.ddc.
[2020.03.06-09.05.53:780][  0]LogDerivedDataCache: Display: Loaded Boot cache: C:/Users/v8074064/AppData/Local/UnrealEngine/4.21/DerivedDataCache/Boot.ddc
[2020.03.06-09.05.53:876][  0]LogDerivedDataCache: FDerivedDataBackendGraph:  Pak pak cache file U:/Atlas-Studios/Asteroids_2020/DerivedDataCache/DDC.ddp not found, will not use a pak cache.
[2020.03.06-09.05.53:876][  0]LogDerivedDataCache: Unable to find inner node Pak for hierarchical cache Hierarchy.
[2020.03.06-09.05.53:970][  0]LogDerivedDataCache: FDerivedDataBackendGraph:  CompressedPak pak cache file U:/Atlas-Studios/Asteroids_2020/DerivedDataCache/Compressed.ddp not found, will not use a pak cache.
[2020.03.06-09.05.53:970][  0]LogDerivedDataCache: Unable to find inner node CompressedPak for hierarchical cache Hierarchy.
[2020.03.06-09.05.54:009][  0]LogDerivedDataCache: Display: Pak cache opened for reading ../../../Engine/DerivedDataCache/Compressed.ddp.
[2020.03.06-09.05.54:009][  0]LogDerivedDataCache: FDerivedDataBackendGraph:  EnterprisePak pak cache file ../../../Enterprise/DerivedDataCache/Compressed.ddp not found, will not use a pak cache.
[2020.03.06-09.05.54:009][  0]LogDerivedDataCache: Unable to find inner node EnterprisePak for hierarchical cache Hierarchy.
[2020.03.06-09.05.54:021][  0]LogDerivedDataCache: Using Local data cache path C:/Users/v8074064/AppData/Local/UnrealEngine/Common/DerivedDataCache: Writable
[2020.03.06-09.05.54:021][  0]LogDerivedDataCache: Shared data cache path not found in *engine.ini, will not use an Shared cache.
[2020.03.06-09.05.54:021][  0]LogDerivedDataCache: Unable to find inner node Shared for hierarchical cache Hierarchy.
[2020.03.06-09.05.54:054][  0]LogMaterial: Verifying Global Shaders for PCD3D_SM5
[2020.03.06-09.05.54:055][  0]LogSlate: Using FreeType 2.6.0
[2020.03.06-09.05.54:056][  0]LogSlate: SlateFontServices - WITH_FREETYPE: 1, WITH_HARFBUZZ: 1
[2020.03.06-09.05.54:463][  0]LogAssetRegistry: FAssetRegistry took 0.3197 seconds to start up
[2020.03.06-09.05.55:575][  0]LogInit: Selected Device Profile: [Windows]
[2020.03.06-09.05.56:411][  0]LogSimplygon: Simplygon DLL not present - disabling.
[2020.03.06-09.05.56:414][  0]LogMeshReduction: Using SimplygonSwarm for distributed automatic mesh merging
[2020.03.06-09.05.56:414][  0]LogMeshReduction: Using ProxyLODMeshReduction for automatic mesh merging
[2020.03.06-09.05.56:414][  0]LogMeshReduction: Using QuadricMeshReduction for automatic static mesh reduction
[2020.03.06-09.05.56:414][  0]LogMeshReduction: No automatic skeletal mesh reduction module available
[2020.03.06-09.05.56:430][  0]LogNetVersion: Asteroids_2020 1.0.0, NetCL: 4541578, EngineNetVer: 5, GameNetVer: 0 (Checksum: 1957075933)
[2020.03.06-09.06.51:585][  0]LogPackageLocalizationCache: Processed 11 localized package path(s) for 2 prioritized culture(s) in 53.159571 seconds
[2020.03.06-09.06.51:597][  0]LogUObjectArray: 39775 objects as part of root set at end of initial load.
[2020.03.06-09.06.51:597][  0]LogUObjectAllocator: 6914656 out of 0 bytes used by permanent object pool.
[2020.03.06-09.06.51:597][  0]LogUObjectArray: CloseDisregardForGC: 0/0 objects in disregard for GC pool
[2020.03.06-09.06.55:685][  0]LogTcpMessaging: Initializing TcpMessaging bridge
[2020.03.06-09.06.55:699][  0]LogUdpMessaging: Initializing bridge on interface 0.0.0.0:0 to multicast group 230.0.0.1:6666.
[2020.03.06-09.06.55:701][  0]LogDirectoryWatcher: A directory notification failed for 'U:/Atlas-Studios/Asteroids_2020/Content/' because it was empty or there was a buffer overflow. Attemping another request...
[2020.03.06-09.06.57:322][  0]SourceControl: Source control is disabled
[2020.03.06-09.06.57:323][  0]SourceControl: Source control is disabled
[2020.03.06-09.06.57:326][  0]SourceControl: Source control is disabled
[2020.03.06-09.06.57:328][  0]SourceControl: Source control is disabled
[2020.03.06-09.07.01:902][  0]LogAndroidPermission: UAndroidPermissionCallbackProxy::GetInstance
[2020.03.06-09.07.02:782][  0]LogOcInput: OculusInput pre-init called
[2020.03.06-09.07.02:972][  0]LogEngine: Initializing Engine...
[2020.03.06-09.07.02:973][  0]LogHMD: Failed to initialize OpenVR with code 110
[2020.03.06-09.07.03:154][  0]LogStats: UGameplayTagsManager::ConstructGameplayTagTree: ImportINI prefixes -  0.000 s
[2020.03.06-09.07.03:154][  0]LogStats: UGameplayTagsManager::ConstructGameplayTagTree: Construct from data asset -  0.000 s
[2020.03.06-09.07.03:155][  0]LogStats: UGameplayTagsManager::ConstructGameplayTagTree: ImportINI -  0.000 s
[2020.03.06-09.07.03:155][  0]LogStats: UGameplayTagsManager::ConstructGameplayTagTree: GameplayTagTreeChangedEvent.Broadcast -  0.000 s
[2020.03.06-09.07.03:483][  0]LogInit: Initializing FReadOnlyCVARCache
[2020.03.06-09.07.03:496][  0]LogAIModule: Creating AISystem for world Untitled
[2020.03.06-09.07.03:695][  0]LogInit: XAudio2 using 'Speakers (Realtek High Definition Audio)' : 2 channels at 48 kHz using 32 bits per sample (channel mask 0x3)
[2020.03.06-09.07.03:772][  0]LogInit: FAudioDevice initialized.
[2020.03.06-09.07.03:773][  0]LogNetVersion: Set ProjectVersion to 1.0.0.0. Version Checksum will be recalculated on next use.
[2020.03.06-09.07.03:885][  0]LogDerivedDataCache: Saved boot cache 0.11s 71MB C:/Users/v8074064/AppData/Local/UnrealEngine/4.21/DerivedDataCache/Boot.ddc.
[2020.03.06-09.07.03:912][  0]LogInit: Texture streaming: Enabled
[2020.03.06-09.07.03:942][  0]LogEngineSessionManager: EngineSessionManager initialized
[2020.03.06-09.07.03:959][  0]LogInit: Transaction tracking system initialized
[2020.03.06-09.07.04:015][  0]BlueprintLog: New page: Editor Load
[2020.03.06-09.07.05:400][  0]LocalizationService: Localization service is disabled
[2020.03.06-09.07.20:762][  0]LogCook: Display: Max memory allowance for cook 16384mb min free memory 0mb
[2020.03.06-09.07.20:762][  0]LogCook: Display: Mobile HDR setting 1
[2020.03.06-09.07.20:762][  0]LogGameplayTags: Display: UGameplayTagsManager::DoneAddingNativeTags. DelegateIsBound: 0
[2020.03.06-09.07.20:762][  0]LogStats: UGameplayTagsManager::ConstructGameplayTagTree: ImportINI prefixes -  0.000 s
[2020.03.06-09.07.20:762][  0]LogStats: UGameplayTagsManager::ConstructGameplayTagTree: Construct from data asset -  0.000 s
[2020.03.06-09.07.20:918][  0]LogStats: UGameplayTagsManager::ConstructGameplayTagTree: ImportINI -  0.156 s
[2020.03.06-09.07.20:918][  0]LogStats: UGameplayTagsManager::ConstructGameplayTagTree: GameplayTagTreeChangedEvent.Broadcast -  0.000 s
[2020.03.06-09.07.21:882][  0]SourceControl: Source control is disabled
[2020.03.06-09.07.21:882][  0]Cmd: MAP LOAD FILE="U:/Atlas-Studios/Asteroids_2020/Content/StarterContent/Maps/Minimal_Default.umap" TEMPLATE=0 SHOWPROGRESS=1 FEATURELEVEL=3
[2020.03.06-09.07.23:098][  0]LightingResults: New page: Lighting Build
[2020.03.06-09.07.23:105][  0]MapCheck: New page: Map Check
[2020.03.06-09.07.23:106][  0]LightingResults: New page: Lighting Build
[2020.03.06-09.07.36:087][  0]LogFileCache: Scanning file cache for directory 'U:/Atlas-Studios/Asteroids_2020/Content/' took 14.54s
[2020.03.06-09.08.33:447][  0]LogAIModule: Creating AISystem for world Minimal_Default
[2020.03.06-09.08.33:491][  0]LogEditorServer: Finished looking for orphan Actors (0.000 secs)
[2020.03.06-09.08.33:532][  0]Cmd: MAP CHECKDEP NOCLEARLOG
[2020.03.06-09.08.33:532][  0]MapCheck: Map check complete: 0 Error(s), 0 Warning(s), took 0.27ms to complete.
[2020.03.06-09.08.33:532][  0]LogFileHelpers: Loading map 'Minimal_Default' took 71.650
[2020.03.06-09.08.34:057][  0]LogSlate: Updating window title bar state: overlay mode, drag disabled, window buttons hidden, title bar hidden
[2020.03.06-09.08.34:065][  0]LogSlate: Updating window title bar state: overlay mode, drag disabled, window buttons hidden, title bar hidden
[2020.03.06-09.08.34:072][  0]LogSlate: Updating window title bar state: overlay mode, drag disabled, window buttons hidden, title bar hidden
[2020.03.06-09.08.34:080][  0]LogSlate: Updating window title bar state: overlay mode, drag disabled, window buttons hidden, title bar hidden
[2020.03.06-09.08.35:502][  0]LogCollectionManager: Loaded 0 collections in 1.417403 seconds
[2020.03.06-09.08.36:165][  0]LogFileCache: Scanning file cache for directory 'U:/Atlas-Studios/Asteroids_2020/Saved/Collections/' took 0.01s
[2020.03.06-09.08.36:165][  0]LogFileCache: Scanning file cache for directory 'U:/Atlas-Studios/Asteroids_2020/Content/Developers/v8074064/Collections/' took 0.01s
[2020.03.06-09.08.36:165][  0]LogFileCache: Scanning file cache for directory 'U:/Atlas-Studios/Asteroids_2020/Content/Collections/' took 0.01s
[2020.03.06-09.08.36:165][  0]LogCollectionManager: Rebuilt the GUID cache for 0 collections in 0.000000 seconds
[2020.03.06-09.08.36:437][  0]LogContentBrowser: Native class hierarchy populated in 0.2714 seconds. Added 2660 classes and 625 folders.
[2020.03.06-09.08.36:450][  0]LogContentBrowser: Native class hierarchy updated for 'WidgetCarousel' in 0.0005 seconds. Added 0 classes and 0 folders.
[2020.03.06-09.08.36:453][  0]LogPakFile: Registered encryption key '00000000000000000000000000000000': 0 pak files mounted, 0 remain pending
[2020.03.06-09.08.36:694][  0]LogPakFile: Registered encryption key '00000000000000000000000000000000': 0 pak files mounted, 0 remain pending
[2020.03.06-09.08.36:696][  0]LogPakFile: Registered encryption key '00000000000000000000000000000000': 0 pak files mounted, 0 remain pending
[2020.03.06-09.08.36:698][  0]LogPakFile: Registered encryption key '00000000000000000000000000000000': 0 pak files mounted, 0 remain pending
[2020.03.06-09.08.36:699][  0]LogPakFile: Registered encryption key '00000000000000000000000000000000': 0 pak files mounted, 0 remain pending
[2020.03.06-09.08.36:701][  0]LogPakFile: Registered encryption key '00000000000000000000000000000000': 0 pak files mounted, 0 remain pending
[2020.03.06-09.08.36:702][  0]LogPakFile: Registered encryption key '00000000000000000000000000000000': 0 pak files mounted, 0 remain pending
[2020.03.06-09.08.36:704][  0]LogPakFile: Registered encryption key '00000000000000000000000000000000': 0 pak files mounted, 0 remain pending
[2020.03.06-09.08.36:705][  0]LogPakFile: Registered encryption key '00000000000000000000000000000000': 0 pak files mounted, 0 remain pending
[2020.03.06-09.08.36:707][  0]LogPakFile: Registered encryption key '00000000000000000000000000000000': 0 pak files mounted, 0 remain pending
[2020.03.06-09.08.36:708][  0]LogPakFile: Registered encryption key '00000000000000000000000000000000': 0 pak files mounted, 0 remain pending
[2020.03.06-09.08.36:710][  0]LogPakFile: Registered encryption key '00000000000000000000000000000000': 0 pak files mounted, 0 remain pending
[2020.03.06-09.08.36:712][  0]LogPakFile: Registered encryption key '00000000000000000000000000000000': 0 pak files mounted, 0 remain pending
[2020.03.06-09.08.36:713][  0]LogPakFile: Registered encryption key '00000000000000000000000000000000': 0 pak files mounted, 0 remain pending
[2020.03.06-09.08.36:715][  0]LogPakFile: Registered encryption key '00000000000000000000000000000000': 0 pak files mounted, 0 remain pending
[2020.03.06-09.08.36:716][  0]LogPakFile: Registered encryption key '00000000000000000000000000000000': 0 pak files mounted, 0 remain pending
[2020.03.06-09.08.36:717][  0]LogPakFile: Registered encryption key '00000000000000000000000000000000': 0 pak files mounted, 0 remain pending
[2020.03.06-09.08.36:718][  0]LogPakFile: Registered encryption key '00000000000000000000000000000000': 0 pak files mounted, 0 remain pending
[2020.03.06-09.08.36:719][  0]LogPakFile: Registered encryption key '00000000000000000000000000000000': 0 pak files mounted, 0 remain pending
[2020.03.06-09.08.36:720][  0]LogPakFile: Registered encryption key '00000000000000000000000000000000': 0 pak files mounted, 0 remain pending
[2020.03.06-09.08.36:721][  0]LogPakFile: Registered encryption key '00000000000000000000000000000000': 0 pak files mounted, 0 remain pending
[2020.03.06-09.08.36:722][  0]LogPakFile: Registered encryption key '00000000000000000000000000000000': 0 pak files mounted, 0 remain pending
[2020.03.06-09.08.36:723][  0]LogPakFile: Registered encryption key '00000000000000000000000000000000': 0 pak files mounted, 0 remain pending
[2020.03.06-09.08.36:724][  0]LogPakFile: Registered encryption key '00000000000000000000000000000000': 0 pak files mounted, 0 remain pending
[2020.03.06-09.08.36:725][  0]LogPakFile: Registered encryption key '00000000000000000000000000000000': 0 pak files mounted, 0 remain pending
[2020.03.06-09.08.36:726][  0]LogPakFile: Registered encryption key '00000000000000000000000000000000': 0 pak files mounted, 0 remain pending
[2020.03.06-09.08.36:781][  0]LogContentBrowser: Native class hierarchy updated for 'AddContentDialog' in 0.0003 seconds. Added 0 classes and 0 folders.
[2020.03.06-09.08.36:787][  0]LogContentBrowser: Native class hierarchy updated for 'SceneOutliner' in 0.0003 seconds. Added 1 classes and 2 folders.
[2020.03.06-09.08.37:108][  0]LogSlate: Took 0.000324 seconds to synchronously load lazily loaded font '../../../Engine/Content/Slate/Fonts/Roboto-Regular.ttf' (155K)
[2020.03.06-09.08.37:111][  0]LogSlate: Took 0.000216 seconds to synchronously load lazily loaded font '../../../Engine/Content/Slate/Fonts/Roboto-Bold.ttf' (160K)
[2020.03.06-09.08.37:119][  0]LogSlate: Took 0.000246 seconds to synchronously load lazily loaded font '../../../Engine/Content/Editor/Slate/Fonts/FontAwesome.ttf' (139K)
[2020.03.06-09.08.37:232][  0]LogRenderer: Reallocating scene render targets to support 1208x652 Format 10 NumSamples 1 (Frame:1).
[2020.03.06-09.08.37:736][  0]LogSlate: FSceneViewport::OnFocusLost() reason 2
[2020.03.06-09.08.37:767][  0]LogSlate: Window 'Tutorials' being destroyed
[2020.03.06-09.08.37:799][  0]LogContentBrowser: Native class hierarchy updated for 'HierarchicalLODOutliner' in 0.0005 seconds. Added 0 classes and 0 folders.
[2020.03.06-09.08.37:799][  0]LogLoad: (Engine Initialization) Total time: 226.41 seconds
[2020.03.06-09.08.37:799][  0]LogLoad: (Engine Initialization) Total Blueprint compile time: 0.00 seconds
[2020.03.06-09.08.37:872][  0]LogDirectoryWatcher: A directory notification failed for 'U:/Atlas-Studios/Asteroids_2020/Content/' because it was empty or there was a buffer overflow. Attemping another request...
[2020.03.06-09.08.38:054][  0]LogDirectoryWatcher: A directory notification failed for 'U:/Atlas-Studios/Asteroids_2020/Content/', and we were unable to create a new request.
[2020.03.06-09.08.38:054][  0]LogDirectoryWatcher: A directory notification failed for 'U:/Atlas-Studios/Asteroids_2020/Saved/Collections/' because it was empty or there was a buffer overflow. Attemping another request...
[2020.03.06-09.08.38:054][  0]LogDirectoryWatcher: A directory notification failed for 'U:/Atlas-Studios/Asteroids_2020/Content/Developers/v8074064/Collections/' because it was empty or there was a buffer overflow. Attemping another request...
[2020.03.06-09.08.38:054][  0]LogDirectoryWatcher: A directory notification failed for 'U:/Atlas-Studios/Asteroids_2020/Content/Collections/' because it was empty or there was a buffer overflow. Attemping another request...
[2020.03.06-09.08.38:058][  0]LogContentStreaming: Texture pool size now 1000 MB
[2020.03.06-09.08.38:122][  0]LogSlate: Took 0.000338 seconds to synchronously load lazily loaded font '../../../Engine/Content/Slate/Fonts/Roboto-Light.ttf' (167K)
[2020.03.06-09.08.39:297][  1]LogDirectoryWatcher: A directory notification failed for 'U:/Atlas-Studios/Asteroids_2020/Content/Developers/v8074064/Collections/' because it was empty or there was a buffer overflow. Attemping another request...
[2020.03.06-09.08.39:503][  1]LogDirectoryWatcher: A directory notification failed for 'U:/Atlas-Studios/Asteroids_2020/Content/Developers/v8074064/Collections/', and we were unable to create a new request.
[2020.03.06-09.08.39:503][  1]LogDirectoryWatcher: A directory notification failed for 'U:/Atlas-Studios/Asteroids_2020/Saved/Collections/' because it was empty or there was a buffer overflow. Attemping another request...
[2020.03.06-09.08.39:770][  1]LogDirectoryWatcher: A directory notification failed for 'U:/Atlas-Studios/Asteroids_2020/Saved/Collections/', and we were unable to create a new request.
[2020.03.06-09.08.39:770][  1]LogDirectoryWatcher: A directory notification failed for 'U:/Atlas-Studios/Asteroids_2020/Content/Collections/' because it was empty or there was a buffer overflow. Attemping another request...
[2020.03.06-09.08.39:978][  1]LogDirectoryWatcher: A directory notification failed for 'U:/Atlas-Studios/Asteroids_2020/Content/Collections/', and we were unable to create a new request.
[2020.03.06-09.08.41:210][  6]LogAssetRegistry: Asset discovery search completed in 166.7715 seconds
[2020.03.06-09.08.41:213][  6]LogCollectionManager: Rebuilt the object cache for 0 collections in 0.000000 seconds (found 0 objects)
[2020.03.06-09.08.41:213][  6]LogCollectionManager: Fixed up redirectors for 0 collections in 0.000073 seconds (updated 0 objects)
[2020.03.06-09.09.02:765][ 62]LogSlate: FSceneViewport::OnFocusLost() reason 0
[2020.03.06-09.09.06:557][197]LogSlate: Took 0.000456 seconds to synchronously load lazily loaded font '../../../Engine/Content/Slate/Fonts/Roboto-Light.ttf' (167K)
[2020.03.06-09.09.06:579][197]LogAssetEditorManager: Opening Asset editor for WidgetBlueprint /Game/IndividualFolders/Tom_Wych/User_Interface/Shop_Descriptions/Item_Description_four.Item_Description_four
[2020.03.06-09.09.07:323][197]LogContentBrowser: Native class hierarchy updated for 'BlueprintGraph' in 0.0006 seconds. Added 117 classes and 0 folders.
[2020.03.06-09.09.08:677][197]LogSlate: Took 0.000205 seconds to synchronously load lazily loaded font '../../../Engine/Content/Slate/Fonts/Roboto-BoldCondensed.ttf' (158K)
[2020.03.06-09.09.10:623][375]LogSlate: Window 'Item_Description_four' being destroyed
[2020.03.06-09.09.10:627][375]LogSlate: Window 'Item_Description_four' being destroyed
[2020.03.06-09.09.14:000][545]LogAssetEditorManager: Opening Asset editor for WidgetBlueprint /Game/IndividualFolders/Tom_Wych/User_Interface/TW_W_StationShop_2.TW_W_StationShop_2
[2020.03.06-09.09.20:215][835]LogSlate: Took 0.000304 seconds to synchronously load lazily loaded font '../../../Engine/Content/Slate/Fonts/Roboto-Italic.ttf' (157K)
[2020.03.06-09.09.24:794][101]BlueprintLog: New page: Compile TW_W_StationShop_2
[2020.03.06-09.09.28:283][373]LogTemp: Repeating last play command: Selected Viewport
[2020.03.06-09.09.28:658][373]LogBlueprintUserMessages: Early PlayInEditor Detection: Level '/Game/StarterContent/Maps/Minimal_Default.Minimal_Default:PersistentLevel' has LevelScriptBlueprint '/Game/StarterContent/Maps/Minimal_Default.Minimal_Default:PersistentLevel.Minimal_Default' with GeneratedClass '/Game/StarterContent/Maps/Minimal_Default.Minimal_Default_C' with ClassGeneratedBy '/Game/StarterContent/Maps/Minimal_Default.Minimal_Default:PersistentLevel.Minimal_Default'
[2020.03.06-09.09.28:658][373]LogPlayLevel: PlayLevel: No blueprints needed recompiling
[2020.03.06-09.09.28:659][373]PIE: New page: PIE session: Minimal_Default (6 Mar 2020 09:09:28)
[2020.03.06-09.09.28:675][373]LogPlayLevel: Creating play world package: /Game/StarterContent/Maps/UEDPIE_0_Minimal_Default
[2020.03.06-09.09.28:697][373]LogPlayLevel: PIE: StaticDuplicateObject took: (0.021715s)
[2020.03.06-09.09.28:698][373]LogAIModule: Creating AISystem for world Minimal_Default
[2020.03.06-09.09.28:699][373]LogPlayLevel: PIE: World Init took: (0.001455s)
[2020.03.06-09.09.28:699][373]LogPlayLevel: PIE: Created PIE world by copying editor world from /Game/StarterContent/Maps/Minimal_Default.Minimal_Default to /Game/StarterContent/Maps/UEDPIE_0_Minimal_Default.Minimal_Default (0.024018s)
[2020.03.06-09.09.28:779][373]LogInit: XAudio2 using 'Speakers (Realtek High Definition Audio)' : 2 channels at 48 kHz using 32 bits per sample (channel mask 0x3)
[2020.03.06-09.09.28:821][373]LogInit: FAudioDevice initialized.
[2020.03.06-09.09.28:869][373]LogLoad: Game class is 'GameModeBase'
[2020.03.06-09.09.28:875][373]LogWorld: Bringing World /Game/StarterContent/Maps/UEDPIE_0_Minimal_Default.Minimal_Default up for play (max tick rate 0) at 2020.03.06-09.09.28
[2020.03.06-09.09.28:884][373]LogWorld: Bringing up level for play took: 0.014455
[2020.03.06-09.09.29:030][373]LogContentBrowser: Native class hierarchy updated for 'MovieSceneCapture' in 0.1197 seconds. Added 20 classes and 0 folders.
[2020.03.06-09.09.29:039][373]PIE: Play in editor start time for /Game/StarterContent/Maps/UEDPIE_0_Minimal_Default -0.254
[2020.03.06-09.09.29:039][373]LogBlueprintUserMessages: Late PlayInEditor Detection: Level '/Game/StarterContent/Maps/Minimal_Default.Minimal_Default:PersistentLevel' has LevelScriptBlueprint '/Game/StarterContent/Maps/Minimal_Default.Minimal_Default:PersistentLevel.Minimal_Default' with GeneratedClass '/Game/StarterContent/Maps/Minimal_Default.Minimal_Default_C' with ClassGeneratedBy '/Game/StarterContent/Maps/Minimal_Default.Minimal_Default:PersistentLevel.Minimal_Default'
[2020.03.06-09.09.29:943][465]LogBlueprintUserMessages: Early EndPlayMap Detection: Level '/Game/StarterContent/Maps/Minimal_Default.Minimal_Default:PersistentLevel' has LevelScriptBlueprint '/Game/StarterContent/Maps/Minimal_Default.Minimal_Default:PersistentLevel.Minimal_Default' with GeneratedClass '/Game/StarterContent/Maps/Minimal_Default.Minimal_Default_C' with ClassGeneratedBy '/Game/StarterContent/Maps/Minimal_Default.Minimal_Default:PersistentLevel.Minimal_Default'
[2020.03.06-09.09.29:943][465]LogSlate: Updating window title bar state: overlay mode, drag disabled, window buttons hidden, title bar hidden
[2020.03.06-09.09.29:980][465]LogPlayLevel: Display: Shutting down PIE online subsystems
[2020.03.06-09.09.29:980][465]LogBlueprintUserMessages: Late EndPlayMap Detection: Level '/Game/StarterContent/Maps/Minimal_Default.Minimal_Default:PersistentLevel' has LevelScriptBlueprint '/Game/StarterContent/Maps/Minimal_Default.Minimal_Default:PersistentLevel.Minimal_Default' with GeneratedClass '/Game/StarterContent/Maps/Minimal_Default.Minimal_Default_C' with ClassGeneratedBy '/Game/StarterContent/Maps/Minimal_Default.Minimal_Default:PersistentLevel.Minimal_Default'
[2020.03.06-09.09.30:012][465]LogSlate: Updating window title bar state: overlay mode, drag disabled, window buttons hidden, title bar hidden
[2020.03.06-09.09.30:054][468]LogPlayLevel: Display: Destroying online subsystem :Context_5
[2020.03.06-09.09.33:134][637]LogLinker: Warning: Can't find file '/Game/IndividualFolders/Dana_Tommy/User_Interface/TW_W_StationShop'
[2020.03.06-09.09.33:135][637]LogLinker: Warning: Can't find file for asset '/Game/IndividualFolders/Dana_Tommy/User_Interface/TW_W_StationShop' while loading U:/Atlas-Studios/Asteroids_2020/Content/IndividualFolders/Tom_Wych/User_Interface/TW_W_StationShop.uasset.
[2020.03.06-09.09.33:135][637]LoadErrors: Error: /Game/IndividualFolders/Tom_Wych/User_Interface/TW_W_StationShop : Can't find file for asset. /Game/IndividualFolders/Dana_Tommy/User_Interface/TW_W_StationShop
[2020.03.06-09.09.33:136][637]LogLinker: Warning: Can't find file '/Game/IndividualFolders/Dana_Tommy/User_Interface/TW_W_StationShop'
[2020.03.06-09.09.33:136][637]LogLinker: Warning: Can't find file for asset '/Game/IndividualFolders/Dana_Tommy/User_Interface/TW_W_StationShop' while loading U:/Atlas-Studios/Asteroids_2020/Content/IndividualFolders/Tom_Wych/User_Interface/TW_W_StationShop.uasset.
[2020.03.06-09.09.33:137][637]LogLinker: Warning: Can't find file '/Game/IndividualFolders/Dana_Tommy/User_Interface/TW_W_StationShop'
[2020.03.06-09.09.33:137][637]LogLinker: Warning: Can't find file for asset '/Game/IndividualFolders/Dana_Tommy/User_Interface/TW_W_StationShop' while loading U:/Atlas-Studios/Asteroids_2020/Content/IndividualFolders/Tom_Wych/User_Interface/TW_W_StationShop.uasset.
[2020.03.06-09.09.33:138][637]LogLinker: Warning: Can't find file '/Game/IndividualFolders/Dana_Tommy/User_Interface/TW_W_StationShop'
[2020.03.06-09.09.33:138][637]LogLinker: Warning: Can't find file for asset '/Game/IndividualFolders/Dana_Tommy/User_Interface/TW_W_StationShop' while loading U:/Atlas-Studios/Asteroids_2020/Content/IndividualFolders/Tom_Wych/User_Interface/TW_W_StationShop.uasset.
[2020.03.06-09.09.33:139][637]LogLinker: Warning: Can't find file '/Game/IndividualFolders/Dana_Tommy/User_Interface/TW_W_StationShop'
[2020.03.06-09.09.33:139][637]LoadErrors: Failed to load /Game/IndividualFolders/Dana_Tommy/User_Interface/TW_W_StationShop.Default__TW_W_StationShop_C Referenced by Default__TW_W_StationShop_C
[2020.03.06-09.09.33:140][637]LogLinker: Warning: Can't find file for asset '/Game/IndividualFolders/Dana_Tommy/User_Interface/TW_W_StationShop' while loading U:/Atlas-Studios/Asteroids_2020/Content/IndividualFolders/Tom_Wych/Shop_Vendor.umap.
[2020.03.06-09.09.33:140][637]LoadErrors: Error: /Game/IndividualFolders/Tom_Wych/Shop_Vendor : Can't find file for asset. /Game/IndividualFolders/Dana_Tommy/User_Interface/TW_W_StationShop
[2020.03.06-09.09.33:140][637]LogLinker: Warning: Can't find file '/Game/IndividualFolders/Dana_Tommy/User_Interface/TW_W_StationShop'
[2020.03.06-09.09.33:141][637]LoadErrors: Failed to load /Game/IndividualFolders/Dana_Tommy/User_Interface/TW_W_StationShop.TW_W_StationShop Referenced by TW_W_StationShop
[2020.03.06-09.09.33:141][637]LogLinker: Warning: Can't find file for asset '/Game/IndividualFolders/Dana_Tommy/User_Interface/TW_W_StationShop' while loading U:/Atlas-Studios/Asteroids_2020/Content/IndividualFolders/Tom_Wych/Shop_Vendor.umap.
[2020.03.06-09.09.33:142][637]LogLinker: Warning: Can't find file '/Game/IndividualFolders/Dana_Tommy/User_Interface/TW_W_StationShop'
[2020.03.06-09.09.33:142][637]LoadErrors: Failed to load /Game/IndividualFolders/Dana_Tommy/User_Interface/TW_W_StationShop.TW_W_StationShop_C Referenced by TW_W_StationShop_C
[2020.03.06-09.09.33:142][637]LogLinker: Warning: Can't find file for asset '/Game/IndividualFolders/Dana_Tommy/User_Interface/TW_W_StationShop' while loading U:/Atlas-Studios/Asteroids_2020/Content/IndividualFolders/Tom_Wych/Shop_Vendor.umap.
[2020.03.06-09.09.38:120][637]LogLinker: Warning: Can't find file '/Game/IndividualFolders/Dana_Tommy/User_Interface/TW_W_StationShop'
[2020.03.06-09.09.38:121][637]LogLinker: Warning: Can't find file for asset '/Game/IndividualFolders/Dana_Tommy/User_Interface/TW_W_StationShop' while loading U:/Atlas-Studios/Asteroids_2020/Content/IndividualFolders/Tom_Wych/Shop_Vendor.umap.
[2020.03.06-09.09.38:128][637]LogBlueprint: Error: [Compiler PersistentLevel.Shop_Vendor] Spawn node  Create Widget  must have a class specified.
[2020.03.06-09.09.38:130][637]LogBlueprint: Warning: [Compiler PersistentLevel.Shop_Vendor] [0286.75] Compile of PersistentLevel.Shop_Vendor failed. 1 Fatal Issue(s) 0 Warning(s) [in 4 ms] (/Game/IndividualFolders/Tom_Wych/Shop_Vendor.Shop_Vendor:PersistentLevel.Shop_Vendor)
[2020.03.06-09.09.38:391][637]LogAIModule: Creating AISystem for world Shop_Vendor
[2020.03.06-09.09.38:401][637]LogAssetEditorManager: Opening Asset editor for World /Game/IndividualFolders/Tom_Wych/Shop_Vendor.Shop_Vendor
[2020.03.06-09.09.38:457][637]Cmd: MAP LOAD FILE="U:/Atlas-Studios/Asteroids_2020/Content/IndividualFolders/Tom_Wych/Shop_Vendor.umap" TEMPLATE=0 SHOWPROGRESS=1 FEATURELEVEL=3
[2020.03.06-09.09.38:458][637]LightingResults: New page: Lighting Build
[2020.03.06-09.09.38:458][637]LoadErrors: New page: Loading map: Shop_Vendor.umap
[2020.03.06-09.09.38:683][637]MapCheck: New page: Map Check
[2020.03.06-09.09.38:683][637]LightingResults: New page: Lighting Build
[2020.03.06-09.09.38:982][637]LogEditorServer: Finished looking for orphan Actors (0.000 secs)
[2020.03.06-09.09.39:888][637]Cmd: MAP CHECKDEP NOCLEARLOG
[2020.03.06-09.09.39:895][637]MapCheck: Map check complete: 0 Error(s), 0 Warning(s), took 5.872ms to complete.
[2020.03.06-09.09.39:895][637]LogFileHelpers: Loading map 'Shop_Vendor' took 1.438
[2020.03.06-09.09.40:390][637]LoadErrors: Error: /Game/IndividualFolders/Tom_Wych/Shop_Vendor : Failed import for WidgetBlueprintGeneratedClass /Game/IndividualFolders/Tom_Wych/User_Interface/TW_W_StationShop.TW_W_StationShop_C [redirection] in /Game/IndividualFolders/Tom_Wych/Shop_Vendor Referenced by export ObjectProperty /Game/IndividualFolders/Tom_Wych/Shop_Vendor.Shop_Vendor_C:ExecuteUbergraph_Shop_Vendor.CallFunc_Create_ReturnValue Referenced by export Function /Game/IndividualFolders/Tom_Wych/Shop_Vendor.Shop_Vendor_C:ExecuteUbergraph_Shop_Vendor Referenced by export K2Node_CreateWidget /Game/IndividualFolders/Tom_Wych/Shop_Vendor.Shop_Vendor:PersistentLevel.Shop_Vendor.EventGraph.K2Node_CreateWidget_0
[2020.03.06-09.09.43:086][818]LogTemp: Repeating last play command: Selected Viewport
[2020.03.06-09.09.43:591][818]LogBlueprintUserMessages: Early PlayInEditor Detection: Level '/Game/IndividualFolders/Tom_Wych/Shop_Vendor.Shop_Vendor:PersistentLevel' has LevelScriptBlueprint '/Game/IndividualFolders/Tom_Wych/Shop_Vendor.Shop_Vendor:PersistentLevel.Shop_Vendor' with GeneratedClass '/Game/IndividualFolders/Tom_Wych/Shop_Vendor.Shop_Vendor_C' with ClassGeneratedBy '/Game/IndividualFolders/Tom_Wych/Shop_Vendor.Shop_Vendor:PersistentLevel.Shop_Vendor'
[2020.03.06-09.09.43:591][818]BlueprintLog: New page: Pre-Play auto-recompile
[2020.03.06-09.09.43:598][818]LogPlayLevel: [PlayLevel] Compiling Shop_Vendor before play...
[2020.03.06-09.09.43:605][818]LogBlueprint: Error: [Compiler PersistentLevel.Shop_Vendor] Spawn node  Create Widget  must have a class specified.
[2020.03.06-09.09.43:607][818]LogBlueprint: Warning: [Compiler PersistentLevel.Shop_Vendor] [0292.22] Compile of PersistentLevel.Shop_Vendor failed. 1 Fatal Issue(s) 0 Warning(s) [in 9 ms] (/Game/IndividualFolders/Tom_Wych/Shop_Vendor.Shop_Vendor:PersistentLevel.Shop_Vendor)
[2020.03.06-09.09.45:513][818]LogPlayLevel: PlayLevel: Blueprint regeneration took 1922 ms (1 blueprints)
[2020.03.06-09.09.45:514][818]BlueprintLog: Blueprint Shop_Vendor failed to compile
[2020.03.06-09.09.49:874][818]LogSlate: Window 'Message' being destroyed
[2020.03.06-09.09.55:462][183]LogAssetEditorManager: Opening Asset editor for LevelScriptBlueprint /Game/IndividualFolders/Tom_Wych/Shop_Vendor.Shop_Vendor:PersistentLevel.Shop_Vendor
[2020.03.06-09.10.02:698][797]BlueprintLog: New page: Compile Shop_Vendor
[2020.03.06-09.10.04:450][962]LogTemp: Repeating last play command: Selected Viewport
[2020.03.06-09.10.04:729][962]LogBlueprintUserMessages: Early PlayInEditor Detection: Level '/Game/IndividualFolders/Tom_Wych/Shop_Vendor.Shop_Vendor:PersistentLevel' has LevelScriptBlueprint '/Game/IndividualFolders/Tom_Wych/Shop_Vendor.Shop_Vendor:PersistentLevel.Shop_Vendor' with GeneratedClass '/Game/IndividualFolders/Tom_Wych/Shop_Vendor.Shop_Vendor_C' with ClassGeneratedBy '/Game/IndividualFolders/Tom_Wych/Shop_Vendor.Shop_Vendor:PersistentLevel.Shop_Vendor'
[2020.03.06-09.10.04:729][962]LogPlayLevel: PlayLevel: No blueprints needed recompiling
[2020.03.06-09.10.04:730][962]PIE: New page: PIE session: Shop_Vendor (6 Mar 2020 09:10:04)
[2020.03.06-09.10.04:730][962]LogPlayLevel: Creating play world package: /Game/IndividualFolders/Tom_Wych/UEDPIE_0_Shop_Vendor
[2020.03.06-09.10.04:733][962]LogPlayLevel: PIE: StaticDuplicateObject took: (0.002895s)
[2020.03.06-09.10.04:734][962]LogAIModule: Creating AISystem for world Shop_Vendor
[2020.03.06-09.10.04:735][962]LogPlayLevel: PIE: World Init took: (0.001624s)
[2020.03.06-09.10.04:735][962]LogPlayLevel: PIE: Created PIE world by copying editor world from /Game/IndividualFolders/Tom_Wych/Shop_Vendor.Shop_Vendor to /Game/IndividualFolders/Tom_Wych/UEDPIE_0_Shop_Vendor.Shop_Vendor (0.005214s)
[2020.03.06-09.10.04:810][962]LogInit: XAudio2 using 'Speakers (Realtek High Definition Audio)' : 2 channels at 48 kHz using 32 bits per sample (channel mask 0x3)
[2020.03.06-09.10.04:848][962]LogInit: FAudioDevice initialized.
[2020.03.06-09.10.04:882][962]LogLoad: Game class is 'GameModeBase'
[2020.03.06-09.10.04:884][962]LogWorld: Bringing World /Game/IndividualFolders/Tom_Wych/UEDPIE_0_Shop_Vendor.Shop_Vendor up for play (max tick rate 0) at 2020.03.06-09.10.04
[2020.03.06-09.10.04:884][962]LogWorld: Bringing up level for play took: 0.001073
[2020.03.06-09.10.04:901][962]PIE: Play in editor start time for /Game/IndividualFolders/Tom_Wych/UEDPIE_0_Shop_Vendor -0.392
[2020.03.06-09.10.04:901][962]LogBlueprintUserMessages: Late PlayInEditor Detection: Level '/Game/IndividualFolders/Tom_Wych/Shop_Vendor.Shop_Vendor:PersistentLevel' has LevelScriptBlueprint '/Game/IndividualFolders/Tom_Wych/Shop_Vendor.Shop_Vendor:PersistentLevel.Shop_Vendor' with GeneratedClass '/Game/IndividualFolders/Tom_Wych/Shop_Vendor.Shop_Vendor_C' with ClassGeneratedBy '/Game/IndividualFolders/Tom_Wych/Shop_Vendor.Shop_Vendor:PersistentLevel.Shop_Vendor'
[2020.03.06-09.10.11:908][760]LogSlate: FSceneViewport::OnFocusLost() reason 0
[2020.03.06-09.10.12:668][846]LogBlueprintUserMessages: Early EndPlayMap Detection: Level '/Game/IndividualFolders/Tom_Wych/Shop_Vendor.Shop_Vendor:PersistentLevel' has LevelScriptBlueprint '/Game/IndividualFolders/Tom_Wych/Shop_Vendor.Shop_Vendor:PersistentLevel.Shop_Vendor' with GeneratedClass '/Game/IndividualFolders/Tom_Wych/Shop_Vendor.Shop_Vendor_C' with ClassGeneratedBy '/Game/IndividualFolders/Tom_Wych/Shop_Vendor.Shop_Vendor:PersistentLevel.Shop_Vendor'
[2020.03.06-09.10.12:668][846]LogSlate: Updating window title bar state: overlay mode, drag disabled, window buttons hidden, title bar hidden
[2020.03.06-09.10.12:702][846]LogPlayLevel: Display: Shutting down PIE online subsystems
[2020.03.06-09.10.12:703][846]LogBlueprintUserMessages: Late EndPlayMap Detection: Level '/Game/IndividualFolders/Tom_Wych/Shop_Vendor.Shop_Vendor:PersistentLevel' has LevelScriptBlueprint '/Game/IndividualFolders/Tom_Wych/Shop_Vendor.Shop_Vendor:PersistentLevel.Shop_Vendor' with GeneratedClass '/Game/IndividualFolders/Tom_Wych/Shop_Vendor.Shop_Vendor_C' with ClassGeneratedBy '/Game/IndividualFolders/Tom_Wych/Shop_Vendor.Shop_Vendor:PersistentLevel.Shop_Vendor'
[2020.03.06-09.10.12:739][846]LogSlate: Updating window title bar state: overlay mode, drag disabled, window buttons hidden, title bar hidden
[2020.03.06-09.10.12:772][847]LogPlayLevel: Display: Destroying online subsystem :Context_9
[2020.03.06-09.10.56:729][636]LogSavePackage: Moving 'U:/Atlas-Studios/Asteroids_2020/Saved/Shop_Vendor0A78A9CD49829274DA152D8525908643.tmp' to 'U:/Atlas-Studios/Asteroids_2020/Content/IndividualFolders/Tom_Wych/Shop_Vendor.umap'
[2020.03.06-09.10.59:082][636]LogFileHelpers: Saving map 'Shop_Vendor' took 17.997
